08/26/2021,09:39:53,0.80,53.161797,8.639354,0.19,0
08/26/2021,09:39:54,0.80,53.161800,8.639355,0.22,12
08/26/2021,09:39:55,0.80,53.161800,8.639355,0.04,12
08/26/2021,09:39:56,0.80,53.161800,8.639356,0.11,12
08/26/2021,09:39:57,0.80,53.161800,8.639357,0.06,12
08/26/2021,09:39:58,0.80,53.161800,8.639357,0.09,12
08/26/2021,09:40:00,0.80,53.161800,8.639357,0.07,12
08/26/2021,09:40:01,0.80,53.161800,8.639356,0.13,12
08/26/2021,09:40:02,0.80,53.161800,8.639355,0.11,12
08/26/2021,09:40:03,0.80,53.161800,8.639355,0.20,12
08/26/2021,09:40:04,0.80,53.161800,8.639356,0.15,12
08/26/2021,09:40:06,0.80,53.161800,8.639359,0.17,12
08/26/2021,09:40:07,0.80,53.161800,8.639362,0.11,12
08/26/2021,09:40:08,0.80,53.161804,8.639365,0.02,12
08/26/2021,09:40:09,0.80,53.161800,8.639369,0.09,12
08/26/2021,09:40:10,0.80,53.161800,8.639370,0.09,12
08/26/2021,09:40:11,0.80,53.161800,8.639369,0.17,12
08/26/2021,09:40:12,0.80,53.161800,8.639367,0.28,12
08/26/2021,09:40:13,0.80,53.161800,8.639366,0.13,12
08/26/2021,09:40:15,0.80,53.161797,8.639366,0.19,12
08/26/2021,09:40:16,0.80,53.161797,8.639366,0.24,12
08/26/2021,09:40:17,0.80,53.161797,8.639365,0.22,12
08/26/2021,09:40:18,0.80,53.161800,8.639357,0.39,12
08/26/2021,09:40:19,0.80,53.161797,8.639359,0.20,12
08/26/2021,09:40:20,0.80,53.161797,8.639359,0.35,12
08/26/2021,09:40:21,0.80,53.161800,8.639357,0.70,12
08/26/2021,09:40:23,0.80,53.161800,8.639353,0.39,12
08/26/2021,09:40:24,0.80,53.161800,8.639352,0.09,12
08/26/2021,09:40:25,0.80,53.161800,8.639349,0.06,12
08/26/2021,09:40:26,0.80,53.161804,8.639347,0.41,12
08/26/2021,09:40:27,0.80,53.161800,8.639343,0.76,12
08/26/2021,09:40:28,0.80,53.161800,8.639340,0.33,12
08/26/2021,09:40:29,0.80,53.161800,8.639339,0.09,12
08/26/2021,09:40:30,0.80,53.161800,8.639339,0.04,12
08/26/2021,09:40:32,0.80,53.161800,8.639340,0.11,12
08/26/2021,09:40:33,0.80,53.161800,8.639341,0.15,12
08/26/2021,09:40:34,0.80,53.161800,8.639338,0.11,12
08/26/2021,09:40:35,0.80,53.161800,8.639338,0.24,12
08/26/2021,09:40:36,0.80,53.161800,8.639337,0.30,12
08/26/2021,09:40:37,0.80,53.161800,8.639335,0.19,12
08/26/2021,09:40:38,0.80,53.161800,8.639334,0.19,12
08/26/2021,09:40:40,0.80,53.161800,8.639332,0.30,12
08/26/2021,09:40:41,0.80,53.161800,8.639332,0.24,12
08/26/2021,09:40:42,0.80,53.161800,8.639332,0.22,12
08/26/2021,09:40:43,0.80,53.161800,8.639330,0.07,12
08/26/2021,09:40:44,0.80,53.161800,8.639328,0.15,12
08/26/2021,09:40:45,0.80,53.161800,8.639329,0.11,12
08/26/2021,09:40:46,0.80,53.161800,8.639330,0.41,12
08/26/2021,09:40:47,0.80,53.161800,8.639329,0.22,12
08/26/2021,09:40:49,0.80,53.161800,8.639331,0.22,12
08/26/2021,09:40:50,0.80,53.161800,8.639332,0.28,12
08/26/2021,09:40:51,0.80,53.161804,8.639336,0.74,12
08/26/2021,09:40:52,0.80,53.161804,8.639339,0.78,12
08/26/2021,09:40:53,0.80,53.161804,8.639340,0.63,12
08/26/2021,09:40:54,0.80,53.161804,8.639339,0.22,12
08/26/2021,09:40:55,0.80,53.161804,8.639345,0.07,12
08/26/2021,09:40:56,0.80,53.161804,8.639347,0.07,12
08/26/2021,09:40:58,0.80,53.161804,8.639345,0.15,12
08/26/2021,09:40:59,0.80,53.161804,8.639344,0.11,12
08/26/2021,09:41:00,0.80,53.161804,8.639345,0.07,12
08/26/2021,09:41:01,0.80,53.161804,8.639345,0.06,12
08/26/2021,09:41:02,0.80,53.161804,8.639343,0.30,12
08/26/2021,09:41:03,0.80,53.161804,8.639343,0.28,12
08/26/2021,09:41:04,0.80,53.161804,8.639344,1.13,12
08/26/2021,09:41:06,0.80,53.161797,8.639351,1.28,12
08/26/2021,09:41:07,0.80,53.161789,8.639354,2.26,12
08/26/2021,09:41:08,1.00,53.161781,8.639357,2.50,12
08/26/2021,09:41:09,1.00,53.161774,8.639359,3.02,12
08/26/2021,09:41:10,1.00,53.161766,8.639363,2.67,12
08/26/2021,09:41:12,1.00,53.161751,8.639368,2.65,12
08/26/2021,09:41:13,1.00,53.161743,8.639366,2.26,12
08/26/2021,09:41:14,1.00,53.161739,8.639366,1.74,12
08/26/2021,09:41:15,1.00,53.161736,8.639366,1.74,12
08/26/2021,09:41:16,1.20,53.161732,8.639373,1.94,12
08/26/2021,09:41:17,1.20,53.161732,8.639378,1.57,12
08/26/2021,09:41:19,1.20,53.161728,8.639387,1.61,12
08/26/2021,09:41:20,1.20,53.161724,8.639391,0.85,12
08/26/2021,09:41:21,1.20,53.161724,8.639394,1.07,12
08/26/2021,09:41:22,1.20,53.161720,8.639395,0.69,12
08/26/2021,09:41:23,1.20,53.161720,8.639398,0.93,12
08/26/2021,09:41:24,1.20,53.161720,8.639400,0.78,12
08/26/2021,09:41:25,1.20,53.161720,8.639401,0.74,12
08/26/2021,09:41:27,1.20,53.161713,8.639403,0.96,12
08/26/2021,09:41:28,1.20,53.161713,8.639405,1.76,12
08/26/2021,09:41:29,1.20,53.161705,8.639406,1.98,12
08/26/2021,09:41:30,1.20,53.161701,8.639407,2.65,12
08/26/2021,09:41:31,1.20,53.161694,8.639404,2.96,12
08/26/2021,09:41:32,1.20,53.161686,8.639397,4.15,12
08/26/2021,09:41:33,1.20,53.161678,8.639385,4.44,12
08/26/2021,09:41:35,1.20,53.161663,8.639362,4.07,12
08/26/2021,09:41:36,1.20,53.161655,8.639350,3.78,12
08/26/2021,09:41:38,1.30,53.161644,8.639325,4.30,12
08/26/2021,09:41:39,1.40,53.161636,8.639311,4.24,12
08/26/2021,09:41:40,0.00,53.161629,8.639297,3.93,12
08/26/2021,09:41:41,1.40,53.161625,8.639286,3.78,12
08/26/2021,09:41:42,1.40,53.161617,8.639274,4.07,12
08/26/2021,09:41:44,1.40,53.161602,8.639247,4.52,12
08/26/2021,09:41:45,1.40,53.161591,8.639234,4.96,12
08/26/2021,09:41:46,1.40,53.161583,8.639221,4.48,12
08/26/2021,09:41:47,1.40,53.161572,8.639210,4.83,12
08/26/2021,09:41:48,1.40,53.161560,8.639198,5.07,12
08/26/2021,09:41:49,1.40,53.161552,8.639186,4.70,12
08/26/2021,09:41:50,1.40,53.161541,8.639176,4.30,12
08/26/2021,09:41:51,1.40,53.161533,8.639164,4.57,12
08/26/2021,09:41:53,1.40,53.161518,8.639138,4.69,12
08/26/2021,09:41:54,1.40,53.161510,8.639125,4.09,12
08/26/2021,09:41:55,1.40,53.161507,8.639110,4.46,12
08/26/2021,09:41:56,1.40,53.161499,8.639093,4.52,12
08/26/2021,09:41:57,1.40,53.161491,8.639079,4.32,12
08/26/2021,09:41:58,1.40,53.161488,8.639063,4.09,12
08/26/2021,09:41:59,1.40,53.161484,8.639047,4.48,12
08/26/2021,09:42:00,1.40,53.161476,8.639031,4.11,12
08/26/2021,09:42:02,1.40,53.161465,8.639005,4.17,12
08/26/2021,09:42:03,1.40,53.161457,8.638990,4.37,12
08/26/2021,09:42:04,1.40,53.161449,8.638976,4.50,12
08/26/2021,09:42:05,1.40,53.161442,8.638964,4.37,12
08/26/2021,09:42:06,1.40,53.161434,8.638949,4.43,12
08/26/2021,09:42:07,1.40,53.161427,8.638936,4.48,12
08/26/2021,09:42:08,1.40,53.161419,8.638925,4.28,12
08/26/2021,09:42:10,0.00,53.161404,8.638898,4.41,12
08/26/2021,09:42:11,1.40,53.161396,8.638886,4.04,12
08/26/2021,09:42:12,1.40,53.161388,8.638874,4.26,12
08/26/2021,09:42:13,1.40,53.161377,8.638864,4.33,12
08/26/2021,09:42:14,1.40,53.161369,8.638852,4.98,12
08/26/2021,09:42:15,1.40,53.161358,8.638841,4.89,12
08/26/2021,09:42:17,1.40,53.161335,8.638819,5.11,12
08/26/2021,09:42:18,1.40,53.161327,8.638808,4.76,12
08/26/2021,09:42:19,1.40,53.161316,8.638797,5.04,12
08/26/2021,09:42:21,1.40,53.161297,8.638770,4.91,12
08/26/2021,09:42:22,1.40,53.161285,8.638756,5.13,12
08/26/2021,09:42:23,1.40,53.161274,8.638742,4.94,12
08/26/2021,09:42:24,1.40,53.161266,8.638731,5.04,12
08/26/2021,09:42:25,1.40,53.161255,8.638722,4.76,12
08/26/2021,09:42:26,1.40,53.161243,8.638718,4.83,12
08/26/2021,09:42:27,1.40,53.161232,8.638713,4.20,12
08/26/2021,09:42:28,1.40,53.161221,8.638712,4.26,12
08/26/2021,09:42:30,1.40,53.161198,8.638717,4.22,12
08/26/2021,09:42:31,1.20,53.161190,8.638723,4.63,12
08/26/2021,09:42:32,1.40,53.161179,8.638734,4.06,12
08/26/2021,09:42:33,1.50,53.161171,8.638746,4.26,12
08/26/2021,09:42:34,1.50,53.161163,8.638762,4.56,12
08/26/2021,09:42:35,1.70,53.161160,8.638777,4.24,12
08/26/2021,09:42:36,1.70,53.161152,8.638792,3.91,12
08/26/2021,09:42:38,1.70,53.161140,8.638818,4.00,12
08/26/2021,09:42:39,1.70,53.161133,8.638826,2.28,12
08/26/2021,09:42:40,1.70,53.161129,8.638830,2.48,12
08/26/2021,09:42:41,1.70,53.161121,8.638831,2.85,12
08/26/2021,09:42:42,1.70,53.161114,8.638825,3.69,12
08/26/2021,09:42:43,0.00,53.161106,8.638810,4.94,12
08/26/2021,09:42:44,1.70,53.161102,8.638794,4.41,12
08/26/2021,09:42:45,1.70,53.161095,8.638777,4.44,12
08/26/2021,09:42:47,1.70,53.161091,8.638736,5.02,12
08/26/2021,09:42:48,1.70,53.161095,8.638714,5.19,12
08/26/2021,09:42:49,1.70,53.161098,8.638692,5.07,12
08/26/2021,09:42:50,1.70,53.161102,8.638674,4.52,12
08/26/2021,09:42:51,1.70,53.161106,8.638658,4.26,12
08/26/2021,09:42:52,1.70,53.161110,8.638644,3.87,12
08/26/2021,09:42:53,1.50,53.161118,8.638632,3.46,12
08/26/2021,09:42:54,1.60,53.161121,8.638618,4.32,12
08/26/2021,09:42:56,1.50,53.161133,8.638588,4.78,12
08/26/2021,09:42:57,1.50,53.161140,8.638573,4.20,12
08/26/2021,09:42:58,1.50,53.161144,8.638556,4.65,12
08/26/2021,09:42:59,1.50,53.161152,8.638542,3.93,12
08/26/2021,09:43:00,1.50,53.161156,8.638527,4.56,12
08/26/2021,09:43:01,1.50,53.161163,8.638510,4.74,12
08/26/2021,09:43:02,1.50,53.161167,8.638493,4.59,12
08/26/2021,09:43:03,1.50,53.161175,8.638477,5.33,12
08/26/2021,09:43:05,1.50,53.161194,8.638446,4.39,12
08/26/2021,09:43:06,1.40,53.161201,8.638431,4.76,12
08/26/2021,09:43:07,1.40,53.161209,8.638417,4.26,12
08/26/2021,09:43:08,1.40,53.161217,8.638405,4.07,12
08/26/2021,09:43:09,1.40,53.161224,8.638391,3.94,12
08/26/2021,09:43:10,1.40,53.161232,8.638379,4.32,12
08/26/2021,09:43:11,1.30,53.161240,8.638368,4.63,12
08/26/2021,09:43:13,1.30,53.161255,8.638342,4.50,12
08/26/2021,09:43:14,1.20,53.161263,8.638330,4.24,12
08/26/2021,09:43:15,1.20,53.161270,8.638320,3.13,12
08/26/2021,09:43:16,1.20,53.161278,8.638311,3.39,12
08/26/2021,09:43:17,1.00,53.161285,8.638302,3.82,12
08/26/2021,09:43:18,1.00,53.161293,8.638293,3.48,12
08/26/2021,09:43:19,1.00,53.161301,8.638288,2.72,12
08/26/2021,09:43:20,1.00,53.161308,8.638285,2.76,12
08/26/2021,09:43:22,1.00,53.161324,8.638286,3.59,12
08/26/2021,09:43:23,1.00,53.161331,8.638286,3.67,12
08/26/2021,09:43:24,0.80,53.161339,8.638292,4.00,12
08/26/2021,09:43:26,0.80,53.161354,8.638309,3.52,12
08/26/2021,09:43:27,0.90,53.161358,8.638320,3.93,12
08/26/2021,09:43:28,1.00,53.161366,8.638331,3.63,12
08/26/2021,09:43:29,1.20,53.161369,8.638343,4.04,12
08/26/2021,09:43:30,1.20,53.161377,8.638354,4.09,12
08/26/2021,09:43:31,1.20,53.161385,8.638366,4.13,12
08/26/2021,09:43:32,1.20,53.161388,8.638378,4.04,12
08/26/2021,09:43:34,1.00,53.161407,8.638404,4.17,12
08/26/2021,09:43:35,1.00,53.161415,8.638417,4.48,12
08/26/2021,09:43:36,1.00,53.161423,8.638431,4.82,12
08/26/2021,09:43:37,1.00,53.161434,8.638442,4.20,12
08/26/2021,09:43:38,1.00,53.161442,8.638453,4.15,12
08/26/2021,09:43:39,1.10,53.161449,8.638463,4.67,12
08/26/2021,09:43:40,1.20,53.161461,8.638475,4.35,12
08/26/2021,09:43:41,1.20,53.161465,8.638488,4.06,12
08/26/2021,09:43:43,1.20,53.161484,8.638515,3.87,12
08/26/2021,09:43:44,1.20,53.161488,8.638528,4.37,12
08/26/2021,09:43:45,1.20,53.161495,8.638540,4.41,12
08/26/2021,09:43:46,1.20,53.161507,8.638554,4.30,12
08/26/2021,09:43:47,1.20,53.161514,8.638568,4.20,12
08/26/2021,09:43:48,1.20,53.161522,8.638580,4.54,12
08/26/2021,09:43:49,1.20,53.161530,8.638594,4.22,12
08/26/2021,09:43:50,1.20,53.161537,8.638605,4.09,12
08/26/2021,09:43:52,1.20,53.161552,8.638629,4.33,12
08/26/2021,09:43:53,1.20,53.161556,8.638640,3.26,12
08/26/2021,09:43:54,1.20,53.161564,8.638656,4.57,12
08/26/2021,09:43:55,1.20,53.161568,8.638673,4.19,12
08/26/2021,09:43:56,1.00,53.161575,8.638691,4.39,12
08/26/2021,09:43:57,1.20,53.161579,8.638708,4.54,12
08/26/2021,09:43:58,1.20,53.161583,8.638724,4.13,12
08/26/2021,09:44:00,1.20,53.161594,8.638754,3.83,12
08/26/2021,09:44:01,1.20,53.161602,8.638765,4.35,12
08/26/2021,09:44:02,1.20,53.161610,8.638777,3.98,12
08/26/2021,09:44:03,1.40,53.161617,8.638788,4.02,12
08/26/2021,09:44:04,1.40,53.161625,8.638801,4.32,12
08/26/2021,09:44:05,1.40,53.161633,8.638811,4.32,12
08/26/2021,09:44:06,1.40,53.161640,8.638823,4.35,12
08/26/2021,09:44:07,1.40,53.161652,8.638833,4.48,12
08/26/2021,09:44:09,1.00,53.161667,8.638854,4.41,12
08/26/2021,09:44:10,1.40,53.161678,8.638865,4.28,12
08/26/2021,09:44:11,1.40,53.161686,8.638876,4.17,12
08/26/2021,09:44:12,1.20,53.161694,8.638886,3.98,12
08/26/2021,09:44:13,1.20,53.161701,8.638898,4.32,12
08/26/2021,09:44:14,1.20,53.161709,8.638911,4.37,12
08/26/2021,09:44:15,1.20,53.161716,8.638926,4.44,12
08/26/2021,09:44:17,1.20,53.161728,8.638955,4.48,12
08/26/2021,09:44:18,1.20,53.161736,8.638970,4.69,12
08/26/2021,09:44:19,1.20,53.161743,8.638986,4.72,12
08/26/2021,09:44:20,1.20,53.161751,8.639000,4.33,12
08/26/2021,09:44:21,1.20,53.161755,8.639013,4.07,12
08/26/2021,09:44:22,1.20,53.161762,8.639027,4.48,12
08/26/2021,09:44:23,1.20,53.161770,8.639041,4.37,12
08/26/2021,09:44:25,1.20,53.161789,8.639070,4.39,12
08/26/2021,09:44:26,1.20,53.161797,8.639081,4.67,12
08/26/2021,09:44:27,1.20,53.161804,8.639092,4.57,12
08/26/2021,09:44:28,1.20,53.161816,8.639103,4.69,12
08/26/2021,09:44:29,1.20,53.161823,8.639112,4.46,12
08/26/2021,09:44:31,1.20,53.161842,8.639130,3.52,12
08/26/2021,09:44:32,1.40,53.161850,8.639140,4.04,12
08/26/2021,09:44:33,1.40,53.161858,8.639153,4.33,12
08/26/2021,09:44:34,1.40,53.161865,8.639168,4.43,12
08/26/2021,09:44:36,1.40,53.161873,8.639200,3.65,12
08/26/2021,09:44:37,1.50,53.161873,8.639216,4.17,12
08/26/2021,09:44:38,1.40,53.161877,8.639235,4.57,12
08/26/2021,09:44:39,1.40,53.161877,8.639253,3.87,12
08/26/2021,09:44:40,1.40,53.161880,8.639268,3.96,12
08/26/2021,09:44:41,0.80,53.161888,8.639280,3.67,12
08/26/2021,09:44:43,0.80,53.161900,8.639304,3.83,12
08/26/2021,09:44:44,0.80,53.161911,8.639313,3.89,12
08/26/2021,09:44:45,0.80,53.161919,8.639318,3.96,12
08/26/2021,09:44:46,0.80,53.161926,8.639322,3.28,12
08/26/2021,09:44:48,0.80,53.161949,8.639316,3.94,12
08/26/2021,09:44:49,0.80,53.161957,8.639307,4.24,12
08/26/2021,09:44:50,0.80,53.161968,8.639295,4.17,12
08/26/2021,09:44:52,0.60,53.161972,8.639268,3.44,12
08/26/2021,09:44:53,0.60,53.161968,8.639252,4.33,12
08/26/2021,09:44:54,0.80,53.161961,8.639236,4.89,12
08/26/2021,09:44:55,1.10,53.161953,8.639217,5.56,12
08/26/2021,09:44:56,1.30,53.161949,8.639204,4.24,12
08/26/2021,09:44:57,1.40,53.161942,8.639193,4.04,12
08/26/2021,09:44:58,1.40,53.161930,8.639182,4.69,12
08/26/2021,09:45:00,1.40,53.161915,8.639163,4.30,12
08/26/2021,09:45:01,1.50,53.161903,8.639153,4.65,12
08/26/2021,09:45:02,1.40,53.161896,8.639141,4.78,12
08/26/2021,09:45:03,1.40,53.161888,8.639130,4.83,12
08/26/2021,09:45:04,1.40,53.161877,8.639117,4.72,12
08/26/2021,09:45:05,1.20,53.161869,8.639104,4.85,12
08/26/2021,09:45:06,1.40,53.161861,8.639089,4.91,12
08/26/2021,09:45:08,1.40,53.161842,8.639059,4.78,12
08/26/2021,09:45:09,1.40,53.161835,8.639044,5.28,12
08/26/2021,09:45:10,1.40,53.161827,8.639029,5.13,12
08/26/2021,09:45:11,1.40,53.161816,8.639014,4.85,12
08/26/2021,09:45:12,1.40,53.161808,8.639000,5.24,12
08/26/2021,09:45:13,1.20,53.161797,8.638986,5.02,12
08/26/2021,09:45:14,1.20,53.161789,8.638971,5.06,12
08/26/2021,09:45:16,1.20,53.161770,8.638945,4.93,12
08/26/2021,09:45:17,1.20,53.161758,8.638931,5.22,12
08/26/2021,09:45:18,1.00,53.161751,8.638918,5.00,12
08/26/2021,09:45:19,1.00,53.161739,8.638906,5.22,12
08/26/2021,09:45:20,1.00,53.161728,8.638893,5.02,12
08/26/2021,09:45:21,1.20,53.161720,8.638881,4.87,12
08/26/2021,09:45:22,1.20,53.161713,8.638867,4.61,12
08/26/2021,09:45:24,1.20,53.161694,8.638839,4.80,12
08/26/2021,09:45:25,1.10,53.161686,8.638824,4.57,12
08/26/2021,09:45:26,1.00,53.161678,8.638808,4.91,12
08/26/2021,09:45:27,1.00,53.161671,8.638791,4.91,12
08/26/2021,09:45:28,1.00,53.161663,8.638775,4.85,12
08/26/2021,09:45:29,1.00,53.161659,8.638759,4.85,12
08/26/2021,09:45:30,0.90,53.161652,8.638742,4.96,12
08/26/2021,09:45:32,0.80,53.161636,8.638711,4.63,12
08/26/2021,09:45:33,0.80,53.161633,8.638697,4.26,12
08/26/2021,09:45:34,0.80,53.161625,8.638683,4.19,12
08/26/2021,09:45:35,0.80,53.161617,8.638669,4.78,12
08/26/2021,09:45:36,0.80,53.161610,8.638656,4.67,12
08/26/2021,09:45:37,0.80,53.161602,8.638641,4.74,12
08/26/2021,09:45:39,0.80,53.161587,8.638616,4.50,12
08/26/2021,09:45:40,0.80,53.161579,8.638602,4.48,12
08/26/2021,09:45:41,0.80,53.161572,8.638590,4.48,12
08/26/2021,09:45:42,0.80,53.161564,8.638577,4.33,12
08/26/2021,09:45:43,0.80,53.161556,8.638563,4.48,12
08/26/2021,09:45:44,0.80,53.161549,8.638549,4.30,12
08/26/2021,09:45:45,0.80,53.161541,8.638535,4.48,12
08/26/2021,09:45:47,0.80,53.161526,8.638509,4.28,12
08/26/2021,09:45:48,0.80,53.161518,8.638496,4.41,12
08/26/2021,09:45:49,0.80,53.161510,8.638484,4.33,12
08/26/2021,09:45:50,0.80,53.161499,8.638472,4.61,12
08/26/2021,09:45:51,0.80,53.161491,8.638458,4.59,12
08/26/2021,09:45:52,0.80,53.161484,8.638445,4.61,12
08/26/2021,09:45:53,0.80,53.161476,8.638431,4.74,12
08/26/2021,09:45:55,0.80,53.161461,8.638403,4.56,12
08/26/2021,09:45:56,0.80,53.161453,8.638387,4.93,12
08/26/2021,09:45:57,0.80,53.161446,8.638372,4.89,12
08/26/2021,09:45:58,0.80,53.161438,8.638357,4.89,12
08/26/2021,09:45:59,0.80,53.161430,8.638343,4.39,12
08/26/2021,09:46:00,0.80,53.161423,8.638330,4.72,12
08/26/2021,09:46:01,0.80,53.161415,8.638315,4.63,12
08/26/2021,09:46:03,0.80,53.161396,8.638288,4.83,12
08/26/2021,09:46:04,0.80,53.161388,8.638277,3.63,12
08/26/2021,09:46:05,0.80,53.161381,8.638264,4.65,12
08/26/2021,09:46:06,0.60,53.161373,8.638251,4.33,12
08/26/2021,09:46:07,0.60,53.161366,8.638238,3.93,12
08/26/2021,09:46:08,0.60,53.161362,8.638224,4.41,12
08/26/2021,09:46:09,0.60,53.161354,8.638208,4.70,12
08/26/2021,09:46:11,0.60,53.161339,8.638181,4.33,12
08/26/2021,09:46:12,0.60,53.161331,8.638172,2.35,12
08/26/2021,09:46:13,0.50,53.161324,8.638166,3.94,12
08/26/2021,09:46:14,0.40,53.161316,8.638165,3.85,12
08/26/2021,09:46:15,0.40,53.161308,8.638166,3.61,12
08/26/2021,09:46:16,0.40,53.161297,8.638171,4.56,12
08/26/2021,09:46:17,0.40,53.161285,8.638180,4.63,12
08/26/2021,09:46:19,0.00,53.161270,8.638207,4.63,12
08/26/2021,09:46:20,0.40,53.161263,8.638222,4.43,12
08/26/2021,09:46:21,0.50,53.161255,8.638236,4.46,12
08/26/2021,09:46:22,0.60,53.161243,8.638248,4.52,12
08/26/2021,09:46:23,0.60,53.161236,8.638262,4.93,12
08/26/2021,09:46:24,0.60,53.161224,8.638276,5.63,12
08/26/2021,09:46:25,0.60,53.161213,8.638289,4.94,12
08/26/2021,09:46:27,0.60,53.161198,8.638319,5.02,12
08/26/2021,09:46:28,0.60,53.161186,8.638336,5.11,12
08/26/2021,09:46:29,0.60,53.161179,8.638353,5.09,12
08/26/2021,09:46:30,0.80,53.161171,8.638368,4.48,12
08/26/2021,09:46:31,0.80,53.161163,8.638384,4.82,12
08/26/2021,09:46:32,0.80,53.161156,8.638404,5.57,12
08/26/2021,09:46:33,1.00,53.161144,8.638422,4.93,12
08/26/2021,09:46:35,1.00,53.161125,8.638455,4.82,12
08/26/2021,09:46:36,1.00,53.161118,8.638473,5.65,12
08/26/2021,09:46:37,1.00,53.161106,8.638489,5.56,12
08/26/2021,09:46:38,1.00,53.161095,8.638506,5.30,12
08/26/2021,09:46:39,1.00,53.161083,8.638520,5.20,12
08/26/2021,09:46:40,1.00,53.161072,8.638535,5.20,12
08/26/2021,09:46:41,1.20,53.161060,8.638549,5.39,12
08/26/2021,09:46:43,1.20,53.161041,8.638582,5.74,12
08/26/2021,09:46:44,1.20,53.161030,8.638600,5.61,12
08/26/2021,09:46:45,1.40,53.161022,8.638616,5.00,12
08/26/2021,09:46:47,1.60,53.161003,8.638647,5.57,12
08/26/2021,09:46:48,2.00,53.160992,8.638661,5.11,12
08/26/2021,09:46:49,2.50,53.160976,8.638674,6.09,12
08/26/2021,09:46:50,2.90,53.160961,8.638684,5.98,12
08/26/2021,09:46:51,2.90,53.160946,8.638692,6.78,12
08/26/2021,09:46:53,3.80,53.160912,8.638713,6.50,12
08/26/2021,09:46:55,3.60,53.160889,8.638750,6.65,12
08/26/2021,09:46:56,3.20,53.160877,8.638775,6.50,12
08/26/2021,09:46:57,5.80,53.160873,8.638800,6.32,12
08/26/2021,09:46:58,2.60,53.160870,8.638826,6.46,12
08/26/2021,09:46:59,2.30,53.160873,8.638854,6.80,12
08/26/2021,09:47:00,2.10,53.160873,8.638880,6.07,12
08/26/2021,09:47:02,1.90,53.160877,8.638925,4.98,12
08/26/2021,09:47:03,1.60,53.160877,8.638947,4.82,12
08/26/2021,09:47:04,1.40,53.160877,8.638968,5.07,12
08/26/2021,09:47:05,1.40,53.160877,8.638988,4.48,12
08/26/2021,09:47:06,1.40,53.160877,8.639006,4.07,12
08/26/2021,09:47:07,2.00,53.160877,8.639024,4.57,12
08/26/2021,09:47:08,7.70,53.160877,8.639041,3.94,12
08/26/2021,09:47:10,2.00,53.160881,8.639068,3.30,12
08/26/2021,09:47:11,1.90,53.160889,8.639078,3.44,12
08/26/2021,09:47:12,1.80,53.160896,8.639087,3.50,12
08/26/2021,09:47:13,1.70,53.160904,8.639092,3.59,12
08/26/2021,09:47:14,1.70,53.160912,8.639096,3.52,12
08/26/2021,09:47:15,1.10,53.160919,8.639098,3.70,12
08/26/2021,09:47:16,0.90,53.160931,8.639097,4.13,12
08/26/2021,09:47:18,0.80,53.160950,8.639096,4.07,12
08/26/2021,09:47:19,0.60,53.160961,8.639095,4.20,12
08/26/2021,09:47:20,0.50,53.160973,8.639097,4.33,12
08/26/2021,09:47:21,0.60,53.160980,8.639101,3.83,12
08/26/2021,09:47:22,0.60,53.160988,8.639108,4.04,12
08/26/2021,09:47:23,0.60,53.160995,8.639117,3.76,12
08/26/2021,09:47:25,0.80,53.161007,8.639144,3.54,12
08/26/2021,09:47:26,0.80,53.161007,8.639159,3.50,12
08/26/2021,09:47:27,0.80,53.161003,8.639174,3.07,12
08/26/2021,09:47:28,0.80,53.160999,8.639185,2.94,12
08/26/2021,09:47:29,0.80,53.160995,8.639192,1.56,12
08/26/2021,09:47:30,0.70,53.160995,8.639194,1.69,12
08/26/2021,09:47:31,0.60,53.160984,8.639192,3.93,12
08/26/2021,09:47:33,0.60,53.160973,8.639173,3.91,12
08/26/2021,09:47:34,0.60,53.160965,8.639160,4.11,12
08/26/2021,09:47:35,0.60,53.160961,8.639145,4.65,12
08/26/2021,09:47:36,0.60,53.160957,8.639125,5.37,12
08/26/2021,09:47:37,0.40,53.160954,8.639105,4.89,12
08/26/2021,09:47:38,0.50,53.160954,8.639085,5.06,12
08/26/2021,09:47:39,0.60,53.160950,8.639062,5.82,12
08/26/2021,09:47:41,0.60,53.160938,8.639025,4.98,12
08/26/2021,09:47:42,0.60,53.160931,8.639007,5.24,12
08/26/2021,09:47:43,0.70,53.160923,8.638992,5.20,12
08/26/2021,09:47:44,0.70,53.160912,8.638979,5.56,12
08/26/2021,09:47:45,1.00,53.160900,8.638966,5.82,12
08/26/2021,09:47:46,1.20,53.160885,8.638954,5.74,12
08/26/2021,09:47:48,1.20,53.160858,8.638928,6.46,12
08/26/2021,09:47:49,1.40,53.160847,8.638915,6.02,12
08/26/2021,09:47:50,1.70,53.160839,8.638902,4.22,12
08/26/2021,09:47:51,2.30,53.160831,8.638888,4.26,12
08/26/2021,09:47:52,2.20,53.160831,8.638872,3.65,12
08/26/2021,09:47:54,1.90,53.160839,8.638849,2.98,12
08/26/2021,09:47:55,1.90,53.160847,8.638850,4.22,12
08/26/2021,09:47:56,1.90,53.160858,8.638859,4.46,12
08/26/2021,09:47:57,1.90,53.160866,8.638873,5.11,12
08/26/2021,09:47:58,1.80,53.160873,8.638890,4.93,12
08/26/2021,09:47:59,1.50,53.160881,8.638906,4.50,12
08/26/2021,09:48:01,1.30,53.160892,8.638937,4.50,12
08/26/2021,09:48:02,1.20,53.160900,8.638951,4.50,12
08/26/2021,09:48:03,1.00,53.160908,8.638965,4.76,12
08/26/2021,09:48:04,1.00,53.160919,8.638976,4.61,12
08/26/2021,09:48:05,1.20,53.160927,8.638986,4.85,12
08/26/2021,09:48:06,1.20,53.160938,8.638995,4.96,12
08/26/2021,09:48:07,1.40,53.160950,8.639006,5.50,12
08/26/2021,09:48:09,1.40,53.160976,8.639025,5.39,12
08/26/2021,09:48:10,1.40,53.160988,8.639034,5.26,12
08/26/2021,09:48:11,1.20,53.160999,8.639043,5.15,12
08/26/2021,09:48:12,1.20,53.161011,8.639052,4.89,12
08/26/2021,09:48:13,1.20,53.161022,8.639063,5.17,12
08/26/2021,09:48:14,1.40,53.161034,8.639074,4.69,12
08/26/2021,09:48:15,1.50,53.161041,8.639089,4.07,12
08/26/2021,09:48:17,1.50,53.161049,8.639123,4.80,12
08/26/2021,09:48:18,1.50,53.161045,8.639142,4.39,12
08/26/2021,09:48:19,1.50,53.161041,8.639162,4.83,12
08/26/2021,09:48:20,1.40,53.161037,8.639181,4.61,12
08/26/2021,09:48:21,1.20,53.161034,8.639198,4.30,12
08/26/2021,09:48:22,0.80,53.161026,8.639212,4.15,12
08/26/2021,09:48:24,0.60,53.161015,8.639245,4.26,12
08/26/2021,09:48:25,0.40,53.161011,8.639259,3.82,12
08/26/2021,09:48:26,0.40,53.161011,8.639274,3.37,12
08/26/2021,09:48:27,0.40,53.161011,8.639285,3.11,12
08/26/2021,09:48:28,0.60,53.161018,8.639294,3.44,12
08/26/2021,09:48:29,0.60,53.161026,8.639300,3.83,12
08/26/2021,09:48:30,1.20,53.161037,8.639299,4.61,12
08/26/2021,09:48:32,1.40,53.161060,8.639291,4.91,12
08/26/2021,09:48:33,1.40,53.161072,8.639285,4.61,12
08/26/2021,09:48:34,1.30,53.161079,8.639280,3.83,12
08/26/2021,09:48:35,1.20,53.161091,8.639277,4.33,12
08/26/2021,09:48:36,1.20,53.161106,8.639276,5.72,12
08/26/2021,09:48:37,1.20,53.161118,8.639275,4.70,12
08/26/2021,09:48:39,1.40,53.161140,8.639263,4.80,12
08/26/2021,09:48:40,1.40,53.161148,8.639252,4.06,12
08/26/2021,09:48:41,1.50,53.161152,8.639235,4.11,12
08/26/2021,09:48:42,1.50,53.161152,8.639216,4.72,12
08/26/2021,09:48:43,1.50,53.161148,8.639196,5.22,12
08/26/2021,09:48:44,1.50,53.161144,8.639178,5.00,12
08/26/2021,09:48:45,1.50,53.161137,8.639162,4.93,12
08/26/2021,09:48:47,1.50,53.161121,8.639132,4.78,12
08/26/2021,09:48:48,1.50,53.161110,8.639118,5.39,12
08/26/2021,09:48:49,1.50,53.161098,8.639105,5.59,12
08/26/2021,09:48:50,1.50,53.161083,8.639091,6.07,12
08/26/2021,09:48:51,1.50,53.161072,8.639079,6.17,12
08/26/2021,09:48:52,1.50,53.161057,8.639069,5.63,12
08/26/2021,09:48:53,1.50,53.161045,8.639059,5.56,12
08/26/2021,09:48:55,1.50,53.161022,8.639040,5.39,12
08/26/2021,09:48:56,1.50,53.161007,8.639030,5.63,12
08/26/2021,09:48:57,1.50,53.160995,8.639019,5.72,12
08/26/2021,09:48:58,1.50,53.160984,8.639008,5.96,12
08/26/2021,09:48:59,1.50,53.160973,8.638996,5.43,12
08/26/2021,09:49:01,1.40,53.160950,8.638970,5.82,12
08/26/2021,09:49:02,1.40,53.160934,8.638956,6.26,12
08/26/2021,09:49:03,1.50,53.160923,8.638941,5.69,12
08/26/2021,09:49:04,1.60,53.160912,8.638927,5.98,12
08/26/2021,09:49:05,1.20,53.160904,8.638911,5.89,12
08/26/2021,09:49:06,1.00,53.160892,8.638895,5.69,12
08/26/2021,09:49:08,1.00,53.160873,8.638864,5.26,12
08/26/2021,09:49:09,1.30,53.160866,8.638847,5.09,12
08/26/2021,09:49:10,1.50,53.160858,8.638832,4.24,12
08/26/2021,09:49:11,1.80,53.160858,8.638813,4.76,12
08/26/2021,09:49:12,1.80,53.160858,8.638795,4.17,12
08/26/2021,09:49:13,1.90,53.160858,8.638781,3.22,12
08/26/2021,09:49:14,2.10,53.160866,8.638770,3.30,12
08/26/2021,09:49:16,2.10,53.160885,8.638768,5.00,12
08/26/2021,09:49:17,2.30,53.160896,8.638777,5.41,12
08/26/2021,09:49:18,5.60,53.160908,8.638790,6.04,12
08/26/2021,09:49:20,5.90,53.160931,8.638821,5.69,12
08/26/2021,09:49:21,5.90,53.160938,8.638837,5.37,12
08/26/2021,09:49:22,2.00,53.160950,8.638852,5.26,12
08/26/2021,09:49:23,1.60,53.160957,8.638866,4.93,12
08/26/2021,09:49:24,1.40,53.160969,8.638881,5.30,12
08/26/2021,09:49:25,1.50,53.160976,8.638896,5.28,12
08/26/2021,09:49:26,1.50,53.160988,8.638911,5.33,12
08/26/2021,09:49:28,1.50,53.161007,8.638940,5.04,12
08/26/2021,09:49:29,1.60,53.161015,8.638953,5.09,12
08/26/2021,09:49:30,1.70,53.161026,8.638966,4.85,12
08/26/2021,09:49:31,1.70,53.161034,8.638978,4.98,12
08/26/2021,09:49:32,1.70,53.161045,8.638990,5.30,12
08/26/2021,09:49:33,1.70,53.161057,8.639002,5.50,12
08/26/2021,09:49:34,1.50,53.161068,8.639014,5.09,12
08/26/2021,09:49:36,1.50,53.161087,8.639037,4.69,12
08/26/2021,09:49:37,1.50,53.161098,8.639048,4.83,12
08/26/2021,09:49:38,1.50,53.161106,8.639059,5.00,12
08/26/2021,09:49:39,1.50,53.161118,8.639072,5.46,12
08/26/2021,09:49:40,1.50,53.161129,8.639090,5.93,12
08/26/2021,09:49:41,1.50,53.161140,8.639107,5.76,12
08/26/2021,09:49:42,1.70,53.161148,8.639124,5.26,12
08/26/2021,09:49:44,1.50,53.161167,8.639156,5.43,12
08/26/2021,09:49:45,1.50,53.161175,8.639168,4.46,12
08/26/2021,09:49:46,1.50,53.161186,8.639173,4.11,12
08/26/2021,09:49:47,1.50,53.161198,8.639172,4.35,12
08/26/2021,09:49:48,1.50,53.161209,8.639164,5.30,12
08/26/2021,09:49:49,1.50,53.161221,8.639148,6.13,12
08/26/2021,09:49:51,1.70,53.161236,8.639112,5.41,12
08/26/2021,09:49:52,1.70,53.161247,8.639096,5.35,12
08/26/2021,09:49:53,1.60,53.161255,8.639080,5.11,12
08/26/2021,09:49:54,1.50,53.161263,8.639065,4.91,12
08/26/2021,09:49:55,1.50,53.161270,8.639050,4.89,12
08/26/2021,09:49:56,1.50,53.161278,8.639035,4.87,12
08/26/2021,09:49:57,1.50,53.161282,8.639021,4.44,12
08/26/2021,09:49:59,1.50,53.161301,8.638992,4.96,12
08/26/2021,09:50:00,1.50,53.161308,8.638978,4.87,12
08/26/2021,09:50:01,1.50,53.161316,8.638965,4.41,12
08/26/2021,09:50:02,1.50,53.161324,8.638951,4.78,12
08/26/2021,09:50:03,1.40,53.161331,8.638937,4.91,12
08/26/2021,09:50:04,1.40,53.161339,8.638922,4.82,12
08/26/2021,09:50:06,1.40,53.161350,8.638887,4.65,12
08/26/2021,09:50:07,1.40,53.161354,8.638869,4.46,12
08/26/2021,09:50:08,1.40,53.161350,8.638852,4.13,12
08/26/2021,09:50:10,1.40,53.161339,8.638828,3.63,12
08/26/2021,09:50:11,1.40,53.161331,8.638826,4.04,12
08/26/2021,09:50:12,1.40,53.161320,8.638830,4.46,12
08/26/2021,09:50:13,1.40,53.161308,8.638843,5.93,12
08/26/2021,09:50:14,1.40,53.161297,8.638860,6.07,12
08/26/2021,09:50:15,1.40,53.161289,8.638877,5.72,12
08/26/2021,09:50:16,1.40,53.161278,8.638896,6.00,12
08/26/2021,09:50:18,1.40,53.161259,8.638934,5.57,12
08/26/2021,09:50:19,1.40,53.161251,8.638954,6.00,12
08/26/2021,09:50:20,1.40,53.161240,8.638974,6.22,12
08/26/2021,09:50:22,1.50,53.161221,8.639014,6.07,12
08/26/2021,09:50:23,1.50,53.161213,8.639034,6.17,12
08/26/2021,09:50:24,1.50,53.161201,8.639053,6.09,12
08/26/2021,09:50:25,1.50,53.161190,8.639072,6.09,12
08/26/2021,09:50:27,1.60,53.161167,8.639110,6.22,12
08/26/2021,09:50:28,1.50,53.161160,8.639128,6.22,12
08/26/2021,09:50:29,1.50,53.161148,8.639146,6.20,12
08/26/2021,09:50:30,1.50,53.161137,8.639162,5.89,12
08/26/2021,09:50:31,1.50,53.161125,8.639180,6.32,12
08/26/2021,09:50:32,1.50,53.161114,8.639199,6.07,12
08/26/2021,09:50:34,1.50,53.161095,8.639229,5.41,12
08/26/2021,09:50:35,1.50,53.161083,8.639237,3.96,12
08/26/2021,09:50:36,1.40,53.161076,8.639239,3.87,12
08/26/2021,09:50:37,1.20,53.161068,8.639235,3.37,12
08/26/2021,09:50:38,1.20,53.161060,8.639226,2.93,12
08/26/2021,09:50:39,1.20,53.161060,8.639209,4.70,12
08/26/2021,09:50:40,1.30,53.161064,8.639188,5.43,12
08/26/2021,09:50:42,1.40,53.161083,8.639150,5.96,12
08/26/2021,09:50:43,1.50,53.161095,8.639132,6.50,12
08/26/2021,09:50:44,1.50,53.161102,8.639111,6.48,12
08/26/2021,09:50:45,1.50,53.161114,8.639093,6.24,12
08/26/2021,09:50:46,1.50,53.161125,8.639074,6.39,12
08/26/2021,09:50:47,1.50,53.161133,8.639055,5.67,12
08/26/2021,09:50:48,1.50,53.161140,8.639037,5.78,12
08/26/2021,09:50:50,1.50,53.161160,8.639000,5.72,12
08/26/2021,09:50:51,1.50,53.161167,8.638980,5.82,12
08/26/2021,09:50:52,1.50,53.161175,8.638961,5.82,12
08/26/2021,09:50:53,1.60,53.161186,8.638943,5.54,12
08/26/2021,09:50:54,1.60,53.161194,8.638925,5.76,12
08/26/2021,09:50:55,1.50,53.161205,8.638906,5.91,12
08/26/2021,09:50:57,1.50,53.161224,8.638872,5.76,12
08/26/2021,09:50:58,1.50,53.161236,8.638855,5.76,12
08/26/2021,09:50:59,1.40,53.161243,8.638837,5.74,12
08/26/2021,09:51:00,1.40,53.161255,8.638818,6.04,12
08/26/2021,09:51:01,1.40,53.161266,8.638800,5.65,12
08/26/2021,09:51:02,1.40,53.161270,8.638778,6.11,12
08/26/2021,09:51:03,1.40,53.161278,8.638757,5.07,12
08/26/2021,09:51:05,1.40,53.161282,8.638721,3.80,12
08/26/2021,09:51:06,1.20,53.161282,8.638707,3.19,12
08/26/2021,09:51:07,1.20,53.161285,8.638695,2.48,12
08/26/2021,09:51:08,1.20,53.161285,8.638685,2.06,12
08/26/2021,09:51:09,1.20,53.161285,8.638677,2.02,12
08/26/2021,09:51:10,1.30,53.161289,8.638669,1.85,12
08/26/2021,09:51:11,1.30,53.161289,8.638662,1.50,12
08/26/2021,09:51:13,1.30,53.161289,8.638651,1.20,12
08/26/2021,09:51:14,1.30,53.161289,8.638646,0.61,12
08/26/2021,09:51:15,1.20,53.161289,8.638640,0.91,12
08/26/2021,09:51:16,1.40,53.161289,8.638638,0.20,12
08/26/2021,09:51:18,1.40,53.161293,8.638638,0.22,12
08/26/2021,09:51:19,1.40,53.161293,8.638638,0.20,12
08/26/2021,09:51:20,1.40,53.161293,8.638638,0.33,12
08/26/2021,09:51:21,1.40,53.161293,8.638639,0.06,12
08/26/2021,09:51:22,1.40,53.161293,8.638638,0.15,12
08/26/2021,09:51:23,1.40,53.161297,8.638637,0.15,12
08/26/2021,09:51:24,1.40,53.161297,8.638637,0.61,12
08/26/2021,09:51:26,1.40,53.161293,8.638636,0.24,12
08/26/2021,09:51:27,1.40,53.161293,8.638637,0.24,12
08/26/2021,09:51:28,1.40,53.161293,8.638637,0.11,12
08/26/2021,09:51:29,1.40,53.161289,8.638636,0.76,12
08/26/2021,09:51:30,1.40,53.161289,8.638634,0.02,12
08/26/2021,09:51:31,1.40,53.161289,8.638635,0.06,12
08/26/2021,09:51:32,1.40,53.161289,8.638637,0.13,12
08/26/2021,09:51:34,1.40,53.161289,8.638639,0.20,12
08/26/2021,09:51:35,1.40,53.161289,8.638639,0.04,12
08/26/2021,09:51:36,1.40,53.161289,8.638640,0.00,12
08/26/2021,09:51:37,1.40,53.161285,8.638639,0.07,12
08/26/2021,09:51:38,1.40,53.161285,8.638638,0.02,12
08/26/2021,09:51:39,1.40,53.161282,8.638637,0.11,12
08/26/2021,09:51:41,1.40,53.161282,8.638637,0.11,12
08/26/2021,09:51:42,1.40,53.161282,8.638637,0.02,12
08/26/2021,09:51:43,1.40,53.161282,8.638635,0.17,12
08/26/2021,09:51:45,1.40,53.161282,8.638632,0.15,12
08/26/2021,09:51:46,1.40,53.161282,8.638630,0.11,12
08/26/2021,09:51:47,1.40,53.161278,8.638629,0.43,12
08/26/2021,09:51:48,1.40,53.161278,8.638629,0.13,12
08/26/2021,09:51:49,1.40,53.161278,8.638631,0.13,12
08/26/2021,09:51:50,1.40,53.161274,8.638630,0.04,12
08/26/2021,09:51:51,1.40,53.161274,8.638630,0.19,12
08/26/2021,09:51:53,1.40,53.161274,8.638632,0.02,12
08/26/2021,09:51:54,1.40,53.161278,8.638631,0.09,12
08/26/2021,09:51:55,1.40,53.161278,8.638633,0.04,12
08/26/2021,09:51:56,1.40,53.161278,8.638634,0.09,12
08/26/2021,09:51:57,1.40,53.161278,8.638637,0.17,12
08/26/2021,09:51:58,1.40,53.161278,8.638638,0.09,12
08/26/2021,09:52:00,1.40,53.161274,8.638638,0.09,12
08/26/2021,09:52:01,1.40,53.161274,8.638638,0.09,12
08/26/2021,09:52:02,1.40,53.161274,8.638639,0.02,12
08/26/2021,09:52:03,1.40,53.161270,8.638639,0.04,12
08/26/2021,09:52:04,1.40,53.161270,8.638639,0.07,12
08/26/2021,09:52:05,1.40,53.161266,8.638638,0.11,12
08/26/2021,09:52:06,1.40,53.161263,8.638637,0.22,12
08/26/2021,09:52:08,1.40,53.161263,8.638636,0.06,12
08/26/2021,09:52:09,1.40,53.161263,8.638637,0.09,12
08/26/2021,09:52:10,1.40,53.161263,8.638638,0.06,12
08/26/2021,09:52:11,1.40,53.161263,8.638640,0.09,12
08/26/2021,09:52:12,1.40,53.161263,8.638643,0.15,12
08/26/2021,09:52:13,1.40,53.161263,8.638644,0.11,12
08/26/2021,09:52:15,1.40,53.161263,8.638645,0.13,12
08/26/2021,09:52:16,1.40,53.161263,8.638645,0.07,12
08/26/2021,09:52:17,1.40,53.161263,8.638644,0.06,12
08/26/2021,09:52:18,1.40,53.161263,8.638644,0.13,12
08/26/2021,09:52:19,1.40,53.161263,8.638644,0.13,12
08/26/2021,09:52:20,1.40,53.161263,8.638643,0.07,12
08/26/2021,09:52:21,1.40,53.161259,8.638642,0.06,12
08/26/2021,09:52:23,1.40,53.161259,8.638639,0.06,12
08/26/2021,09:52:24,1.40,53.161259,8.638639,0.06,12
08/26/2021,09:52:26,1.40,53.161259,8.638638,0.09,12
08/26/2021,09:52:27,1.40,53.161259,8.638638,0.11,12
08/26/2021,09:52:28,1.40,53.161259,8.638636,0.13,12
08/26/2021,09:52:29,1.40,53.161259,8.638635,0.15,12
08/26/2021,09:52:30,1.40,53.161259,8.638635,0.07,12
08/26/2021,09:52:31,1.40,53.161259,8.638636,0.11,12
08/26/2021,09:52:33,1.40,53.161259,8.638639,0.02,12
08/26/2021,09:52:34,1.40,53.161259,8.638640,0.04,12
08/26/2021,09:52:35,1.40,53.161259,8.638640,0.07,12
08/26/2021,09:52:36,1.40,53.161259,8.638643,0.04,12
08/26/2021,09:52:37,1.40,53.161259,8.638646,0.02,12
08/26/2021,09:52:38,1.40,53.161259,8.638645,0.04,12
08/26/2021,09:52:39,1.40,53.161263,8.638643,0.06,12
08/26/2021,09:52:41,1.40,53.161266,8.638642,0.56,12
08/26/2021,09:52:42,1.40,53.161266,8.638642,0.04,12
08/26/2021,09:52:43,1.40,53.161266,8.638641,0.07,12
08/26/2021,09:52:44,1.40,53.161263,8.638638,0.09,12
08/26/2021,09:52:45,1.00,53.161263,8.638638,0.15,12
08/26/2021,09:52:46,1.40,53.161266,8.638638,0.09,12
08/26/2021,09:52:48,1.40,53.161266,8.638638,0.07,12
08/26/2021,09:52:49,1.40,53.161263,8.638638,0.04,12
08/26/2021,09:52:50,1.40,53.161263,8.638638,0.09,12
08/26/2021,09:52:51,1.40,53.161263,8.638637,0.09,12
08/26/2021,09:52:52,1.40,53.161259,8.638637,0.07,12
08/26/2021,09:52:53,1.40,53.161259,8.638637,0.09,12
08/26/2021,09:52:54,1.40,53.161259,8.638635,0.04,12
08/26/2021,09:52:56,1.40,53.161259,8.638632,0.04,12
08/26/2021,09:52:57,1.40,53.161255,8.638631,0.11,12
08/26/2021,09:52:58,1.40,53.161255,8.638631,0.07,12
08/26/2021,09:52:59,1.40,53.161255,8.638630,0.06,12
08/26/2021,09:53:00,1.40,53.161255,8.638629,0.06,12
08/26/2021,09:53:01,1.40,53.161259,8.638629,0.02,12
08/26/2021,09:53:03,1.40,53.161259,8.638627,0.09,12
08/26/2021,09:53:04,1.40,53.161259,8.638628,0.06,12
08/26/2021,09:53:05,1.40,53.161259,8.638628,0.11,12
08/26/2021,09:53:06,1.40,53.161259,8.638628,0.11,12
08/26/2021,09:53:07,1.40,53.161259,8.638629,0.13,12
08/26/2021,09:53:08,1.40,53.161263,8.638628,0.02,12
08/26/2021,09:53:09,1.40,53.161263,8.638627,0.06,12
08/26/2021,09:53:11,1.40,53.161259,8.638622,0.15,12
08/26/2021,09:53:12,1.40,53.161259,8.638621,0.26,12
08/26/2021,09:53:13,1.40,53.161259,8.638620,0.02,12
08/26/2021,09:53:14,1.40,53.161259,8.638619,0.00,12
08/26/2021,09:53:16,1.40,53.161259,8.638618,0.00,12
08/26/2021,09:53:17,1.40,53.161263,8.638617,0.04,12
08/26/2021,09:53:19,1.40,53.161263,8.638616,0.07,12
08/26/2021,09:53:20,1.40,53.161266,8.638617,0.06,12
08/26/2021,09:53:21,1.40,53.161266,8.638618,0.06,12
08/26/2021,09:53:22,1.40,53.161263,8.638617,0.11,12
08/26/2021,09:53:23,1.40,53.161263,8.638616,0.02,12
08/26/2021,09:53:24,1.40,53.161263,8.638617,0.00,12
08/26/2021,09:53:25,1.40,53.161263,8.638618,0.04,12
08/26/2021,09:53:27,1.40,53.161263,8.638618,0.02,12
08/26/2021,09:53:28,1.40,53.161263,8.638618,0.06,12
08/26/2021,09:53:29,1.40,53.161263,8.638618,0.02,12
08/26/2021,09:53:30,1.40,53.161259,8.638618,0.02,12
08/26/2021,09:53:31,1.40,53.161259,8.638619,0.00,12
08/26/2021,09:53:33,1.40,53.161259,8.638618,0.09,12
08/26/2021,09:53:34,1.40,53.161259,8.638618,0.09,12
08/26/2021,09:53:35,1.40,53.161259,8.638617,0.11,12
08/26/2021,09:53:36,1.40,53.161263,8.638616,0.26,12
08/26/2021,09:53:37,1.40,53.161263,8.638616,0.04,12
08/26/2021,09:53:38,1.40,53.161266,8.638617,0.07,12
08/26/2021,09:53:40,1.40,53.161266,8.638618,0.11,12
08/26/2021,09:53:41,1.40,53.161266,8.638617,0.20,12
08/26/2021,09:53:42,1.40,53.161266,8.638617,0.06,12
08/26/2021,09:53:43,1.40,53.161266,8.638617,0.17,12
08/26/2021,09:53:44,1.40,53.161270,8.638618,0.30,12
08/26/2021,09:53:45,1.40,53.161270,8.638618,0.04,12
08/26/2021,09:53:47,1.40,53.161270,8.638619,0.11,12
08/26/2021,09:53:48,1.40,53.161270,8.638620,0.13,12
08/26/2021,09:53:49,1.40,53.161270,8.638619,0.07,12
08/26/2021,09:53:50,1.40,53.161270,8.638619,0.22,12
08/26/2021,09:53:51,1.40,53.161266,8.638618,0.09,12
08/26/2021,09:53:52,1.40,53.161266,8.638617,0.11,12
08/26/2021,09:53:53,1.40,53.161266,8.638615,0.13,12
08/26/2021,09:53:55,1.40,53.161266,8.638614,0.04,12
08/26/2021,09:53:56,1.40,53.161266,8.638616,0.09,12
08/26/2021,09:53:57,1.40,53.161266,8.638618,0.15,12
08/26/2021,09:53:58,1.40,53.161266,8.638618,0.20,12
08/26/2021,09:53:59,1.40,53.161266,8.638621,0.59,12
08/26/2021,09:54:00,1.40,53.161266,8.638624,0.20,12
08/26/2021,09:54:02,1.40,53.161266,8.638626,0.13,12
08/26/2021,09:54:03,1.40,53.161266,8.638627,0.09,12
08/26/2021,09:54:04,1.40,53.161266,8.638628,0.15,12
08/26/2021,09:54:06,1.40,53.161270,8.638630,0.04,12
08/26/2021,09:54:07,1.40,53.161270,8.638630,0.06,12
08/26/2021,09:54:08,1.40,53.161270,8.638632,0.07,12
08/26/2021,09:54:09,1.40,53.161270,8.638633,0.09,12
08/26/2021,09:54:10,1.40,53.161274,8.638634,0.00,12
08/26/2021,09:54:11,1.40,53.161274,8.638635,0.09,12
08/26/2021,09:54:12,1.40,53.161278,8.638634,0.41,12
08/26/2021,09:54:14,1.40,53.161282,8.638634,0.28,12
08/26/2021,09:54:15,1.40,53.161282,8.638635,0.15,12
08/26/2021,09:54:16,1.40,53.161282,8.638636,0.13,12
08/26/2021,09:54:17,1.40,53.161282,8.638638,0.44,12
08/26/2021,09:54:18,1.30,53.161282,8.638638,0.22,12
08/26/2021,09:54:19,1.20,53.161278,8.638640,1.85,12
08/26/2021,09:54:21,1.20,53.161270,8.638655,2.33,12
08/26/2021,09:54:22,1.30,53.161270,8.638661,1.24,12
08/26/2021,09:54:23,1.40,53.161270,8.638667,1.28,12
08/26/2021,09:54:24,1.40,53.161270,8.638673,1.24,12
08/26/2021,09:54:25,1.40,53.161270,8.638678,0.96,12
08/26/2021,09:54:26,1.30,53.161270,8.638682,1.07,12
08/26/2021,09:54:27,1.20,53.161266,8.638686,1.28,12
08/26/2021,09:54:29,1.30,53.161259,8.638703,3.04,12
08/26/2021,09:54:30,1.30,53.161247,8.638716,5.28,12
08/26/2021,09:54:31,1.30,53.161236,8.638730,5.33,12
08/26/2021,09:54:32,1.30,53.161224,8.638743,5.13,12
08/26/2021,09:54:33,1.30,53.161217,8.638758,5.43,12
08/26/2021,09:54:34,1.20,53.161205,8.638773,5.78,12
08/26/2021,09:54:36,1.40,53.161182,8.638807,5.93,12
08/26/2021,09:54:37,1.50,53.161171,8.638824,5.83,12
08/26/2021,09:54:38,1.50,53.161160,8.638842,6.20,12
08/26/2021,09:54:39,1.50,53.161148,8.638859,5.65,12
08/26/2021,09:54:41,1.50,53.161129,8.638891,5.91,12
08/26/2021,09:54:42,1.50,53.161118,8.638907,5.87,12
08/26/2021,09:54:43,1.50,53.161106,8.638925,6.00,12
08/26/2021,09:54:44,1.50,53.161098,8.638942,6.06,12
08/26/2021,09:54:45,1.50,53.161087,8.638959,6.09,12
08/26/2021,09:54:46,1.50,53.161076,8.638978,6.22,12
08/26/2021,09:54:48,1.50,53.161057,8.639020,6.43,12
08/26/2021,09:54:49,1.50,53.161049,8.639043,5.85,12
08/26/2021,09:54:50,1.50,53.161045,8.639069,6.52,12
08/26/2021,09:54:51,1.50,53.161041,8.639094,6.22,12
08/26/2021,09:54:52,1.50,53.161041,8.639120,6.37,12
08/26/2021,09:54:53,1.50,53.161041,8.639146,5.96,12
08/26/2021,09:54:55,1.40,53.161041,8.639194,5.65,12
08/26/2021,09:54:56,1.20,53.161041,8.639216,5.43,12
08/26/2021,09:54:57,0.70,53.161041,8.639237,4.96,12
08/26/2021,09:54:58,0.60,53.161041,8.639260,5.63,12
08/26/2021,09:54:59,0.70,53.161041,8.639284,5.80,12
08/26/2021,09:55:00,1.00,53.161045,8.639307,5.17,12
08/26/2021,09:55:02,1.20,53.161045,8.639354,5.76,12
08/26/2021,09:55:03,1.40,53.161045,8.639378,5.48,12
08/26/2021,09:55:04,1.30,53.161045,8.639400,5.33,12
08/26/2021,09:55:05,1.20,53.161045,8.639421,4.93,12
08/26/2021,09:55:06,1.20,53.161041,8.639442,5.09,12
08/26/2021,09:55:07,1.20,53.161041,8.639463,5.04,12
08/26/2021,09:55:09,1.20,53.161037,8.639505,5.35,12
08/26/2021,09:55:10,1.20,53.161034,8.639526,5.24,12
08/26/2021,09:55:11,1.20,53.161030,8.639547,5.61,12
08/26/2021,09:55:12,1.20,53.161026,8.639569,5.44,12
08/26/2021,09:55:13,1.00,53.161018,8.639589,4.83,12
08/26/2021,09:55:14,1.00,53.161015,8.639610,5.69,12
08/26/2021,09:55:15,0.90,53.161011,8.639633,5.59,12
08/26/2021,09:55:17,0.80,53.161007,8.639677,4.78,12
08/26/2021,09:55:18,0.80,53.161007,8.639697,4.93,12
08/26/2021,09:55:19,0.80,53.161007,8.639716,4.44,12
08/26/2021,09:55:20,0.80,53.161007,8.639735,4.46,12
08/26/2021,09:55:21,0.80,53.161007,8.639753,4.33,12
08/26/2021,09:55:22,0.80,53.161007,8.639770,3.78,12
08/26/2021,09:55:24,0.80,53.161007,8.639804,4.22,12
08/26/2021,09:55:25,0.90,53.161007,8.639822,4.48,12
08/26/2021,09:55:26,0.90,53.161007,8.639840,4.26,12
08/26/2021,09:55:27,0.80,53.161007,8.639858,4.48,12
08/26/2021,09:55:28,0.90,53.161007,8.639876,4.48,12
08/26/2021,09:55:29,0.90,53.161007,8.639894,4.52,12
08/26/2021,09:55:30,0.80,53.161007,8.639914,4.83,12
08/26/2021,09:55:32,0.80,53.161007,8.639954,4.94,12
08/26/2021,09:55:33,0.80,53.161007,8.639975,4.91,12
08/26/2021,09:55:34,0.90,53.161007,8.639995,4.80,12
08/26/2021,09:55:35,0.80,53.161003,8.640013,4.46,12
08/26/2021,09:55:36,0.80,53.161003,8.640033,4.72,12
08/26/2021,09:55:37,0.80,53.161003,8.640053,4.70,12
08/26/2021,09:55:39,0.80,53.160999,8.640094,4.96,12
08/26/2021,09:55:40,0.80,53.160995,8.640114,5.04,12
08/26/2021,09:55:41,0.80,53.160995,8.640134,4.83,12
08/26/2021,09:55:42,0.80,53.160995,8.640154,4.82,12
08/26/2021,09:55:43,0.80,53.160995,8.640173,4.50,12
08/26/2021,09:55:44,0.80,53.160995,8.640191,4.65,12
08/26/2021,09:55:46,0.80,53.161007,8.640225,4.41,12
08/26/2021,09:55:47,0.80,53.161011,8.640238,4.48,12
08/26/2021,09:55:48,0.90,53.161022,8.640247,4.44,12
08/26/2021,09:55:50,1.00,53.161045,8.640247,4.37,12
08/26/2021,09:55:51,1.00,53.161053,8.640237,4.17,12
08/26/2021,09:55:52,1.00,53.161060,8.640224,4.15,12
08/26/2021,09:55:53,1.00,53.161064,8.640207,4.61,12
08/26/2021,09:55:54,1.10,53.161068,8.640188,4.65,12
08/26/2021,09:55:55,1.00,53.161072,8.640170,4.69,12
08/26/2021,09:55:57,1.00,53.161072,8.640132,4.59,12
08/26/2021,09:55:58,1.10,53.161068,8.640113,4.85,12
08/26/2021,09:55:59,1.10,53.161068,8.640095,4.32,12
08/26/2021,09:56:00,1.10,53.161068,8.640075,5.33,12
08/26/2021,09:56:02,1.00,53.161068,8.640034,5.00,12
08/26/2021,09:56:04,1.00,53.161064,8.639992,5.13,12
08/26/2021,09:56:05,1.00,53.161068,8.639971,5.22,12
08/26/2021,09:56:06,1.00,53.161068,8.639948,5.52,12
08/26/2021,09:56:07,1.00,53.161068,8.639926,5.48,12
08/26/2021,09:56:08,1.00,53.161068,8.639904,5.19,12
08/26/2021,09:56:09,1.00,53.161068,8.639883,5.35,12
08/26/2021,09:56:10,1.00,53.161068,8.639861,5.04,12
08/26/2021,09:56:12,1.00,53.161068,8.639818,4.89,12
08/26/2021,09:56:13,1.00,53.161068,8.639798,4.89,12
08/26/2021,09:56:14,1.00,53.161068,8.639778,4.48,12
08/26/2021,09:56:15,1.00,53.161064,8.639760,4.24,12
08/26/2021,09:56:17,1.00,53.161064,8.639728,3.69,12
08/26/2021,09:56:18,1.10,53.161064,8.639711,3.65,12
08/26/2021,09:56:20,1.10,53.161060,8.639679,3.83,12
08/26/2021,09:56:21,1.20,53.161060,8.639663,3.93,12
08/26/2021,09:56:22,1.20,53.161060,8.639647,4.06,12
08/26/2021,09:56:23,1.20,53.161060,8.639629,4.13,12
08/26/2021,09:56:24,1.20,53.161060,8.639612,3.94,12
08/26/2021,09:56:26,1.20,53.161060,8.639577,4.37,12
08/26/2021,09:56:28,1.20,53.161064,8.639542,4.50,12
08/26/2021,09:56:29,1.20,53.161064,8.639524,4.37,12
08/26/2021,09:56:30,1.20,53.161064,8.639505,4.26,12
08/26/2021,09:56:31,1.20,53.161064,8.639487,4.28,12
08/26/2021,09:56:33,1.20,53.161064,8.639454,4.32,12
08/26/2021,09:56:34,1.40,53.161068,8.639437,4.44,12
08/26/2021,09:56:35,1.40,53.161068,8.639421,3.48,12
08/26/2021,09:56:36,1.40,53.161072,8.639404,4.44,12
08/26/2021,09:56:37,1.20,53.161076,8.639387,4.20,12
08/26/2021,09:56:38,1.20,53.161079,8.639367,5.33,12
08/26/2021,09:56:39,0.00,53.161079,8.639350,5.33,12
08/26/2021,09:56:41,1.20,53.161091,8.639316,3.83,12
08/26/2021,09:56:42,1.20,53.161095,8.639301,4.17,12
08/26/2021,09:56:43,1.20,53.161098,8.639288,3.37,12
08/26/2021,09:56:44,1.20,53.161106,8.639279,3.93,12
08/26/2021,09:56:45,1.20,53.161114,8.639275,3.93,12
08/26/2021,09:56:46,1.20,53.161125,8.639277,4.22,12
08/26/2021,09:56:48,1.20,53.161144,8.639302,5.41,12
08/26/2021,09:56:49,1.20,53.161152,8.639318,5.02,12
08/26/2021,09:56:50,1.40,53.161160,8.639338,5.91,12
08/26/2021,09:56:51,1.40,53.161163,8.639359,5.67,12
08/26/2021,09:56:52,1.40,53.161167,8.639380,5.33,12
08/26/2021,09:56:53,1.40,53.161171,8.639401,5.11,12
08/26/2021,09:56:55,1.40,53.161175,8.639439,4.07,12
08/26/2021,09:56:56,1.40,53.161175,8.639454,3.56,12
08/26/2021,09:56:57,1.40,53.161175,8.639468,3.48,12
08/26/2021,09:56:58,1.40,53.161175,8.639486,4.44,12
08/26/2021,09:57:00,1.40,53.161171,8.639525,4.94,12
08/26/2021,09:57:01,1.40,53.161167,8.639546,4.69,12
08/26/2021,09:57:02,1.40,53.161167,8.639565,4.80,12
08/26/2021,09:57:03,1.40,53.161167,8.639583,3.83,12
08/26/2021,09:57:04,1.40,53.161163,8.639603,5.54,12
08/26/2021,09:57:05,1.40,53.161160,8.639626,4.83,12
08/26/2021,09:57:07,1.40,53.161160,8.639669,5.19,12
08/26/2021,09:57:08,1.40,53.161160,8.639689,4.82,12
08/26/2021,09:57:09,1.40,53.161163,8.639709,4.67,12
08/26/2021,09:57:10,1.50,53.161163,8.639727,4.39,12
08/26/2021,09:57:11,1.40,53.161167,8.639742,3.93,12
08/26/2021,09:57:12,1.40,53.161167,8.639758,3.98,12
08/26/2021,09:57:14,1.40,53.161175,8.639790,3.37,12
08/26/2021,09:57:15,1.40,53.161175,8.639806,4.20,12
08/26/2021,09:57:16,1.40,53.161175,8.639825,4.43,12
08/26/2021,09:57:17,1.30,53.161175,8.639844,4.70,12
08/26/2021,09:57:18,1.30,53.161175,8.639864,4.39,12
08/26/2021,09:57:19,1.20,53.161171,8.639882,4.50,12
08/26/2021,09:57:20,1.20,53.161171,8.639900,4.06,12
08/26/2021,09:57:22,1.30,53.161167,8.639933,3.61,12
08/26/2021,09:57:23,1.20,53.161160,8.639948,4.04,12
08/26/2021,09:57:24,1.20,53.161156,8.639967,5.56,12
08/26/2021,09:57:25,1.20,53.161148,8.639983,3.93,12
08/26/2021,09:57:26,1.20,53.161140,8.639997,4.02,12
08/26/2021,09:57:27,1.20,53.161133,8.640017,5.41,12
08/26/2021,09:57:30,1.20,53.161125,8.640076,3.96,12
08/26/2021,09:57:31,1.20,53.161129,8.640094,4.89,12
08/26/2021,09:57:32,1.20,53.161129,8.640112,4.02,12
08/26/2021,09:57:33,1.20,53.161129,8.640125,3.11,12
08/26/2021,09:57:34,1.20,53.161129,8.640143,4.61,12
08/26/2021,09:57:35,1.20,53.161129,8.640161,4.11,12
08/26/2021,09:57:37,1.20,53.161129,8.640200,4.72,12
08/26/2021,09:57:38,1.20,53.161129,8.640218,4.28,12
08/26/2021,09:57:39,1.20,53.161129,8.640237,4.72,12
08/26/2021,09:57:40,1.20,53.161129,8.640257,4.83,12
08/26/2021,09:57:41,1.10,53.161133,8.640277,4.91,12
08/26/2021,09:57:42,1.10,53.161133,8.640295,4.61,12
08/26/2021,09:57:44,1.20,53.161144,8.640331,4.65,12
08/26/2021,09:57:45,1.20,53.161152,8.640346,4.82,12
08/26/2021,09:57:46,1.20,53.161160,8.640355,4.32,12
08/26/2021,09:57:47,1.20,53.161171,8.640363,4.63,12
08/26/2021,09:57:48,1.20,53.161182,8.640368,5.09,12
08/26/2021,09:57:49,1.20,53.161194,8.640372,5.09,12
08/26/2021,09:57:51,1.20,53.161213,8.640375,3.70,12
08/26/2021,09:57:52,1.20,53.161224,8.640379,5.20,12
08/26/2021,09:57:53,1.20,53.161236,8.640383,4.43,12
08/26/2021,09:57:54,1.20,53.161247,8.640388,5.24,12
08/26/2021,09:57:55,1.10,53.161259,8.640391,4.09,12
08/26/2021,09:57:56,1.10,53.161270,8.640394,4.39,12
08/26/2021,09:57:57,1.20,53.161282,8.640397,4.39,12
08/26/2021,09:57:59,1.20,53.161301,8.640392,2.89,12
08/26/2021,09:58:00,1.20,53.161308,8.640388,2.70,12
08/26/2021,09:58:01,1.00,53.161308,8.640381,2.43,12
08/26/2021,09:58:02,1.00,53.161304,8.640370,2.24,12
08/26/2021,09:58:03,1.00,53.161304,8.640349,4.54,12
08/26/2021,09:58:05,1.10,53.161285,8.640337,3.11,12
08/26/2021,09:58:06,1.20,53.161282,8.640327,2.59,12
08/26/2021,09:58:07,1.20,53.161282,8.640316,2.98,12
08/26/2021,09:58:08,1.20,53.161282,8.640306,3.32,12
08/26/2021,09:58:10,1.20,53.161293,8.640281,3.78,12
08/26/2021,09:58:11,1.20,53.161301,8.640270,4.44,12
08/26/2021,09:58:12,1.20,53.161308,8.640259,4.52,12
08/26/2021,09:58:13,1.20,53.161316,8.640248,4.04,12
08/26/2021,09:58:14,1.20,53.161324,8.640235,4.17,12
08/26/2021,09:58:15,1.20,53.161331,8.640226,4.26,12
08/26/2021,09:58:17,1.40,53.161350,8.640207,3.85,12
08/26/2021,09:58:18,1.40,53.161358,8.640198,4.89,12
08/26/2021,09:58:19,1.40,53.161369,8.640191,4.13,12
08/26/2021,09:58:20,1.40,53.161381,8.640182,4.85,12
08/26/2021,09:58:21,1.40,53.161388,8.640171,4.91,12
08/26/2021,09:58:22,1.40,53.161400,8.640160,4.30,12
08/26/2021,09:58:24,1.40,53.161415,8.640132,4.26,12
08/26/2021,09:58:25,1.40,53.161423,8.640117,5.39,12
08/26/2021,09:58:26,1.40,53.161434,8.640099,5.33,12
08/26/2021,09:58:27,1.40,53.161438,8.640081,4.89,12
08/26/2021,09:58:28,1.40,53.161446,8.640064,4.85,12
08/26/2021,09:58:29,1.40,53.161453,8.640047,4.59,12
08/26/2021,09:58:31,1.40,53.161461,8.640016,3.39,12
08/26/2021,09:58:32,1.40,53.161465,8.639998,4.56,12
08/26/2021,09:58:33,1.40,53.161469,8.639984,3.56,12
08/26/2021,09:58:34,1.40,53.161472,8.639975,3.02,12
08/26/2021,09:58:35,1.40,53.161484,8.639967,4.24,12
08/26/2021,09:58:36,1.40,53.161495,8.639962,4.94,12
08/26/2021,09:58:38,1.40,53.161518,8.639946,4.80,12
08/26/2021,09:58:39,1.40,53.161530,8.639931,4.91,12
08/26/2021,09:58:40,1.40,53.161537,8.639915,4.65,12
08/26/2021,09:58:41,1.40,53.161541,8.639896,4.50,12
08/26/2021,09:58:42,1.40,53.161545,8.639883,3.24,12
08/26/2021,09:58:43,1.40,53.161549,8.639870,3.48,12
08/26/2021,09:58:44,1.40,53.161552,8.639853,4.65,12
08/26/2021,09:58:46,1.40,53.161560,8.639820,4.59,12
08/26/2021,09:58:47,1.40,53.161568,8.639806,3.59,12
08/26/2021,09:58:48,1.40,53.161572,8.639792,4.13,12
08/26/2021,09:58:49,1.40,53.161579,8.639775,5.07,12
08/26/2021,09:58:50,1.40,53.161587,8.639760,5.19,12
08/26/2021,09:58:51,1.40,53.161594,8.639744,5.17,12
08/26/2021,09:58:53,1.40,53.161613,8.639713,5.30,12
08/26/2021,09:58:54,1.40,53.161625,8.639699,4.54,12
08/26/2021,09:58:55,1.40,53.161633,8.639686,4.72,12
08/26/2021,09:58:56,1.40,53.161640,8.639672,4.44,12
08/26/2021,09:58:58,1.40,53.161659,8.639647,5.07,12
08/26/2021,09:58:59,1.40,53.161667,8.639633,4.76,12
08/26/2021,09:59:00,1.40,53.161678,8.639621,4.93,12
08/26/2021,09:59:01,1.40,53.161686,8.639607,5.15,12
08/26/2021,09:59:02,1.40,53.161697,8.639594,5.24,12
08/26/2021,09:59:03,1.40,53.161709,8.639581,5.17,12
08/26/2021,09:59:05,1.40,53.161728,8.639552,5.20,12
08/26/2021,09:59:06,1.40,53.161736,8.639539,4.63,12
08/26/2021,09:59:07,1.40,53.161747,8.639524,5.00,12
08/26/2021,09:59:08,1.40,53.161755,8.639512,4.78,12
08/26/2021,09:59:09,1.40,53.161762,8.639502,4.30,12
08/26/2021,09:59:10,1.40,53.161774,8.639490,5.67,12
08/26/2021,09:59:12,1.20,53.161789,8.639458,4.13,12
08/26/2021,09:59:13,1.20,53.161789,8.639442,3.65,12
08/26/2021,09:59:14,1.00,53.161793,8.639429,3.41,12
08/26/2021,09:59:15,1.00,53.161789,8.639417,3.30,12
08/26/2021,09:59:17,1.00,53.161774,8.639409,3.37,12
08/26/2021,09:59:18,0.80,53.161766,8.639414,4.32,12
08/26/2021,09:59:19,1.00,53.161755,8.639423,5.50,12
08/26/2021,09:59:20,1.00,53.161743,8.639437,5.63,12
08/26/2021,09:59:21,1.00,53.161732,8.639452,5.91,12
08/26/2021,09:59:22,1.00,53.161720,8.639467,6.30,12
08/26/2021,09:59:24,1.10,53.161697,8.639501,6.32,12
08/26/2021,09:59:25,1.20,53.161686,8.639517,6.17,12
08/26/2021,09:59:26,1.20,53.161674,8.639534,6.28,12
08/26/2021,09:59:27,1.40,53.161663,8.639551,6.39,12
08/26/2021,09:59:28,1.40,53.161648,8.639568,6.33,12
08/26/2021,09:59:29,1.40,53.161636,8.639585,6.32,12
08/26/2021,09:59:31,1.40,53.161610,8.639621,6.46,12
08/26/2021,09:59:32,1.40,53.161602,8.639638,6.61,12
08/26/2021,09:59:33,1.40,53.161591,8.639656,6.19,12
08/26/2021,09:59:34,1.40,53.161579,8.639676,6.43,12
08/26/2021,09:59:35,1.40,53.161572,8.639696,6.43,12
08/26/2021,09:59:36,1.40,53.161560,8.639715,6.37,12
08/26/2021,09:59:38,1.40,53.161537,8.639755,6.22,12
08/26/2021,09:59:39,1.40,53.161526,8.639774,6.32,12
08/26/2021,09:59:40,1.40,53.161518,8.639792,6.43,12
08/26/2021,09:59:41,1.40,53.161503,8.639809,6.13,12
08/26/2021,09:59:42,1.40,53.161491,8.639825,6.24,12
08/26/2021,09:59:43,1.40,53.161480,8.639838,6.22,12
08/26/2021,09:59:44,1.40,53.161465,8.639852,6.59,12
08/26/2021,09:59:46,1.40,53.161438,8.639879,6.43,12
08/26/2021,09:59:47,1.40,53.161423,8.639894,6.26,12
08/26/2021,09:59:48,1.40,53.161411,8.639910,6.26,12
08/26/2021,09:59:49,1.40,53.161400,8.639927,6.37,12
08/26/2021,09:59:50,1.40,53.161385,8.639944,6.28,12
08/26/2021,09:59:51,1.40,53.161373,8.639962,6.61,12
08/26/2021,09:59:53,1.40,53.161350,8.640001,6.06,12
08/26/2021,09:59:54,1.40,53.161343,8.640021,6.24,12
08/26/2021,09:59:55,1.40,53.161331,8.640043,6.44,12
08/26/2021,09:59:56,1.40,53.161324,8.640063,6.17,12
08/26/2021,09:59:57,1.40,53.161316,8.640085,6.19,12
08/26/2021,09:59:58,1.30,53.161308,8.640106,6.15,12
08/26/2021,10:00:00,1.30,53.161293,8.640146,5.91,12
08/26/2021,10:00:01,1.20,53.161282,8.640166,6.15,12
08/26/2021,10:00:02,1.20,53.161270,8.640185,5.74,12
08/26/2021,10:00:03,1.20,53.161263,8.640200,5.41,12
08/26/2021,10:00:04,1.20,53.161251,8.640210,5.30,12
08/26/2021,10:00:05,1.20,53.161240,8.640218,5.07,12
08/26/2021,10:00:07,1.20,53.161217,8.640216,4.33,12
08/26/2021,10:00:08,0.00,53.161205,8.640206,4.65,12
08/26/2021,10:00:09,1.20,53.161201,8.640192,4.61,12
08/26/2021,10:00:10,1.20,53.161198,8.640174,4.72,12
08/26/2021,10:00:11,1.10,53.161194,8.640155,4.54,12
08/26/2021,10:00:12,1.10,53.161198,8.640136,5.07,12
08/26/2021,10:00:14,1.20,53.161213,8.640097,6.04,12
08/26/2021,10:00:15,1.20,53.161224,8.640078,6.15,12
08/26/2021,10:00:16,1.20,53.161236,8.640059,6.11,12
08/26/2021,10:00:17,1.20,53.161243,8.640041,6.15,12
08/26/2021,10:00:18,1.20,53.161255,8.640023,6.17,12
08/26/2021,10:00:19,1.20,53.161266,8.640004,6.24,12
08/26/2021,10:00:21,1.20,53.161289,8.639967,6.11,12
08/26/2021,10:00:22,1.20,53.161297,8.639948,6.20,12
08/26/2021,10:00:23,1.20,53.161308,8.639929,6.15,12
08/26/2021,10:00:24,1.20,53.161320,8.639910,6.20,12
08/26/2021,10:00:26,1.20,53.161339,8.639872,6.20,12
08/26/2021,10:00:27,1.40,53.161350,8.639853,6.15,12
08/26/2021,10:00:28,1.40,53.161358,8.639833,6.09,12
08/26/2021,10:00:29,1.40,53.161369,8.639814,5.82,12
08/26/2021,10:00:30,1.40,53.161381,8.639797,6.07,12
08/26/2021,10:00:31,1.40,53.161388,8.639779,6.09,12
08/26/2021,10:00:33,1.40,53.161411,8.639747,6.26,12
08/26/2021,10:00:34,1.40,53.161427,8.639731,6.57,12
08/26/2021,10:00:35,1.40,53.161438,8.639716,6.61,12
08/26/2021,10:00:36,1.40,53.161453,8.639701,6.37,12
08/26/2021,10:00:37,1.40,53.161465,8.639684,6.22,12
08/26/2021,10:00:38,1.40,53.161476,8.639666,6.13,12
08/26/2021,10:00:40,1.40,53.161495,8.639628,5.96,12
08/26/2021,10:00:41,1.40,53.161507,8.639609,5.93,12
08/26/2021,10:00:42,1.40,53.161514,8.639590,6.17,12
08/26/2021,10:00:43,1.40,53.161526,8.639573,5.65,12
08/26/2021,10:00:44,1.40,53.161537,8.639557,5.82,12
08/26/2021,10:00:45,1.40,53.161549,8.639542,6.17,12
08/26/2021,10:00:47,1.40,53.161572,8.639512,6.33,12
08/26/2021,10:00:48,1.40,53.161583,8.639495,6.30,12
08/26/2021,10:00:49,1.40,53.161598,8.639478,6.26,12
08/26/2021,10:00:50,1.40,53.161606,8.639458,6.43,12
08/26/2021,10:00:51,1.40,53.161617,8.639434,7.09,12
08/26/2021,10:00:52,1.40,53.161621,8.639408,6.43,12
08/26/2021,10:00:53,1.40,53.161621,8.639382,6.33,12
08/26/2021,10:00:55,1.40,53.161602,8.639343,6.02,12
08/26/2021,10:00:56,1.20,53.161591,8.639337,5.80,12
08/26/2021,10:00:57,1.20,53.161575,8.639341,5.50,12
08/26/2021,10:00:58,1.20,53.161564,8.639352,5.94,12
08/26/2021,10:00:59,1.20,53.161552,8.639368,6.13,12
08/26/2021,10:01:00,1.20,53.161541,8.639385,5.76,12
08/26/2021,10:01:02,1.20,53.161522,8.639423,6.09,12
08/26/2021,10:01:03,1.30,53.161510,8.639442,6.20,12
08/26/2021,10:01:04,1.40,53.161503,8.639462,6.07,12
08/26/2021,10:01:05,1.40,53.161491,8.639482,6.24,12
08/26/2021,10:01:06,1.40,53.161480,8.639500,6.00,12
08/26/2021,10:01:07,1.40,53.161469,8.639517,6.22,12
08/26/2021,10:01:09,1.40,53.161446,8.639553,6.33,12
08/26/2021,10:01:10,1.40,53.161434,8.639569,6.26,12
08/26/2021,10:01:11,1.40,53.161423,8.639585,6.26,12
08/26/2021,10:01:12,1.40,53.161407,8.639601,6.44,12
08/26/2021,10:01:13,1.50,53.161396,8.639617,6.37,12
08/26/2021,10:01:14,1.40,53.161385,8.639632,6.26,12
08/26/2021,10:01:16,1.40,53.161358,8.639663,6.13,12
08/26/2021,10:01:17,1.40,53.161346,8.639678,6.26,12
08/26/2021,10:01:18,1.50,53.161331,8.639693,6.41,12
08/26/2021,10:01:19,1.50,53.161320,8.639709,6.32,12
08/26/2021,10:01:20,1.40,53.161304,8.639723,6.35,12
08/26/2021,10:01:22,1.40,53.161278,8.639752,6.44,12
08/26/2021,10:01:23,1.40,53.161263,8.639766,6.41,12
08/26/2021,10:01:24,1.40,53.161251,8.639778,6.19,12
08/26/2021,10:01:25,1.40,53.161240,8.639786,4.39,12
08/26/2021,10:01:26,1.20,53.161228,8.639789,4.56,12
08/26/2021,10:01:27,1.20,53.161217,8.639786,4.17,12
08/26/2021,10:01:29,1.20,53.161201,8.639764,4.09,12
08/26/2021,10:01:30,1.20,53.161201,8.639748,3.87,12
08/26/2021,10:01:31,1.20,53.161205,8.639729,5.22,12
08/26/2021,10:01:33,1.20,53.161221,8.639688,6.19,12
08/26/2021,10:01:34,1.30,53.161232,8.639668,6.43,12
08/26/2021,10:01:35,1.30,53.161243,8.639648,6.32,12
08/26/2021,10:01:36,1.40,53.161255,8.639630,6.32,12
08/26/2021,10:01:37,1.40,53.161266,8.639611,6.43,12
08/26/2021,10:01:38,1.40,53.161274,8.639591,6.33,12
08/26/2021,10:01:40,1.40,53.161297,8.639552,6.39,12
08/26/2021,10:01:41,1.40,53.161308,8.639532,6.41,12
08/26/2021,10:01:42,1.40,53.161316,8.639511,6.30,12
08/26/2021,10:01:43,1.50,53.161327,8.639489,6.35,12
08/26/2021,10:01:44,1.50,53.161335,8.639467,6.19,12
08/26/2021,10:01:45,1.50,53.161343,8.639446,6.13,12
08/26/2021,10:01:47,1.50,53.161362,8.639403,6.20,12
08/26/2021,10:01:48,1.50,53.161373,8.639383,6.24,12
08/26/2021,10:01:49,1.50,53.161381,8.639363,6.04,12
08/26/2021,10:01:50,1.50,53.161392,8.639345,5.83,12
08/26/2021,10:01:51,1.50,53.161400,8.639328,5.74,12
08/26/2021,10:01:52,1.40,53.161411,8.639310,5.96,12
08/26/2021,10:01:54,1.40,53.161430,8.639274,6.20,12
08/26/2021,10:01:55,1.40,53.161442,8.639256,6.19,12
08/26/2021,10:01:56,1.40,53.161453,8.639236,6.32,12
08/26/2021,10:01:57,1.40,53.161465,8.639216,6.37,12
08/26/2021,10:01:58,1.40,53.161472,8.639195,6.52,12
08/26/2021,10:01:59,1.40,53.161480,8.639170,6.65,12
08/26/2021,10:02:01,1.30,53.161480,8.639121,5.96,12
08/26/2021,10:02:02,1.20,53.161472,8.639099,6.00,12
08/26/2021,10:02:03,1.20,53.161461,8.639083,6.17,12
08/26/2021,10:02:04,1.20,53.161446,8.639075,6.20,12
08/26/2021,10:02:05,1.20,53.161430,8.639079,5.72,12
08/26/2021,10:02:06,1.20,53.161419,8.639091,5.83,12
08/26/2021,10:02:08,1.20,53.161396,8.639123,5.70,12
08/26/2021,10:02:09,1.20,53.161385,8.639142,6.37,12
08/26/2021,10:02:10,1.20,53.161373,8.639161,6.52,12
08/26/2021,10:02:11,1.40,53.161366,8.639180,6.20,12
08/26/2021,10:02:12,1.40,53.161354,8.639199,6.35,12
08/26/2021,10:02:13,1.40,53.161343,8.639217,6.35,12
08/26/2021,10:02:15,1.50,53.161320,8.639254,6.39,12
08/26/2021,10:02:16,1.50,53.161308,8.639271,6.09,12
08/26/2021,10:02:17,1.50,53.161293,8.639285,5.98,12
08/26/2021,10:02:18,1.50,53.161282,8.639297,5.98,12
08/26/2021,10:02:19,1.50,53.161266,8.639308,5.94,12
08/26/2021,10:02:21,1.50,53.161240,8.639315,5.41,12
08/26/2021,10:02:22,1.50,53.161228,8.639310,5.33,12
08/26/2021,10:02:23,1.50,53.161217,8.639300,5.26,12
08/26/2021,10:02:24,1.50,53.161205,8.639287,5.02,12
08/26/2021,10:02:25,1.50,53.161198,8.639271,4.65,12
08/26/2021,10:02:26,1.40,53.161198,8.639251,5.15,12
08/26/2021,10:02:28,1.40,53.161201,8.639210,5.15,12
08/26/2021,10:02:29,1.50,53.161209,8.639191,5.70,12
08/26/2021,10:02:30,1.50,53.161217,8.639172,5.93,12
08/26/2021,10:02:31,1.50,53.161228,8.639157,5.80,12
08/26/2021,10:02:32,1.50,53.161243,8.639150,5.37,12
08/26/2021,10:02:33,1.50,53.161251,8.639142,3.98,12
08/26/2021,10:02:35,1.50,53.161278,8.639128,5.89,12
08/26/2021,10:02:36,1.50,53.161289,8.639124,5.07,12
08/26/2021,10:02:37,0.20,53.161304,8.639126,5.50,12
08/26/2021,10:02:38,0.20,53.161320,8.639133,6.57,12
08/26/2021,10:02:40,0.20,53.161354,8.639162,7.41,12
08/26/2021,10:02:41,0.20,53.161369,8.639184,8.93,12
08/26/2021,10:02:42,1.50,53.161388,8.639211,9.70,12
08/26/2021,10:02:43,1.50,53.161407,8.639241,10.33,12
08/26/2021,10:02:44,1.40,53.161423,8.639268,8.50,12
08/26/2021,10:02:45,1.40,53.161434,8.639287,5.80,12
08/26/2021,10:02:47,0.20,53.161461,8.639325,7.15,12
08/26/2021,10:02:48,0.20,53.161476,8.639340,6.19,12
08/26/2021,10:02:49,0.20,53.161488,8.639353,5.57,12
08/26/2021,10:02:50,0.20,53.161499,8.639363,5.43,12
08/26/2021,10:02:51,0.20,53.161510,8.639372,4.85,12
08/26/2021,10:02:53,1.40,53.161533,8.639389,4.41,12
08/26/2021,10:02:54,1.30,53.161545,8.639398,4.20,12
08/26/2021,10:02:55,1.20,53.161552,8.639405,4.26,12
08/26/2021,10:02:56,1.20,53.161564,8.639414,4.41,12
08/26/2021,10:02:57,1.20,53.161575,8.639420,3.65,12
08/26/2021,10:02:58,1.20,53.161587,8.639426,5.56,12
08/26/2021,10:03:00,1.30,53.161617,8.639434,6.65,12
08/26/2021,10:03:01,1.40,53.161629,8.639434,5.87,12
08/26/2021,10:03:02,1.40,53.161644,8.639433,5.98,12
08/26/2021,10:03:03,1.40,53.161655,8.639433,5.43,12
08/26/2021,10:03:04,1.40,53.161667,8.639431,4.74,12
08/26/2021,10:03:05,1.20,53.161678,8.639428,4.54,12
08/26/2021,10:03:07,1.20,53.161697,8.639425,4.00,12
08/26/2021,10:03:08,1.20,53.161705,8.639423,3.83,12
08/26/2021,10:03:09,1.20,53.161713,8.639422,4.07,12
08/26/2021,10:03:10,1.20,53.161724,8.639420,4.37,12
08/26/2021,10:03:11,1.20,53.161736,8.639416,5.43,12
08/26/2021,10:03:12,1.00,53.161747,8.639409,4.19,12
08/26/2021,10:03:14,1.00,53.161758,8.639401,2.59,12
08/26/2021,10:03:15,1.00,53.161766,8.639399,1.96,12
08/26/2021,10:03:16,1.00,53.161770,8.639395,1.89,12
08/26/2021,10:03:17,1.00,53.161774,8.639392,1.33,12
08/26/2021,10:03:18,1.00,53.161777,8.639385,2.43,12
08/26/2021,10:03:19,0.90,53.161781,8.639380,1.94,12
08/26/2021,10:03:21,0.80,53.161785,8.639366,2.48,12
08/26/2021,10:03:22,0.80,53.161789,8.639359,1.94,12
08/26/2021,10:03:23,0.80,53.161789,8.639352,1.81,12
08/26/2021,10:03:24,0.80,53.161789,8.639347,1.22,12
08/26/2021,10:03:25,0.80,53.161789,8.639341,1.70,12
08/26/2021,10:03:26,0.80,53.161789,8.639336,1.37,12
08/26/2021,10:03:28,0.80,53.161789,8.639327,0.76,12
08/26/2021,10:03:29,0.80,53.161789,8.639325,0.63,12
08/26/2021,10:03:30,0.70,53.161789,8.639323,0.20,12
08/26/2021,10:03:31,0.70,53.161789,8.639321,0.09,12
08/26/2021,10:03:32,0.60,53.161789,8.639321,0.26,12
08/26/2021,10:03:33,0.60,53.161793,8.639321,0.22,12
08/26/2021,10:03:35,0.60,53.161793,8.639323,0.44,12
08/26/2021,10:03:36,0.60,53.161793,8.639323,0.39,12
08/26/2021,10:03:37,0.60,53.161797,8.639328,2.00,12
08/26/2021,10:03:38,0.60,53.161800,8.639332,1.76,12
08/26/2021,10:03:39,0.60,53.161804,8.639338,1.69,12
08/26/2021,10:03:40,0.60,53.161808,8.639347,0.93,12
08/26/2021,10:03:41,0.60,53.161804,8.639346,0.80,12
08/26/2021,10:03:43,0.60,53.161800,8.639343,0.44,12
08/26/2021,10:03:44,0.60,53.161800,8.639342,0.46,12
08/26/2021,10:03:45,0.60,53.161800,8.639344,0.46,12
