08/26/2021,10:33:57,0.60,53.161888,8.639546,0.02,12
08/26/2021,10:33:59,0.60,53.161888,8.639545,0.04,12
08/26/2021,10:34:00,0.60,53.161888,8.639544,0.02,12
08/26/2021,10:34:01,0.60,53.161888,8.639544,0.46,12
08/26/2021,10:34:02,0.60,53.161888,8.639544,0.54,12
08/26/2021,10:34:03,0.60,53.161884,8.639547,1.02,12
08/26/2021,10:34:04,0.60,53.161880,8.639557,1.56,12
08/26/2021,10:34:06,0.70,53.161888,8.639574,1.91,12
08/26/2021,10:34:07,0.70,53.161892,8.639582,1.85,12
08/26/2021,10:34:08,0.80,53.161896,8.639588,1.80,12
08/26/2021,10:34:09,0.80,53.161900,8.639591,1.50,12
08/26/2021,10:34:10,0.80,53.161900,8.639595,1.22,12
08/26/2021,10:34:12,0.80,53.161907,8.639601,1.56,12
08/26/2021,10:34:13,0.80,53.161911,8.639606,2.28,12
08/26/2021,10:34:14,0.80,53.161915,8.639614,3.43,12
08/26/2021,10:34:15,0.80,53.161919,8.639625,2.83,12
08/26/2021,10:34:16,1.00,53.161922,8.639628,0.65,12
08/26/2021,10:34:18,1.00,53.161926,8.639652,4.80,12
08/26/2021,10:34:19,1.00,53.161922,8.639672,4.70,12
08/26/2021,10:34:20,1.00,53.161919,8.639688,3.32,12
08/26/2021,10:34:21,1.00,53.161915,8.639703,3.91,12
08/26/2021,10:34:22,1.00,53.161911,8.639715,3.32,12
08/26/2021,10:34:23,1.00,53.161903,8.639729,3.32,12
08/26/2021,10:34:25,1.00,53.161892,8.639751,3.78,12
08/26/2021,10:34:26,1.00,53.161884,8.639764,4.28,12
08/26/2021,10:34:27,1.00,53.161877,8.639777,4.17,12
08/26/2021,10:34:28,1.00,53.161869,8.639790,3.80,12
08/26/2021,10:34:29,1.00,53.161861,8.639803,3.93,12
08/26/2021,10:34:31,1.00,53.161850,8.639831,3.74,12
08/26/2021,10:34:32,1.00,53.161846,8.639846,4.02,12
08/26/2021,10:34:33,1.00,53.161842,8.639860,3.78,12
08/26/2021,10:34:34,1.10,53.161839,8.639873,2.91,12
08/26/2021,10:34:35,1.00,53.161831,8.639886,4.07,12
08/26/2021,10:34:36,1.00,53.161827,8.639900,3.89,12
08/26/2021,10:34:38,1.00,53.161816,8.639930,3.91,12
08/26/2021,10:34:39,1.00,53.161808,8.639942,3.43,12
08/26/2021,10:34:40,1.00,53.161804,8.639956,4.50,12
08/26/2021,10:34:41,1.00,53.161797,8.639972,4.06,12
08/26/2021,10:34:42,1.00,53.161789,8.639985,3.72,12
08/26/2021,10:34:44,1.00,53.161777,8.640007,3.70,12
08/26/2021,10:34:45,1.00,53.161774,8.640016,3.02,12
08/26/2021,10:34:46,1.00,53.161766,8.640023,3.72,12
08/26/2021,10:34:47,1.00,53.161755,8.640029,5.20,12
08/26/2021,10:34:48,1.00,53.161743,8.640034,4.32,12
08/26/2021,10:34:49,1.00,53.161732,8.640038,5.02,12
08/26/2021,10:34:51,1.00,53.161713,8.640058,3.54,12
08/26/2021,10:34:52,1.00,53.161705,8.640067,3.43,12
08/26/2021,10:34:53,1.00,53.161701,8.640078,3.50,12
08/26/2021,10:34:54,0.90,53.161694,8.640089,3.30,12
08/26/2021,10:34:56,0.90,53.161686,8.640115,3.69,12
08/26/2021,10:34:57,1.00,53.161682,8.640130,4.19,12
08/26/2021,10:34:58,1.00,53.161678,8.640143,3.07,12
08/26/2021,10:34:59,1.00,53.161671,8.640157,4.32,12
08/26/2021,10:35:00,1.00,53.161667,8.640171,3.82,12
08/26/2021,10:35:02,1.00,53.161652,8.640196,4.32,12
08/26/2021,10:35:03,1.00,53.161644,8.640207,4.44,12
08/26/2021,10:35:04,1.00,53.161633,8.640219,4.69,12
08/26/2021,10:35:05,1.00,53.161625,8.640229,4.24,12
08/26/2021,10:35:07,1.00,53.161606,8.640257,4.39,12
08/26/2021,10:35:08,1.00,53.161602,8.640271,3.96,12
08/26/2021,10:35:09,1.00,53.161598,8.640286,4.00,12
08/26/2021,10:35:10,1.00,53.161594,8.640300,3.59,12
08/26/2021,10:35:11,1.00,53.161594,8.640311,2.69,12
08/26/2021,10:35:12,1.10,53.161591,8.640325,3.26,12
08/26/2021,10:35:14,1.00,53.161587,8.640348,3.06,12
08/26/2021,10:35:15,1.00,53.161583,8.640359,3.19,12
08/26/2021,10:35:16,1.00,53.161575,8.640366,2.80,12
08/26/2021,10:35:17,1.00,53.161568,8.640369,2.93,12
08/26/2021,10:35:18,1.00,53.161556,8.640368,3.96,12
08/26/2021,10:35:20,1.00,53.161541,8.640356,3.65,12
08/26/2021,10:35:21,1.00,53.161530,8.640349,4.87,12
08/26/2021,10:35:22,1.00,53.161522,8.640347,3.09,12
08/26/2021,10:35:23,1.00,53.161514,8.640346,2.30,12
08/26/2021,10:35:24,1.00,53.161510,8.640347,2.24,12
08/26/2021,10:35:25,0.80,53.161503,8.640354,3.83,12
08/26/2021,10:35:27,0.80,53.161491,8.640375,3.19,12
08/26/2021,10:35:28,0.80,53.161488,8.640385,3.00,12
08/26/2021,10:35:29,0.80,53.161484,8.640391,2.24,12
08/26/2021,10:35:30,0.80,53.161480,8.640397,1.91,12
08/26/2021,10:35:31,1.00,53.161476,8.640408,3.22,12
08/26/2021,10:35:33,1.00,53.161469,8.640434,3.80,12
08/26/2021,10:35:34,1.00,53.161465,8.640448,3.50,12
08/26/2021,10:35:35,1.00,53.161461,8.640460,2.96,12
08/26/2021,10:35:36,1.00,53.161465,8.640470,2.20,12
08/26/2021,10:35:37,1.00,53.161465,8.640477,1.83,12
08/26/2021,10:35:39,1.00,53.161472,8.640484,1.72,12
08/26/2021,10:35:40,1.00,53.161476,8.640483,1.76,12
08/26/2021,10:35:41,1.00,53.161480,8.640477,2.11,12
08/26/2021,10:35:42,1.00,53.161484,8.640470,2.28,12
08/26/2021,10:35:43,1.00,53.161488,8.640460,2.59,12
08/26/2021,10:35:44,0.90,53.161491,8.640450,2.69,12
08/26/2021,10:35:46,1.00,53.161495,8.640432,1.72,12
08/26/2021,10:35:47,1.00,53.161499,8.640426,2.26,12
08/26/2021,10:35:48,1.00,53.161507,8.640420,3.48,12
08/26/2021,10:35:49,1.00,53.161514,8.640416,3.63,12
08/26/2021,10:35:50,1.00,53.161522,8.640415,3.17,12
08/26/2021,10:35:51,1.00,53.161530,8.640416,2.91,12
08/26/2021,10:35:53,1.00,53.161552,8.640430,5.24,12
08/26/2021,10:35:54,1.00,53.161564,8.640436,5.07,12
08/26/2021,10:35:55,1.00,53.161575,8.640442,4.52,12
08/26/2021,10:35:56,0.90,53.161587,8.640444,4.82,12
08/26/2021,10:35:57,0.80,53.161598,8.640446,4.67,12
08/26/2021,10:35:59,0.90,53.161621,8.640447,4.52,12
08/26/2021,10:36:00,0.80,53.161629,8.640448,4.06,12
08/26/2021,10:36:01,0.80,53.161640,8.640450,4.61,12
08/26/2021,10:36:02,0.80,53.161652,8.640450,4.32,12
08/26/2021,10:36:03,1.00,53.161663,8.640453,4.35,12
08/26/2021,10:36:05,1.00,53.161686,8.640464,4.41,12
08/26/2021,10:36:06,1.00,53.161697,8.640471,4.91,12
08/26/2021,10:36:07,1.00,53.161709,8.640478,5.19,12
08/26/2021,10:36:08,1.00,53.161720,8.640486,5.04,12
08/26/2021,10:36:09,1.00,53.161736,8.640491,4.78,12
08/26/2021,10:36:11,1.00,53.161755,8.640500,4.50,12
08/26/2021,10:36:12,0.80,53.161766,8.640504,3.54,12
08/26/2021,10:36:13,0.80,53.161774,8.640508,3.30,12
08/26/2021,10:36:14,0.80,53.161781,8.640512,3.24,12
08/26/2021,10:36:15,1.00,53.161785,8.640512,1.43,12
08/26/2021,10:36:17,1.00,53.161797,8.640515,2.20,12
08/26/2021,10:36:18,1.00,53.161800,8.640527,3.26,12
08/26/2021,10:36:19,1.00,53.161800,8.640540,3.00,12
08/26/2021,10:36:20,1.00,53.161800,8.640556,3.85,12
08/26/2021,10:36:21,0.90,53.161800,8.640574,4.32,12
08/26/2021,10:36:23,0.80,53.161797,8.640603,4.00,12
08/26/2021,10:36:24,0.80,53.161793,8.640619,4.13,12
08/26/2021,10:36:25,0.80,53.161789,8.640636,4.28,12
08/26/2021,10:36:26,1.00,53.161793,8.640651,3.17,12
08/26/2021,10:36:27,1.00,53.161793,8.640661,2.80,12
08/26/2021,10:36:29,1.00,53.161800,8.640682,2.83,12
08/26/2021,10:36:30,0.80,53.161808,8.640688,2.96,12
08/26/2021,10:36:31,0.80,53.161819,8.640687,3.43,12
08/26/2021,10:36:32,0.80,53.161827,8.640681,3.33,12
08/26/2021,10:36:33,0.90,53.161835,8.640672,3.20,12
08/26/2021,10:36:34,0.80,53.161835,8.640659,2.72,12
08/26/2021,10:36:36,0.80,53.161839,8.640636,3.09,12
08/26/2021,10:36:37,0.80,53.161839,8.640627,1.96,12
08/26/2021,10:36:38,0.80,53.161839,8.640615,2.89,12
08/26/2021,10:36:39,0.00,53.161842,8.640604,2.57,12
08/26/2021,10:36:40,0.90,53.161842,8.640594,2.57,12
08/26/2021,10:36:42,0.80,53.161854,8.640569,3.72,12
08/26/2021,10:36:43,0.80,53.161861,8.640560,4.02,12
08/26/2021,10:36:44,0.80,53.161873,8.640554,4.26,12
08/26/2021,10:36:45,0.80,53.161884,8.640550,5.20,12
08/26/2021,10:36:46,0.80,53.161896,8.640547,4.83,12
08/26/2021,10:36:47,0.80,53.161907,8.640545,4.70,12
08/26/2021,10:36:49,0.80,53.161934,8.640532,4.82,12
08/26/2021,10:36:50,0.80,53.161942,8.640520,4.54,12
08/26/2021,10:36:51,0.80,53.161945,8.640505,4.22,12
08/26/2021,10:36:52,0.80,53.161949,8.640488,4.24,12
08/26/2021,10:36:53,0.80,53.161953,8.640470,4.54,12
08/26/2021,10:36:54,0.80,53.161953,8.640452,3.98,12
08/26/2021,10:36:56,0.80,53.161957,8.640417,4.13,12
08/26/2021,10:36:57,0.80,53.161957,8.640397,5.30,12
08/26/2021,10:36:58,0.80,53.161961,8.640376,5.02,12
08/26/2021,10:36:59,0.80,53.161964,8.640356,5.17,12
08/26/2021,10:37:00,0.80,53.161968,8.640337,4.65,12
08/26/2021,10:37:02,0.80,53.161976,8.640298,4.89,12
08/26/2021,10:37:03,0.60,53.161976,8.640279,4.83,12
08/26/2021,10:37:04,0.60,53.161980,8.640261,4.32,12
08/26/2021,10:37:05,0.60,53.161980,8.640244,4.24,12
08/26/2021,10:37:06,0.60,53.161983,8.640227,4.07,12
08/26/2021,10:37:07,0.60,53.161983,8.640208,4.87,12
08/26/2021,10:37:09,0.60,53.161987,8.640174,4.17,12
08/26/2021,10:37:10,0.40,53.161987,8.640156,4.37,12
08/26/2021,10:37:11,0.40,53.161991,8.640138,4.11,12
08/26/2021,10:37:12,0.40,53.161991,8.640121,3.61,12
08/26/2021,10:37:14,0.40,53.161991,8.640088,4.19,12
08/26/2021,10:37:15,0.40,53.161995,8.640070,4.33,12
08/26/2021,10:37:16,0.40,53.161995,8.640053,3.93,12
08/26/2021,10:37:17,0.40,53.161999,8.640036,4.24,12
08/26/2021,10:37:18,0.40,53.161999,8.640018,4.26,12
08/26/2021,10:37:19,0.40,53.162003,8.639999,4.85,12
08/26/2021,10:37:21,0.40,53.162006,8.639962,4.50,12
08/26/2021,10:37:22,0.40,53.162010,8.639943,4.46,12
08/26/2021,10:37:23,0.40,53.162010,8.639924,4.48,12
08/26/2021,10:37:24,0.40,53.162014,8.639906,4.39,12
08/26/2021,10:37:25,0.40,53.162014,8.639888,4.43,12
08/26/2021,10:37:27,0.40,53.162014,8.639853,4.33,12
08/26/2021,10:37:28,0.40,53.162018,8.639833,4.63,12
08/26/2021,10:37:29,0.40,53.162022,8.639814,4.04,12
08/26/2021,10:37:30,0.40,53.162025,8.639796,4.11,12
08/26/2021,10:37:31,0.40,53.162025,8.639779,3.70,12
08/26/2021,10:37:33,0.40,53.162029,8.639752,2.85,12
08/26/2021,10:37:34,0.40,53.162033,8.639740,2.91,12
08/26/2021,10:37:35,0.40,53.162033,8.639728,3.35,12
08/26/2021,10:37:36,0.40,53.162033,8.639712,3.93,12
08/26/2021,10:37:37,0.40,53.162037,8.639695,4.19,12
08/26/2021,10:37:39,0.00,53.162033,8.639670,2.30,12
08/26/2021,10:37:40,0.00,53.162029,8.639662,1.80,12
08/26/2021,10:37:41,0.00,53.162033,8.639654,1.35,12
08/26/2021,10:37:42,0.00,53.162033,8.639648,1.13,12
08/26/2021,10:37:43,0.00,53.162033,8.639644,1.28,12
08/26/2021,10:37:44,0.00,53.162029,8.639638,1.69,12
08/26/2021,10:37:46,0.00,53.162029,8.639631,0.48,12
08/26/2021,10:37:47,0.00,53.162029,8.639629,0.30,12
08/26/2021,10:37:48,0.00,53.162029,8.639628,0.22,12
08/26/2021,10:37:49,0.00,53.162029,8.639629,1.04,12
08/26/2021,10:37:50,0.00,53.162033,8.639631,1.04,12
08/26/2021,10:37:51,0.00,53.162033,8.639637,2.33,12
08/26/2021,10:37:53,0.00,53.162037,8.639650,0.89,12
08/26/2021,10:37:54,0.00,53.162037,8.639653,0.70,12
08/26/2021,10:37:55,0.00,53.162037,8.639655,0.59,12
08/26/2021,10:37:56,0.00,53.162037,8.639660,0.56,12
08/26/2021,10:37:57,0.00,53.162037,8.639662,0.46,12
08/26/2021,10:37:58,0.00,53.162037,8.639665,0.35,12
08/26/2021,10:38:00,0.00,53.162037,8.639668,0.06,12
08/26/2021,10:38:01,0.00,53.162033,8.639670,1.24,12
08/26/2021,10:38:02,0.00,53.162033,8.639674,1.07,12
08/26/2021,10:38:03,0.00,53.162029,8.639679,1.46,12
08/26/2021,10:38:04,0.00,53.162025,8.639683,1.63,12
08/26/2021,10:38:06,0.00,53.162022,8.639694,1.76,12
08/26/2021,10:38:07,0.00,53.162018,8.639696,1.07,12
08/26/2021,10:38:08,0.00,53.162014,8.639699,1.56,12
08/26/2021,10:38:09,0.00,53.162010,8.639706,2.07,12
08/26/2021,10:38:11,0.60,53.162006,8.639717,1.78,12
08/26/2021,10:38:12,0.60,53.162003,8.639723,1.74,12
08/26/2021,10:38:13,0.60,53.162003,8.639728,1.33,12
08/26/2021,10:38:14,0.60,53.161999,8.639733,1.57,12
08/26/2021,10:38:15,0.70,53.161999,8.639739,1.30,12
08/26/2021,10:38:17,0.80,53.161995,8.639747,1.15,12
08/26/2021,10:38:18,0.80,53.161995,8.639751,1.19,12
08/26/2021,10:38:19,0.80,53.161995,8.639757,1.50,12
08/26/2021,10:38:20,0.80,53.161999,8.639763,1.06,12
08/26/2021,10:38:21,0.80,53.161999,8.639767,0.91,12
08/26/2021,10:38:23,0.80,53.161995,8.639774,1.09,12
08/26/2021,10:38:24,0.60,53.161995,8.639777,0.67,12
08/26/2021,10:38:25,0.60,53.161995,8.639780,0.93,12
08/26/2021,10:38:26,0.60,53.161995,8.639784,0.85,12
08/26/2021,10:38:27,0.60,53.161995,8.639787,0.89,12
08/26/2021,10:38:29,0.60,53.161999,8.639795,0.96,12
08/26/2021,10:38:30,0.60,53.161999,8.639799,0.70,12
08/26/2021,10:38:31,0.60,53.161999,8.639803,1.13,12
08/26/2021,10:38:32,0.50,53.161999,8.639805,0.69,12
08/26/2021,10:38:33,0.40,53.161999,8.639807,0.61,12
08/26/2021,10:38:34,0.40,53.162003,8.639809,0.54,12
08/26/2021,10:38:36,0.40,53.162003,8.639813,0.91,12
08/26/2021,10:38:37,0.40,53.162003,8.639817,0.98,12
08/26/2021,10:38:38,0.40,53.162003,8.639823,1.20,12
08/26/2021,10:38:39,0.40,53.162003,8.639828,1.15,12
08/26/2021,10:38:40,0.40,53.162003,8.639834,1.56,12
08/26/2021,10:38:41,0.40,53.162003,8.639841,1.76,12
08/26/2021,10:38:43,0.40,53.161999,8.639854,1.56,12
08/26/2021,10:38:44,0.40,53.161999,8.639861,1.46,12
08/26/2021,10:38:45,0.40,53.161995,8.639866,1.31,12
08/26/2021,10:38:46,0.40,53.161995,8.639872,1.41,12
08/26/2021,10:38:47,0.40,53.161995,8.639877,1.35,12
08/26/2021,10:38:48,0.40,53.161991,8.639885,2.37,12
08/26/2021,10:38:50,0.40,53.161991,8.639906,2.22,12
08/26/2021,10:38:51,0.40,53.161987,8.639914,2.78,12
08/26/2021,10:38:52,0.40,53.161983,8.639920,2.20,12
08/26/2021,10:38:53,0.40,53.161976,8.639925,3.09,12
08/26/2021,10:38:54,0.40,53.161961,8.639928,3.22,12
08/26/2021,10:38:56,0.60,53.161953,8.639931,1.61,12
08/26/2021,10:38:57,0.60,53.161949,8.639922,3.37,12
08/26/2021,10:38:58,0.70,53.161945,8.639909,3.32,12
08/26/2021,10:38:59,0.80,53.161949,8.639894,3.80,12
08/26/2021,10:39:00,0.80,53.161953,8.639877,4.32,12
08/26/2021,10:39:01,0.80,53.161957,8.639863,4.13,12
08/26/2021,10:39:03,0.80,53.161968,8.639832,4.57,12
08/26/2021,10:39:04,0.80,53.161976,8.639817,3.96,12
08/26/2021,10:39:05,0.80,53.161983,8.639805,3.83,12
08/26/2021,10:39:06,0.80,53.161987,8.639790,4.59,12
08/26/2021,10:39:07,0.80,53.161995,8.639774,3.93,12
08/26/2021,10:39:08,0.60,53.161999,8.639759,3.48,12
08/26/2021,10:39:10,0.60,53.161995,8.639732,2.85,12
08/26/2021,10:39:11,0.60,53.161991,8.639723,3.02,12
08/26/2021,10:39:12,0.60,53.161987,8.639714,2.65,12
08/26/2021,10:39:13,0.80,53.161983,8.639711,2.52,12
08/26/2021,10:39:14,0.80,53.161980,8.639716,2.59,12
08/26/2021,10:39:15,0.80,53.161972,8.639723,3.11,12
08/26/2021,10:39:17,0.80,53.161961,8.639754,4.80,12
08/26/2021,10:39:18,0.80,53.161957,8.639770,3.69,12
08/26/2021,10:39:19,0.80,53.161953,8.639786,4.41,12
08/26/2021,10:39:20,0.80,53.161953,8.639803,3.96,12
08/26/2021,10:39:21,0.80,53.161945,8.639821,4.80,12
08/26/2021,10:39:23,1.00,53.161934,8.639855,4.87,12
08/26/2021,10:39:24,1.00,53.161926,8.639872,4.63,12
08/26/2021,10:39:25,1.00,53.161919,8.639887,4.80,12
08/26/2021,10:39:26,1.00,53.161911,8.639901,4.76,12
08/26/2021,10:39:27,1.00,53.161903,8.639917,4.87,12
08/26/2021,10:39:29,1.00,53.161884,8.639949,5.06,12
08/26/2021,10:39:30,1.00,53.161877,8.639964,4.91,12
08/26/2021,10:39:31,1.00,53.161865,8.639979,4.85,12
08/26/2021,10:39:33,1.00,53.161850,8.640012,5.04,12
08/26/2021,10:39:34,1.00,53.161842,8.640028,4.89,12
08/26/2021,10:39:35,1.00,53.161835,8.640045,4.89,12
08/26/2021,10:39:36,1.00,53.161827,8.640062,5.04,12
08/26/2021,10:39:37,0.80,53.161819,8.640079,4.85,12
08/26/2021,10:39:39,0.80,53.161804,8.640114,4.61,12
08/26/2021,10:39:40,1.00,53.161800,8.640131,4.63,12
08/26/2021,10:39:41,1.00,53.161793,8.640149,5.04,12
08/26/2021,10:39:42,0.90,53.161785,8.640166,5.00,12
08/26/2021,10:39:43,0.90,53.161777,8.640183,4.93,12
08/26/2021,10:39:44,1.00,53.161770,8.640202,5.00,12
08/26/2021,10:39:46,0.90,53.161758,8.640234,4.94,12
08/26/2021,10:39:47,1.00,53.161751,8.640250,5.02,12
08/26/2021,10:39:48,0.90,53.161743,8.640265,4.76,12
08/26/2021,10:39:49,0.80,53.161736,8.640279,4.22,12
08/26/2021,10:39:50,0.80,53.161728,8.640293,4.67,12
08/26/2021,10:39:51,0.90,53.161720,8.640307,4.52,12
08/26/2021,10:39:53,1.00,53.161705,8.640338,5.06,12
08/26/2021,10:39:54,1.00,53.161697,8.640355,5.07,12
08/26/2021,10:39:55,1.00,53.161694,8.640372,4.48,12
08/26/2021,10:39:56,1.00,53.161694,8.640388,4.20,12
08/26/2021,10:39:57,1.00,53.161694,8.640404,4.15,12
08/26/2021,10:39:59,1.00,53.161705,8.640428,3.83,12
08/26/2021,10:40:00,0.80,53.161713,8.640432,3.74,12
08/26/2021,10:40:01,1.00,53.161724,8.640431,3.76,12
08/26/2021,10:40:02,1.00,53.161732,8.640427,3.80,12
08/26/2021,10:40:03,1.00,53.161739,8.640419,4.09,12
08/26/2021,10:40:04,1.00,53.161751,8.640406,4.56,12
08/26/2021,10:40:06,1.00,53.161766,8.640377,4.94,12
08/26/2021,10:40:07,0.80,53.161774,8.640360,5.39,12
08/26/2021,10:40:08,0.80,53.161781,8.640341,5.56,12
08/26/2021,10:40:09,0.80,53.161789,8.640322,5.33,12
08/26/2021,10:40:10,0.80,53.161793,8.640304,5.35,12
08/26/2021,10:40:12,0.90,53.161808,8.640265,5.33,12
08/26/2021,10:40:13,1.00,53.161816,8.640247,5.11,12
08/26/2021,10:40:14,1.00,53.161823,8.640229,5.43,12
08/26/2021,10:40:15,1.00,53.161831,8.640211,5.30,12
08/26/2021,10:40:16,0.80,53.161839,8.640193,5.46,12
08/26/2021,10:40:17,0.80,53.161846,8.640175,5.37,12
08/26/2021,10:40:19,0.90,53.161861,8.640141,5.37,12
08/26/2021,10:40:20,0.80,53.161873,8.640122,5.43,12
08/26/2021,10:40:21,0.80,53.161880,8.640104,5.39,12
08/26/2021,10:40:22,0.80,53.161888,8.640086,5.43,12
08/26/2021,10:40:23,0.80,53.161896,8.640068,5.41,12
08/26/2021,10:40:25,0.90,53.161907,8.640029,5.39,12
08/26/2021,10:40:26,0.90,53.161915,8.640010,5.43,12
08/26/2021,10:40:27,1.00,53.161922,8.639990,5.37,12
08/26/2021,10:40:28,1.00,53.161930,8.639971,5.33,12
08/26/2021,10:40:29,1.00,53.161934,8.639952,5.33,12
08/26/2021,10:40:30,1.00,53.161942,8.639932,5.44,12
08/26/2021,10:40:32,1.00,53.161953,8.639892,5.35,12
08/26/2021,10:40:33,1.00,53.161961,8.639873,5.33,12
08/26/2021,10:40:34,0.00,53.161968,8.639858,3.83,12
08/26/2021,10:40:35,0.00,53.161972,8.639847,3.43,12
08/26/2021,10:40:36,0.80,53.161980,8.639839,3.57,12
08/26/2021,10:40:38,0.60,53.161995,8.639837,2.96,12
08/26/2021,10:40:39,0.40,53.162003,8.639843,2.91,12
08/26/2021,10:40:40,0.40,53.162006,8.639855,3.82,12
08/26/2021,10:40:42,0.40,53.162006,8.639888,4.13,12
08/26/2021,10:40:43,0.40,53.162006,8.639909,5.61,12
08/26/2021,10:40:44,0.40,53.162003,8.639929,4.83,12
08/26/2021,10:40:45,0.40,53.161995,8.639947,4.72,12
08/26/2021,10:40:46,0.40,53.161991,8.639966,5.00,12
08/26/2021,10:40:47,0.40,53.161987,8.639986,5.00,12
08/26/2021,10:40:49,0.40,53.161980,8.640025,4.94,12
08/26/2021,10:40:50,0.50,53.161976,8.640044,5.00,12
08/26/2021,10:40:51,0.60,53.161972,8.640064,5.06,12
08/26/2021,10:40:52,0.60,53.161968,8.640085,5.35,12
08/26/2021,10:40:53,0.60,53.161964,8.640106,5.17,12
08/26/2021,10:40:55,0.60,53.161957,8.640147,5.09,12
08/26/2021,10:40:56,0.60,53.161953,8.640167,5.04,12
08/26/2021,10:40:57,0.60,53.161949,8.640186,4.65,12
08/26/2021,10:40:58,0.60,53.161945,8.640207,4.96,12
08/26/2021,10:40:59,0.60,53.161942,8.640227,5.06,12
08/26/2021,10:41:00,0.60,53.161938,8.640248,4.98,12
08/26/2021,10:41:02,0.80,53.161934,8.640289,5.19,12
08/26/2021,10:41:03,0.80,53.161930,8.640310,5.11,12
08/26/2021,10:41:04,0.80,53.161926,8.640330,5.11,12
08/26/2021,10:41:05,0.80,53.161922,8.640350,5.06,12
08/26/2021,10:41:06,0.80,53.161919,8.640371,5.04,12
08/26/2021,10:41:07,0.80,53.161915,8.640390,4.93,12
08/26/2021,10:41:09,0.80,53.161903,8.640430,4.96,12
08/26/2021,10:41:10,0.80,53.161900,8.640452,5.28,12
08/26/2021,10:41:11,0.80,53.161896,8.640472,4.56,12
08/26/2021,10:41:12,0.80,53.161896,8.640491,3.94,12
08/26/2021,10:41:13,0.80,53.161896,8.640504,3.13,12
08/26/2021,10:41:14,0.80,53.161900,8.640516,3.52,12
08/26/2021,10:41:16,0.80,53.161907,8.640539,3.43,12
08/26/2021,10:41:17,0.80,53.161915,8.640548,3.65,12
08/26/2021,10:41:18,0.80,53.161922,8.640554,3.32,12
08/26/2021,10:41:19,0.80,53.161926,8.640561,2.76,12
08/26/2021,10:41:20,0.80,53.161934,8.640569,2.61,12
08/26/2021,10:41:22,0.80,53.161942,8.640580,2.98,12
08/26/2021,10:41:23,0.80,53.161949,8.640589,3.13,12
08/26/2021,10:41:24,0.80,53.161953,8.640598,3.06,12
08/26/2021,10:41:25,0.80,53.161957,8.640608,2.89,12
08/26/2021,10:41:26,0.80,53.161961,8.640616,2.72,12
08/26/2021,10:41:27,0.80,53.161964,8.640627,2.83,12
08/26/2021,10:41:29,0.80,53.161972,8.640650,3.28,12
08/26/2021,10:41:30,0.80,53.161972,8.640659,2.00,12
08/26/2021,10:41:31,0.80,53.161972,8.640668,2.22,12
08/26/2021,10:41:32,0.80,53.161972,8.640683,4.46,12
08/26/2021,10:41:33,0.80,53.161968,8.640701,4.41,12
08/26/2021,10:41:35,0.80,53.161957,8.640732,4.00,12
08/26/2021,10:41:36,0.80,53.161949,8.640745,4.00,12
08/26/2021,10:41:37,0.80,53.161945,8.640759,4.24,12
08/26/2021,10:41:38,0.80,53.161938,8.640772,3.78,12
08/26/2021,10:41:39,0.80,53.161934,8.640785,3.78,12
08/26/2021,10:41:41,0.80,53.161922,8.640815,4.02,12
08/26/2021,10:41:42,0.80,53.161919,8.640830,3.98,12
08/26/2021,10:41:43,0.80,53.161919,8.640846,4.44,12
08/26/2021,10:41:44,0.80,53.161915,8.640863,4.32,12
08/26/2021,10:41:45,0.80,53.161911,8.640881,4.09,12
08/26/2021,10:41:46,0.80,53.161911,8.640895,3.65,12
08/26/2021,10:41:48,0.80,53.161903,8.640922,3.32,12
08/26/2021,10:41:49,0.80,53.161896,8.640931,2.56,12
08/26/2021,10:41:51,0.80,53.161880,8.640937,4.57,12
08/26/2021,10:41:52,0.80,53.161869,8.640936,4.09,12
08/26/2021,10:41:53,0.80,53.161858,8.640932,4.63,12
08/26/2021,10:41:54,0.80,53.161846,8.640928,4.63,12
08/26/2021,10:41:55,0.70,53.161835,8.640924,4.61,12
08/26/2021,10:41:56,0.80,53.161823,8.640919,4.43,12
08/26/2021,10:41:58,0.80,53.161804,8.640912,4.44,12
08/26/2021,10:41:59,0.80,53.161793,8.640910,4.48,12
08/26/2021,10:42:00,0.80,53.161781,8.640908,4.63,12
08/26/2021,10:42:01,0.80,53.161770,8.640905,4.46,12
08/26/2021,10:42:02,0.80,53.161758,8.640903,4.93,12
08/26/2021,10:42:04,0.80,53.161739,8.640893,2.74,12
08/26/2021,10:42:05,0.80,53.161728,8.640886,4.85,12
08/26/2021,10:42:06,0.80,53.161716,8.640880,4.72,12
08/26/2021,10:42:07,0.80,53.161705,8.640872,4.82,12
08/26/2021,10:42:08,0.80,53.161694,8.640864,4.93,12
08/26/2021,10:42:09,0.80,53.161682,8.640858,4.50,12
08/26/2021,10:42:11,0.80,53.161659,8.640845,4.67,12
08/26/2021,10:42:12,0.80,53.161652,8.640839,4.46,12
08/26/2021,10:42:13,0.80,53.161640,8.640834,4.74,12
08/26/2021,10:42:14,0.80,53.161629,8.640828,4.87,12
08/26/2021,10:42:15,0.80,53.161617,8.640823,4.41,12
08/26/2021,10:42:16,0.80,53.161606,8.640819,4.63,12
08/26/2021,10:42:18,0.80,53.161583,8.640809,5.04,12
08/26/2021,10:42:19,0.80,53.161568,8.640805,5.17,12
08/26/2021,10:42:20,0.80,53.161556,8.640801,4.69,12
08/26/2021,10:42:21,0.80,53.161545,8.640798,4.22,12
08/26/2021,10:42:22,0.80,53.161533,8.640794,4.33,12
08/26/2021,10:42:23,0.80,53.161526,8.640789,4.20,12
08/26/2021,10:42:25,0.80,53.161503,8.640777,5.28,12
08/26/2021,10:42:26,0.80,53.161491,8.640771,4.39,12
08/26/2021,10:42:27,0.80,53.161480,8.640764,4.37,12
08/26/2021,10:42:28,0.80,53.161472,8.640757,4.98,12
08/26/2021,10:42:29,0.80,53.161461,8.640748,4.91,12
08/26/2021,10:42:31,0.80,53.161438,8.640733,4.96,12
08/26/2021,10:42:32,0.80,53.161427,8.640726,4.72,12
08/26/2021,10:42:33,0.90,53.161415,8.640720,4.44,12
08/26/2021,10:42:34,0.90,53.161404,8.640716,4.22,12
08/26/2021,10:42:35,1.00,53.161392,8.640709,4.98,12
08/26/2021,10:42:36,1.00,53.161381,8.640703,4.56,12
08/26/2021,10:42:38,1.00,53.161362,8.640689,4.72,12
08/26/2021,10:42:39,1.00,53.161350,8.640681,4.76,12
08/26/2021,10:42:40,1.00,53.161339,8.640674,4.89,12
08/26/2021,10:42:41,1.00,53.161327,8.640665,5.04,12
08/26/2021,10:42:42,0.80,53.161316,8.640658,4.96,12
08/26/2021,10:42:44,0.80,53.161289,8.640652,4.72,12
08/26/2021,10:42:45,0.80,53.161278,8.640649,3.70,12
08/26/2021,10:42:46,0.80,53.161266,8.640646,4.85,12
08/26/2021,10:42:47,0.80,53.161255,8.640644,5.65,12
08/26/2021,10:42:48,0.80,53.161240,8.640650,5.43,12
08/26/2021,10:42:49,0.80,53.161232,8.640660,4.33,12
08/26/2021,10:42:51,0.80,53.161228,8.640694,4.00,12
08/26/2021,10:42:52,0.80,53.161232,8.640708,3.70,12
08/26/2021,10:42:53,0.80,53.161236,8.640720,4.00,12
08/26/2021,10:42:54,0.80,53.161243,8.640730,4.50,12
08/26/2021,10:42:55,0.80,53.161255,8.640737,5.11,12
08/26/2021,10:42:56,0.80,53.161266,8.640741,4.83,12
08/26/2021,10:42:58,0.80,53.161293,8.640748,5.59,12
08/26/2021,10:42:59,0.80,53.161304,8.640752,4.85,12
08/26/2021,10:43:00,0.80,53.161316,8.640756,5.20,12
08/26/2021,10:43:01,0.80,53.161331,8.640761,5.56,12
08/26/2021,10:43:02,0.80,53.161343,8.640768,5.50,12
08/26/2021,10:43:04,0.80,53.161369,8.640780,5.70,12
08/26/2021,10:43:05,1.00,53.161385,8.640787,5.54,12
08/26/2021,10:43:06,1.00,53.161396,8.640794,5.63,12
08/26/2021,10:43:07,1.00,53.161411,8.640800,5.67,12
08/26/2021,10:43:08,0.90,53.161427,8.640806,5.85,12
08/26/2021,10:43:09,0.90,53.161438,8.640812,5.72,12
08/26/2021,10:43:11,0.90,53.161469,8.640821,5.59,12
08/26/2021,10:43:12,0.80,53.161480,8.640826,5.70,12
08/26/2021,10:43:13,0.90,53.161491,8.640832,5.17,12
08/26/2021,10:43:14,0.90,53.161507,8.640839,5.80,12
08/26/2021,10:43:15,0.80,53.161522,8.640846,5.70,12
08/26/2021,10:43:17,0.80,53.161549,8.640860,5.65,12
08/26/2021,10:43:18,0.80,53.161560,8.640865,5.59,12
08/26/2021,10:43:19,0.80,53.161575,8.640871,5.54,12
08/26/2021,10:43:20,0.80,53.161587,8.640877,5.61,12
08/26/2021,10:43:21,0.80,53.161602,8.640882,5.59,12
08/26/2021,10:43:22,0.80,53.161613,8.640887,5.37,12
08/26/2021,10:43:24,0.80,53.161640,8.640902,5.52,12
08/26/2021,10:43:25,0.80,53.161652,8.640909,5.39,12
08/26/2021,10:43:26,0.80,53.161667,8.640917,5.65,12
08/26/2021,10:43:27,0.80,53.161678,8.640924,5.70,12
08/26/2021,10:43:28,0.80,53.161694,8.640931,5.61,12
08/26/2021,10:43:29,0.80,53.161705,8.640940,5.80,12
08/26/2021,10:43:31,0.80,53.161736,8.640954,5.57,12
08/26/2021,10:43:32,0.80,53.161747,8.640961,5.63,12
08/26/2021,10:43:33,0.80,53.161762,8.640966,5.59,12
08/26/2021,10:43:34,0.80,53.161774,8.640972,5.67,12
08/26/2021,10:43:35,0.80,53.161789,8.640976,5.63,12
08/26/2021,10:43:36,0.80,53.161800,8.640981,5.63,12
08/26/2021,10:43:38,0.80,53.161827,8.640987,5.74,12
08/26/2021,10:43:39,0.80,53.161842,8.640991,5.69,12
08/26/2021,10:43:40,0.80,53.161858,8.640994,5.63,12
08/26/2021,10:43:41,0.80,53.161865,8.640997,3.15,12
08/26/2021,10:43:42,0.80,53.161873,8.641003,3.32,12
08/26/2021,10:43:44,0.80,53.161884,8.641022,2.32,12
08/26/2021,10:43:45,0.80,53.161884,8.641031,2.26,12
08/26/2021,10:43:46,0.60,53.161884,8.641042,3.33,12
08/26/2021,10:43:47,0.60,53.161877,8.641050,4.11,12
08/26/2021,10:43:48,0.60,53.161865,8.641056,4.69,12
08/26/2021,10:43:49,0.60,53.161854,8.641058,5.02,12
08/26/2021,10:43:51,0.60,53.161827,8.641057,5.37,12
08/26/2021,10:43:52,0.60,53.161812,8.641055,6.09,12
08/26/2021,10:43:53,0.80,53.161797,8.641055,6.46,12
08/26/2021,10:43:54,0.80,53.161781,8.641058,5.94,12
08/26/2021,10:43:55,0.80,53.161770,8.641062,5.00,12
08/26/2021,10:43:56,0.90,53.161758,8.641065,5.24,12
08/26/2021,10:43:58,0.80,53.161728,8.641063,5.91,12
08/26/2021,10:43:59,0.80,53.161713,8.641059,5.93,12
08/26/2021,10:44:00,0.80,53.161701,8.641054,5.74,12
08/26/2021,10:44:01,0.80,53.161686,8.641047,6.22,12
08/26/2021,10:44:02,0.80,53.161671,8.641038,6.61,12
08/26/2021,10:44:04,0.80,53.161644,8.641022,5.63,12
08/26/2021,10:44:05,0.80,53.161629,8.641014,5.98,12
08/26/2021,10:44:06,0.80,53.161613,8.641007,6.39,12
08/26/2021,10:44:08,0.80,53.161583,8.640998,6.06,12
08/26/2021,10:44:09,0.80,53.161568,8.640995,6.24,12
08/26/2021,10:44:10,1.00,53.161552,8.640993,5.94,12
08/26/2021,10:44:11,0.90,53.161537,8.640993,6.24,12
08/26/2021,10:44:12,0.80,53.161526,8.640993,5.91,12
08/26/2021,10:44:13,0.90,53.161510,8.640991,6.19,12
08/26/2021,10:44:15,0.90,53.161480,8.640985,6.30,12
08/26/2021,10:44:16,1.00,53.161465,8.640982,6.20,12
08/26/2021,10:44:17,0.80,53.161449,8.640978,5.96,12
08/26/2021,10:44:18,0.80,53.161434,8.640973,6.26,12
08/26/2021,10:44:19,1.00,53.161419,8.640969,6.11,12
08/26/2021,10:44:21,1.00,53.161388,8.640959,6.15,12
08/26/2021,10:44:22,1.00,53.161373,8.640953,6.19,12
08/26/2021,10:44:23,1.00,53.161358,8.640947,6.20,12
08/26/2021,10:44:24,1.00,53.161343,8.640943,6.09,12
08/26/2021,10:44:25,1.00,53.161331,8.640938,6.28,12
08/26/2021,10:44:26,0.80,53.161316,8.640933,6.11,12
08/26/2021,10:44:28,0.80,53.161285,8.640924,5.76,12
08/26/2021,10:44:29,0.80,53.161270,8.640920,5.85,12
08/26/2021,10:44:30,0.80,53.161255,8.640916,6.06,12
08/26/2021,10:44:31,0.80,53.161240,8.640913,6.07,12
08/26/2021,10:44:32,0.80,53.161224,8.640912,6.59,12
08/26/2021,10:44:34,0.80,53.161194,8.640928,5.98,12
08/26/2021,10:44:35,0.80,53.161182,8.640944,5.57,12
08/26/2021,10:44:36,0.80,53.161175,8.640961,5.13,12
08/26/2021,10:44:37,0.80,53.161163,8.640982,6.15,12
08/26/2021,10:44:38,0.80,53.161156,8.641004,6.09,12
08/26/2021,10:44:39,0.80,53.161152,8.641026,5.74,12
08/26/2021,10:44:41,0.80,53.161144,8.641072,5.76,12
08/26/2021,10:44:42,0.80,53.161144,8.641096,5.96,12
08/26/2021,10:44:43,0.80,53.161140,8.641120,5.91,12
08/26/2021,10:44:44,0.80,53.161140,8.641145,6.04,12
08/26/2021,10:44:45,0.80,53.161140,8.641169,5.89,12
08/26/2021,10:44:47,0.80,53.161137,8.641217,5.80,12
08/26/2021,10:44:48,0.80,53.161140,8.641241,5.74,12
08/26/2021,10:44:49,0.80,53.161140,8.641264,5.83,12
08/26/2021,10:44:51,0.80,53.161140,8.641316,6.61,12
08/26/2021,10:44:52,0.80,53.161140,8.641343,6.39,12
08/26/2021,10:44:53,0.80,53.161144,8.641368,5.91,12
08/26/2021,10:44:54,0.80,53.161144,8.641392,5.76,12
08/26/2021,10:44:55,0.80,53.161144,8.641415,5.41,12
08/26/2021,10:44:56,0.80,53.161144,8.641438,5.46,12
08/26/2021,10:44:58,0.80,53.161137,8.641485,5.39,12
08/26/2021,10:44:59,0.80,53.161137,8.641508,5.35,12
08/26/2021,10:45:00,0.80,53.161133,8.641533,6.09,12
08/26/2021,10:45:01,0.80,53.161133,8.641558,5.48,12
08/26/2021,10:45:02,0.80,53.161133,8.641582,5.69,12
08/26/2021,10:45:03,0.80,53.161133,8.641605,5.37,12
08/26/2021,10:45:05,0.80,53.161137,8.641657,6.09,12
08/26/2021,10:45:06,0.80,53.161140,8.641682,6.04,12
08/26/2021,10:45:07,0.80,53.161144,8.641706,5.26,12
08/26/2021,10:45:08,0.80,53.161144,8.641726,4.94,12
08/26/2021,10:45:09,0.80,53.161140,8.641750,5.80,12
08/26/2021,10:45:11,0.80,53.161137,8.641796,5.52,12
08/26/2021,10:45:12,0.80,53.161133,8.641820,6.19,12
08/26/2021,10:45:13,0.80,53.161133,8.641845,6.02,12
08/26/2021,10:45:14,0.80,53.161129,8.641867,5.32,12
08/26/2021,10:45:16,0.80,53.161125,8.641911,5.41,12
08/26/2021,10:45:17,0.80,53.161125,8.641932,5.17,12
08/26/2021,10:45:18,0.80,53.161125,8.641953,5.28,12
08/26/2021,10:45:19,0.80,53.161125,8.641973,4.67,12
08/26/2021,10:45:20,0.80,53.161129,8.641994,5.02,12
08/26/2021,10:45:23,0.80,53.161129,8.642058,5.17,12
08/26/2021,10:45:24,0.80,53.161125,8.642077,4.19,12
08/26/2021,10:45:25,0.80,53.161121,8.642097,4.89,12
08/26/2021,10:45:26,0.80,53.161118,8.642119,5.87,12
08/26/2021,10:45:27,0.80,53.161114,8.642143,5.48,12
08/26/2021,10:45:29,0.80,53.161114,8.642191,5.43,12
08/26/2021,10:45:30,0.80,53.161114,8.642212,5.15,12
08/26/2021,10:45:31,0.80,53.161114,8.642233,4.83,12
08/26/2021,10:45:32,0.80,53.161118,8.642251,4.57,12
08/26/2021,10:45:33,0.80,53.161118,8.642271,5.13,12
08/26/2021,10:45:34,0.80,53.161121,8.642292,4.98,12
08/26/2021,10:45:35,0.80,53.161125,8.642310,4.13,12
08/26/2021,10:45:37,0.80,53.161125,8.642350,5.02,12
08/26/2021,10:45:38,0.80,53.161125,8.642371,5.74,12
08/26/2021,10:45:39,0.80,53.161121,8.642394,5.72,12
08/26/2021,10:45:40,0.80,53.161121,8.642418,5.41,12
08/26/2021,10:45:41,0.80,53.161118,8.642440,5.59,12
08/26/2021,10:45:43,0.80,53.161121,8.642485,5.24,12
08/26/2021,10:45:44,0.80,53.161121,8.642507,5.19,12
08/26/2021,10:45:45,0.80,53.161121,8.642529,5.30,12
08/26/2021,10:45:46,0.80,53.161121,8.642550,5.19,12
08/26/2021,10:45:47,0.80,53.161121,8.642572,5.35,12
08/26/2021,10:45:48,0.80,53.161118,8.642595,5.44,12
08/26/2021,10:45:50,0.80,53.161118,8.642637,4.59,12
08/26/2021,10:45:51,0.80,53.161118,8.642657,4.57,12
08/26/2021,10:45:52,0.80,53.161118,8.642678,4.94,12
08/26/2021,10:45:53,0.80,53.161118,8.642699,4.74,12
08/26/2021,10:45:54,0.80,53.161118,8.642722,5.35,12
08/26/2021,10:45:55,0.80,53.161118,8.642743,5.35,12
08/26/2021,10:45:57,0.80,53.161114,8.642778,4.39,12
08/26/2021,10:45:58,0.80,53.161114,8.642796,3.74,12
08/26/2021,10:45:59,0.80,53.161114,8.642811,3.50,12
08/26/2021,10:46:00,0.80,53.161114,8.642827,3.70,12
08/26/2021,10:46:01,0.80,53.161114,8.642842,4.06,12
08/26/2021,10:46:03,0.80,53.161118,8.642879,4.19,12
08/26/2021,10:46:04,0.80,53.161118,8.642896,4.33,12
08/26/2021,10:46:05,0.80,53.161118,8.642913,4.22,12
08/26/2021,10:46:06,0.80,53.161118,8.642930,4.00,12
08/26/2021,10:46:07,0.80,53.161118,8.642946,4.06,12
08/26/2021,10:46:09,0.80,53.161118,8.642980,3.93,12
08/26/2021,10:46:10,0.80,53.161114,8.642998,4.17,12
08/26/2021,10:46:11,0.80,53.161114,8.643013,3.35,12
08/26/2021,10:46:12,0.80,53.161114,8.643024,2.37,12
08/26/2021,10:46:13,0.80,53.161110,8.643037,3.43,12
08/26/2021,10:46:14,0.80,53.161102,8.643050,3.96,12
08/26/2021,10:46:16,0.80,53.161087,8.643074,4.63,12
08/26/2021,10:46:17,0.80,53.161079,8.643086,4.65,12
08/26/2021,10:46:18,0.60,53.161072,8.643099,3.46,12
08/26/2021,10:46:19,0.60,53.161068,8.643110,2.98,12
08/26/2021,10:46:21,0.50,53.161060,8.643130,2.37,12
08/26/2021,10:46:23,0.60,53.161053,8.643142,1.72,12
08/26/2021,10:46:24,0.60,53.161053,8.643146,1.11,12
08/26/2021,10:46:26,0.60,53.161045,8.643155,1.24,12
08/26/2021,10:46:28,0.50,53.161045,8.643165,1.22,12
08/26/2021,10:46:29,0.50,53.161045,8.643171,1.44,12
08/26/2021,10:46:30,0.50,53.161045,8.643176,1.00,12
08/26/2021,10:46:31,0.50,53.161045,8.643179,1.09,12
08/26/2021,10:46:32,0.40,53.161053,8.643181,1.69,12
08/26/2021,10:46:34,0.40,53.161060,8.643185,2.19,12
08/26/2021,10:46:35,0.40,53.161064,8.643188,2.78,12
08/26/2021,10:46:36,0.40,53.161072,8.643192,3.37,12
08/26/2021,10:46:37,0.40,53.161076,8.643196,1.00,12
08/26/2021,10:46:38,0.40,53.161076,8.643200,1.13,12
08/26/2021,10:46:39,0.40,53.161079,8.643204,2.48,12
08/26/2021,10:46:41,0.40,53.161083,8.643233,4.30,12
08/26/2021,10:46:42,0.40,53.161091,8.643243,3.15,12
08/26/2021,10:46:43,0.40,53.161095,8.643253,3.24,12
08/26/2021,10:46:44,0.40,53.161102,8.643263,3.04,12
08/26/2021,10:46:45,0.40,53.161106,8.643274,2.87,12
08/26/2021,10:46:47,0.40,53.161118,8.643292,2.63,12
08/26/2021,10:46:48,0.40,53.161121,8.643299,1.78,12
08/26/2021,10:46:49,0.40,53.161125,8.643305,1.80,12
08/26/2021,10:46:50,0.40,53.161129,8.643310,1.81,12
08/26/2021,10:46:51,0.40,53.161133,8.643314,1.44,12
08/26/2021,10:46:52,0.00,53.161133,8.643318,1.15,12
08/26/2021,10:46:54,0.00,53.161140,8.643327,2.13,12
08/26/2021,10:46:55,0.00,53.161144,8.643329,1.76,12
08/26/2021,10:46:56,0.00,53.161148,8.643332,1.43,12
08/26/2021,10:46:57,0.00,53.161152,8.643334,1.17,12
08/26/2021,10:46:58,0.00,53.161152,8.643335,0.81,12
08/26/2021,10:47:00,0.00,53.161156,8.643343,1.46,12
08/26/2021,10:47:01,0.00,53.161156,8.643347,0.93,12
08/26/2021,10:47:02,0.00,53.161160,8.643346,2.13,12
08/26/2021,10:47:03,0.00,53.161163,8.643345,1.33,12
08/26/2021,10:47:04,0.00,53.161167,8.643343,1.11,12
08/26/2021,10:47:05,0.00,53.161171,8.643341,1.67,12
08/26/2021,10:47:07,0.00,53.161179,8.643336,1.44,12
08/26/2021,10:47:08,0.00,53.161182,8.643337,1.37,12
08/26/2021,10:47:09,0.00,53.161186,8.643335,2.32,12
08/26/2021,10:47:10,0.00,53.161190,8.643332,2.33,12
08/26/2021,10:47:11,0.00,53.161194,8.643332,1.63,12
08/26/2021,10:47:13,0.00,53.161205,8.643332,2.07,12
08/26/2021,10:47:14,0.00,53.161209,8.643329,2.44,12
08/26/2021,10:47:15,0.50,53.161213,8.643328,1.54,12
08/26/2021,10:47:16,0.40,53.161217,8.643328,1.46,12
08/26/2021,10:47:18,0.40,53.161224,8.643327,1.81,12
08/26/2021,10:47:19,0.40,53.161228,8.643327,1.44,12
08/26/2021,10:47:20,0.40,53.161232,8.643329,1.44,12
08/26/2021,10:47:21,0.40,53.161236,8.643330,2.20,12
08/26/2021,10:47:22,0.40,53.161243,8.643331,2.11,12
08/26/2021,10:47:24,0.40,53.161251,8.643335,1.70,12
08/26/2021,10:47:25,0.40,53.161255,8.643337,1.85,12
08/26/2021,10:47:26,0.40,53.161259,8.643339,1.78,12
08/26/2021,10:47:27,0.40,53.161263,8.643342,2.02,12
08/26/2021,10:47:28,0.40,53.161270,8.643344,2.09,12
08/26/2021,10:47:29,0.60,53.161274,8.643348,2.20,12
08/26/2021,10:47:31,0.60,53.161289,8.643350,1.98,12
08/26/2021,10:47:32,0.60,53.161293,8.643352,2.39,12
08/26/2021,10:47:33,0.60,53.161301,8.643352,2.50,12
08/26/2021,10:47:34,0.60,53.161304,8.643354,2.07,12
08/26/2021,10:47:36,0.60,53.161316,8.643354,2.52,12
08/26/2021,10:47:37,0.60,53.161320,8.643352,2.37,12
08/26/2021,10:47:38,0.60,53.161327,8.643352,1.63,12
08/26/2021,10:47:39,0.60,53.161331,8.643353,1.69,12
08/26/2021,10:47:40,0.60,53.161331,8.643355,1.41,12
08/26/2021,10:47:42,0.60,53.161343,8.643355,2.32,12
08/26/2021,10:47:43,0.60,53.161346,8.643356,1.56,12
08/26/2021,10:47:44,0.60,53.161350,8.643358,1.33,12
08/26/2021,10:47:45,0.60,53.161354,8.643359,1.24,12
08/26/2021,10:47:46,0.60,53.161358,8.643361,1.67,12
08/26/2021,10:47:48,0.60,53.161362,8.643363,1.19,12
08/26/2021,10:47:49,0.60,53.161366,8.643365,0.91,12
08/26/2021,10:47:50,0.60,53.161369,8.643368,1.69,12
08/26/2021,10:47:51,0.60,53.161377,8.643372,3.56,12
08/26/2021,10:47:52,0.60,53.161385,8.643377,3.96,12
08/26/2021,10:47:54,0.60,53.161404,8.643390,4.35,12
08/26/2021,10:47:55,0.60,53.161415,8.643396,5.20,12
08/26/2021,10:47:56,0.60,53.161427,8.643403,4.43,12
08/26/2021,10:47:57,0.60,53.161438,8.643408,4.17,12
08/26/2021,10:47:59,0.60,53.161457,8.643416,3.89,12
08/26/2021,10:48:00,0.60,53.161465,8.643420,3.83,12
08/26/2021,10:48:01,0.60,53.161476,8.643423,3.91,12
08/26/2021,10:48:02,0.60,53.161488,8.643426,3.85,12
08/26/2021,10:48:03,0.60,53.161495,8.643430,4.44,12
08/26/2021,10:48:05,0.60,53.161514,8.643438,3.69,12
08/26/2021,10:48:06,0.60,53.161526,8.643443,4.20,12
08/26/2021,10:48:07,0.60,53.161533,8.643446,2.70,12
08/26/2021,10:48:08,0.60,53.161537,8.643451,1.91,12
08/26/2021,10:48:09,0.60,53.161545,8.643456,3.76,12
08/26/2021,10:48:11,0.60,53.161564,8.643456,3.76,12
08/26/2021,10:48:12,0.50,53.161572,8.643453,1.91,12
08/26/2021,10:48:13,0.50,53.161575,8.643446,2.07,12
08/26/2021,10:48:14,26.30,53.161579,8.643439,2.17,12
08/26/2021,10:48:15,26.30,53.161583,8.643429,2.59,12
08/26/2021,10:48:17,26.30,53.161583,8.643409,2.37,12
08/26/2021,10:48:18,26.30,53.161579,8.643398,2.46,12
08/26/2021,10:48:19,26.30,53.161575,8.643391,3.33,12
08/26/2021,10:48:20,26.30,53.161568,8.643384,2.48,12
08/26/2021,10:48:21,26.30,53.161564,8.643378,2.85,12
08/26/2021,10:48:23,0.00,53.161549,8.643371,3.06,12
08/26/2021,10:48:24,0.00,53.161541,8.643368,3.46,12
08/26/2021,10:48:25,0.60,53.161530,8.643365,3.83,12
08/26/2021,10:48:26,0.60,53.161522,8.643364,3.39,12
08/26/2021,10:48:27,0.60,53.161514,8.643362,3.44,12
08/26/2021,10:48:29,0.60,53.161499,8.643359,3.69,12
08/26/2021,10:48:30,0.60,53.161488,8.643357,3.22,12
08/26/2021,10:48:31,0.60,53.161480,8.643353,4.00,12
08/26/2021,10:48:32,0.60,53.161469,8.643348,3.78,12
08/26/2021,10:48:33,0.60,53.161457,8.643343,4.32,12
08/26/2021,10:48:35,0.60,53.161438,8.643330,4.54,12
08/26/2021,10:48:36,0.60,53.161427,8.643325,4.35,12
08/26/2021,10:48:37,0.60,53.161415,8.643320,4.32,12
08/26/2021,10:48:38,0.60,53.161404,8.643317,4.80,12
08/26/2021,10:48:40,0.60,53.161385,8.643314,4.44,12
08/26/2021,10:48:41,0.60,53.161373,8.643313,4.06,12
08/26/2021,10:48:42,0.00,53.161362,8.643314,3.65,12
08/26/2021,10:48:43,0.00,53.161354,8.643313,3.39,12
08/26/2021,10:48:44,0.00,53.161343,8.643314,4.43,12
08/26/2021,10:48:46,0.60,53.161324,8.643316,3.96,12
08/26/2021,10:48:47,0.00,53.161316,8.643318,3.69,12
08/26/2021,10:48:48,0.60,53.161304,8.643316,3.69,12
08/26/2021,10:48:49,0.60,53.161293,8.643313,3.98,12
08/26/2021,10:48:50,0.60,53.161285,8.643309,3.96,12
08/26/2021,10:48:52,0.60,53.161263,8.643292,4.19,12
08/26/2021,10:48:53,0.60,53.161255,8.643284,4.24,12
08/26/2021,10:48:54,0.60,53.161243,8.643274,4.46,12
08/26/2021,10:48:55,0.60,53.161232,8.643267,4.26,12
08/26/2021,10:48:56,0.60,53.161224,8.643257,3.87,12
08/26/2021,10:48:58,0.60,53.161209,8.643238,4.46,12
08/26/2021,10:48:59,0.60,53.161198,8.643229,3.61,12
08/26/2021,10:49:00,0.60,53.161194,8.643221,2.72,12
08/26/2021,10:49:01,0.60,53.161186,8.643210,4.09,12
08/26/2021,10:49:02,0.60,53.161182,8.643198,3.74,12
08/26/2021,10:49:04,0.60,53.161175,8.643167,4.17,12
08/26/2021,10:49:05,0.60,53.161171,8.643149,4.85,12
08/26/2021,10:49:06,0.60,53.161171,8.643132,4.07,12
08/26/2021,10:49:07,0.60,53.161171,8.643114,4.46,12
08/26/2021,10:49:08,0.60,53.161171,8.643096,4.57,12
08/26/2021,10:49:10,0.60,53.161175,8.643063,3.46,12
08/26/2021,10:49:11,0.00,53.161175,8.643050,2.89,12
08/26/2021,10:49:12,0.80,53.161175,8.643037,3.46,12
08/26/2021,10:49:13,0.80,53.161179,8.643028,1.87,12
08/26/2021,10:49:14,0.80,53.161182,8.643020,3.56,12
08/26/2021,10:49:16,0.80,53.161205,8.642994,7.06,12
08/26/2021,10:49:17,0.80,53.161217,8.642979,6.04,12
08/26/2021,10:49:18,0.80,53.161224,8.642963,5.07,12
08/26/2021,10:49:19,0.80,53.161236,8.642954,3.96,12
08/26/2021,10:49:20,0.80,53.161247,8.642946,5.04,12
08/26/2021,10:49:22,0.80,53.161266,8.642939,4.83,12
08/26/2021,10:49:23,0.80,53.161278,8.642938,4.78,12
08/26/2021,10:49:24,0.80,53.161293,8.642940,4.80,12
08/26/2021,10:49:25,0.80,53.161304,8.642943,5.94,12
08/26/2021,10:49:26,0.80,53.161320,8.642947,5.39,12
08/26/2021,10:49:28,0.80,53.161343,8.642956,5.26,12
08/26/2021,10:49:29,0.80,53.161358,8.642961,5.32,12
08/26/2021,10:49:30,0.90,53.161369,8.642966,5.26,12
08/26/2021,10:49:31,0.80,53.161385,8.642973,5.13,12
08/26/2021,10:49:32,0.80,53.161396,8.642980,5.30,12
08/26/2021,10:49:34,0.80,53.161419,8.642994,5.22,12
08/26/2021,10:49:35,0.80,53.161434,8.643000,5.39,12
08/26/2021,10:49:36,0.80,53.161446,8.643005,5.02,12
08/26/2021,10:49:37,0.80,53.161457,8.643011,5.19,12
08/26/2021,10:49:38,0.80,53.161469,8.643015,5.26,12
08/26/2021,10:49:40,0.80,53.161499,8.643020,5.22,12
08/26/2021,10:49:41,0.80,53.161510,8.643023,5.11,12
08/26/2021,10:49:42,0.80,53.161522,8.643025,5.07,12
08/26/2021,10:49:43,0.80,53.161533,8.643028,5.20,12
08/26/2021,10:49:44,0.80,53.161549,8.643032,5.43,12
08/26/2021,10:49:46,0.80,53.161575,8.643030,5.32,12
08/26/2021,10:49:47,0.80,53.161587,8.643023,5.15,12
08/26/2021,10:49:48,0.80,53.161598,8.643010,4.65,12
08/26/2021,10:49:49,0.80,53.161602,8.642996,4.33,12
08/26/2021,10:49:50,0.80,53.161606,8.642979,4.46,12
08/26/2021,10:49:52,0.80,53.161606,8.642936,5.54,12
08/26/2021,10:49:53,0.80,53.161598,8.642918,6.06,12
08/26/2021,10:49:54,0.80,53.161587,8.642904,5.33,12
08/26/2021,10:49:56,0.80,53.161568,8.642887,5.15,12
08/26/2021,10:49:57,0.80,53.161560,8.642877,4.50,12
08/26/2021,10:49:58,0.80,53.161549,8.642863,5.87,12
08/26/2021,10:49:59,0.80,53.161537,8.642852,5.74,12
08/26/2021,10:50:00,0.90,53.161526,8.642843,5.39,12
08/26/2021,10:50:02,0.80,53.161499,8.642834,5.24,12
08/26/2021,10:50:03,0.80,53.161488,8.642832,4.82,12
08/26/2021,10:50:04,0.80,53.161472,8.642828,5.26,12
08/26/2021,10:50:05,0.80,53.161461,8.642822,5.41,12
08/26/2021,10:50:06,0.80,53.161449,8.642817,5.41,12
08/26/2021,10:50:08,0.80,53.161423,8.642806,5.69,12
08/26/2021,10:50:09,0.80,53.161407,8.642802,5.54,12
08/26/2021,10:50:10,0.80,53.161392,8.642798,6.00,12
08/26/2021,10:50:11,0.80,53.161377,8.642797,5.59,12
08/26/2021,10:50:12,0.80,53.161366,8.642797,5.07,12
08/26/2021,10:50:13,0.80,53.161350,8.642796,5.04,12
08/26/2021,10:50:15,0.80,53.161324,8.642797,5.15,12
08/26/2021,10:50:16,0.80,53.161312,8.642796,5.17,12
08/26/2021,10:50:17,0.80,53.161301,8.642794,5.07,12
08/26/2021,10:50:18,0.80,53.161289,8.642790,4.70,12
08/26/2021,10:50:19,0.80,53.161278,8.642786,4.39,12
08/26/2021,10:50:21,0.80,53.161255,8.642766,6.19,12
08/26/2021,10:50:22,0.80,53.161236,8.642754,7.20,12
08/26/2021,10:50:23,0.80,53.161221,8.642749,6.50,12
08/26/2021,10:50:24,0.80,53.161205,8.642758,6.50,12
08/26/2021,10:50:25,0.80,53.161198,8.642779,6.35,12
08/26/2021,10:50:27,0.80,53.161205,8.642823,5.82,12
08/26/2021,10:50:28,0.80,53.161213,8.642836,4.74,12
08/26/2021,10:50:29,0.80,53.161224,8.642847,6.15,12
08/26/2021,10:50:30,0.80,53.161240,8.642857,5.89,12
08/26/2021,10:50:31,0.80,53.161251,8.642866,6.11,12
08/26/2021,10:50:33,0.80,53.161285,8.642883,6.54,12
08/26/2021,10:50:34,0.80,53.161301,8.642891,6.59,12
08/26/2021,10:50:35,0.80,53.161316,8.642899,6.37,12
08/26/2021,10:50:36,0.80,53.161331,8.642904,6.50,12
08/26/2021,10:50:37,0.80,53.161346,8.642911,7.19,12
08/26/2021,10:50:39,0.80,53.161377,8.642937,7.04,12
08/26/2021,10:50:40,0.80,53.161392,8.642949,5.87,12
08/26/2021,10:50:41,0.20,53.161404,8.642962,5.57,12
08/26/2021,10:50:42,0.20,53.161415,8.642975,5.54,12
08/26/2021,10:50:43,0.20,53.161427,8.642986,5.67,12
08/26/2021,10:50:45,0.80,53.161449,8.642998,5.15,12
08/26/2021,10:50:46,0.80,53.161461,8.642999,5.00,12
08/26/2021,10:50:47,0.80,53.161472,8.642998,5.22,12
08/26/2021,10:50:48,0.80,53.161488,8.642995,5.44,12
08/26/2021,10:50:49,0.80,53.161503,8.642988,5.91,12
08/26/2021,10:50:51,0.80,53.161526,8.642975,6.22,12
08/26/2021,10:50:52,0.80,53.161533,8.642962,4.06,12
08/26/2021,10:50:53,0.80,53.161537,8.642945,3.63,12
08/26/2021,10:50:54,0.80,53.161537,8.642933,3.35,12
08/26/2021,10:50:55,0.80,53.161533,8.642923,2.78,12
08/26/2021,10:50:56,0.80,53.161530,8.642917,2.56,12
08/26/2021,10:50:58,0.80,53.161522,8.642905,1.65,12
08/26/2021,10:50:59,0.80,53.161522,8.642901,1.07,12
08/26/2021,10:51:00,0.80,53.161518,8.642898,1.15,12
08/26/2021,10:51:01,0.80,53.161518,8.642896,1.04,12
08/26/2021,10:51:02,0.80,53.161514,8.642893,0.96,12
08/26/2021,10:51:04,0.80,53.161507,8.642887,2.83,12
08/26/2021,10:51:05,0.00,53.161499,8.642883,3.06,12
08/26/2021,10:51:07,0.80,53.161480,8.642880,4.09,12
08/26/2021,10:51:08,0.80,53.161469,8.642881,3.57,12
08/26/2021,10:51:09,0.80,53.161457,8.642883,4.48,12
08/26/2021,10:51:10,0.80,53.161446,8.642887,4.83,12
08/26/2021,10:51:11,0.80,53.161434,8.642891,4.70,12
08/26/2021,10:51:13,0.80,53.161411,8.642885,4.93,12
08/26/2021,10:51:14,0.80,53.161396,8.642881,5.50,12
08/26/2021,10:51:15,0.80,53.161385,8.642879,4.59,12
08/26/2021,10:51:16,0.80,53.161373,8.642874,5.06,12
08/26/2021,10:51:17,0.80,53.161358,8.642868,5.48,12
08/26/2021,10:51:19,0.80,53.161335,8.642858,5.24,12
08/26/2021,10:51:20,0.80,53.161320,8.642852,5.52,12
08/26/2021,10:51:21,0.80,53.161308,8.642846,5.54,12
08/26/2021,10:51:22,0.80,53.161293,8.642839,5.17,12
08/26/2021,10:51:23,0.80,53.161282,8.642834,5.54,12
08/26/2021,10:51:24,0.80,53.161266,8.642827,5.74,12
08/26/2021,10:51:26,0.80,53.161247,8.642817,4.59,12
08/26/2021,10:51:27,0.80,53.161236,8.642811,4.93,12
08/26/2021,10:51:28,0.80,53.161224,8.642805,4.89,12
08/26/2021,10:51:29,0.80,53.161213,8.642797,4.44,12
08/26/2021,10:51:30,0.80,53.161201,8.642788,4.72,12
08/26/2021,10:51:32,0.80,53.161186,8.642764,3.96,12
08/26/2021,10:51:33,0.80,53.161182,8.642747,4.33,12
08/26/2021,10:51:34,0.80,53.161182,8.642725,5.30,12
08/26/2021,10:51:35,0.80,53.161182,8.642703,5.02,12
08/26/2021,10:51:36,0.80,53.161182,8.642681,5.46,12
08/26/2021,10:51:38,0.80,53.161186,8.642636,5.72,12
08/26/2021,10:51:39,0.80,53.161190,8.642613,5.63,12
08/26/2021,10:51:40,0.80,53.161190,8.642591,5.63,12
08/26/2021,10:51:41,0.80,53.161194,8.642569,5.24,12
08/26/2021,10:51:42,0.80,53.161194,8.642546,5.57,12
08/26/2021,10:51:44,0.80,53.161194,8.642499,5.24,12
08/26/2021,10:51:45,0.80,53.161194,8.642478,5.07,12
08/26/2021,10:51:46,0.80,53.161198,8.642456,5.22,12
08/26/2021,10:51:47,0.80,53.161198,8.642436,4.78,12
08/26/2021,10:51:48,0.80,53.161201,8.642418,4.57,12
08/26/2021,10:51:50,0.80,53.161213,8.642390,2.96,12
08/26/2021,10:51:51,0.80,53.161221,8.642384,3.98,12
08/26/2021,10:51:52,0.80,53.161228,8.642379,4.82,12
08/26/2021,10:51:53,0.80,53.161243,8.642376,5.35,12
08/26/2021,10:51:54,0.80,53.161255,8.642375,5.32,12
08/26/2021,10:51:56,0.80,53.161278,8.642378,5.32,12
08/26/2021,10:51:57,0.80,53.161293,8.642380,5.48,12
08/26/2021,10:51:58,0.80,53.161304,8.642382,5.22,12
08/26/2021,10:51:59,0.80,53.161320,8.642385,5.32,12
08/26/2021,10:52:00,0.80,53.161331,8.642387,5.41,12
08/26/2021,10:52:02,0.80,53.161358,8.642393,4.91,12
08/26/2021,10:52:03,0.80,53.161369,8.642398,5.06,12
08/26/2021,10:52:04,0.80,53.161381,8.642404,4.83,12
08/26/2021,10:52:05,0.80,53.161392,8.642410,5.02,12
08/26/2021,10:52:06,0.80,53.161404,8.642417,5.13,12
08/26/2021,10:52:07,0.80,53.161415,8.642424,5.50,12
08/26/2021,10:52:09,0.80,53.161442,8.642435,5.39,12
08/26/2021,10:52:10,0.80,53.161457,8.642439,5.24,12
08/26/2021,10:52:11,0.80,53.161469,8.642443,5.11,12
08/26/2021,10:52:12,0.80,53.161480,8.642447,4.83,12
08/26/2021,10:52:14,0.80,53.161507,8.642459,5.33,12
08/26/2021,10:52:15,0.80,53.161518,8.642467,5.26,12
08/26/2021,10:52:17,0.80,53.161541,8.642486,5.24,12
08/26/2021,10:52:18,0.80,53.161552,8.642495,4.94,12
08/26/2021,10:52:19,0.80,53.161564,8.642504,4.70,12
08/26/2021,10:52:20,0.80,53.161575,8.642512,4.48,12
08/26/2021,10:52:21,0.80,53.161583,8.642520,4.20,12
08/26/2021,10:52:23,0.80,53.161606,8.642530,4.46,12
08/26/2021,10:52:24,0.80,53.161617,8.642532,4.52,12
08/26/2021,10:52:25,0.80,53.161633,8.642533,4.32,12
08/26/2021,10:52:26,0.80,53.161644,8.642530,4.87,12
08/26/2021,10:52:27,0.80,53.161655,8.642527,4.46,12
08/26/2021,10:52:29,0.80,53.161678,8.642519,4.02,12
08/26/2021,10:52:30,0.80,53.161690,8.642517,3.70,12
08/26/2021,10:52:31,0.80,53.161697,8.642516,3.07,12
08/26/2021,10:52:32,0.80,53.161705,8.642515,4.17,12
08/26/2021,10:52:33,0.60,53.161716,8.642515,4.48,12
08/26/2021,10:52:35,0.40,53.161739,8.642509,4.20,12
08/26/2021,10:52:36,0.40,53.161747,8.642504,3.41,12
08/26/2021,10:52:37,0.40,53.161755,8.642496,3.06,12
08/26/2021,10:52:38,0.40,53.161758,8.642486,3.32,12
08/26/2021,10:52:40,0.40,53.161766,8.642456,3.72,12
08/26/2021,10:52:41,0.40,53.161770,8.642440,3.50,12
08/26/2021,10:52:42,0.40,53.161770,8.642424,3.70,12
08/26/2021,10:52:43,0.40,53.161774,8.642407,3.67,12
08/26/2021,10:52:44,0.40,53.161774,8.642393,3.30,12
08/26/2021,10:52:45,0.40,53.161777,8.642379,3.09,12
08/26/2021,10:52:47,0.40,53.161781,8.642349,2.96,12
08/26/2021,10:52:48,0.40,53.161785,8.642335,3.72,12
08/26/2021,10:52:49,0.40,53.161789,8.642319,4.52,12
08/26/2021,10:52:50,0.40,53.161793,8.642303,4.30,12
08/26/2021,10:52:51,0.40,53.161793,8.642287,3.48,12
08/26/2021,10:52:53,0.40,53.161793,8.642272,0.91,12
08/26/2021,10:52:54,0.40,53.161793,8.642273,1.06,12
08/26/2021,10:52:55,0.40,53.161789,8.642277,1.26,12
08/26/2021,10:52:56,0.40,53.161785,8.642280,1.67,12
08/26/2021,10:52:57,0.40,53.161777,8.642286,2.63,12
08/26/2021,10:52:59,0.40,53.161766,8.642313,3.74,12
08/26/2021,10:53:00,0.40,53.161758,8.642325,3.48,12
08/26/2021,10:53:01,0.40,53.161755,8.642341,4.13,12
08/26/2021,10:53:02,0.40,53.161755,8.642359,4.48,12
08/26/2021,10:53:04,0.40,53.161751,8.642395,4.17,12
08/26/2021,10:53:05,0.40,53.161747,8.642412,4.26,12
08/26/2021,10:53:06,0.40,53.161747,8.642425,2.37,12
08/26/2021,10:53:07,0.40,53.161743,8.642439,3.52,12
08/26/2021,10:53:08,0.40,53.161739,8.642450,2.48,12
08/26/2021,10:53:09,0.40,53.161736,8.642460,2.61,12
08/26/2021,10:53:11,0.40,53.161720,8.642468,4.17,12
08/26/2021,10:53:12,0.40,53.161705,8.642464,5.06,12
08/26/2021,10:53:13,0.40,53.161694,8.642460,5.28,12
08/26/2021,10:53:14,0.40,53.161682,8.642454,4.82,12
08/26/2021,10:53:15,0.40,53.161671,8.642448,5.00,12
08/26/2021,10:53:17,0.50,53.161652,8.642437,3.85,12
08/26/2021,10:53:18,0.50,53.161644,8.642428,4.02,12
08/26/2021,10:53:19,0.80,53.161636,8.642417,4.24,12
08/26/2021,10:53:20,0.80,53.161629,8.642403,4.32,12
08/26/2021,10:53:21,0.80,53.161625,8.642388,3.69,12
08/26/2021,10:53:23,0.80,53.161621,8.642355,3.85,12
08/26/2021,10:53:24,0.80,53.161621,8.642340,3.54,12
08/26/2021,10:53:25,0.80,53.161629,8.642324,4.20,12
08/26/2021,10:53:27,0.80,53.161640,8.642296,4.78,12
08/26/2021,10:53:28,0.80,53.161644,8.642280,3.56,12
08/26/2021,10:53:29,0.80,53.161640,8.642267,3.30,12
08/26/2021,10:53:30,0.80,53.161640,8.642254,3.28,12
08/26/2021,10:53:32,0.80,53.161629,8.642232,3.57,12
08/26/2021,10:53:33,0.80,53.161617,8.642225,3.89,12
08/26/2021,10:53:34,0.80,53.161610,8.642220,3.98,12
08/26/2021,10:53:35,0.80,53.161598,8.642219,3.94,12
08/26/2021,10:53:36,0.80,53.161587,8.642218,4.07,12
08/26/2021,10:53:38,0.80,53.161564,8.642219,4.44,12
08/26/2021,10:53:39,0.80,53.161556,8.642219,4.07,12
08/26/2021,10:53:40,0.80,53.161545,8.642218,4.41,12
08/26/2021,10:53:41,0.80,53.161533,8.642216,4.96,12
08/26/2021,10:53:42,0.80,53.161518,8.642213,5.06,12
08/26/2021,10:53:44,0.80,53.161491,8.642202,5.72,12
08/26/2021,10:53:45,0.80,53.161480,8.642197,5.15,12
08/26/2021,10:53:46,0.80,53.161465,8.642192,5.30,12
08/26/2021,10:53:47,0.80,53.161453,8.642187,5.32,12
08/26/2021,10:53:48,0.80,53.161438,8.642183,5.37,12
08/26/2021,10:53:50,0.80,53.161411,8.642179,5.24,12
08/26/2021,10:53:51,0.80,53.161400,8.642179,5.80,12
08/26/2021,10:53:52,0.80,53.161385,8.642179,5.82,12
08/26/2021,10:53:53,0.80,53.161369,8.642179,5.65,12
08/26/2021,10:53:54,0.80,53.161354,8.642181,5.69,12
08/26/2021,10:53:56,0.80,53.161327,8.642182,5.13,12
08/26/2021,10:53:57,0.90,53.161316,8.642179,5.07,12
08/26/2021,10:53:58,0.90,53.161304,8.642176,5.00,12
08/26/2021,10:53:59,0.80,53.161289,8.642168,5.82,12
08/26/2021,10:54:00,0.80,53.161278,8.642161,5.07,12
08/26/2021,10:54:02,0.80,53.161251,8.642150,5.15,12
08/26/2021,10:54:03,0.60,53.161240,8.642146,4.91,12
08/26/2021,10:54:04,0.60,53.161228,8.642143,4.69,12
08/26/2021,10:54:05,0.60,53.161217,8.642141,4.83,12
08/26/2021,10:54:06,0.60,53.161205,8.642141,5.11,12
08/26/2021,10:54:08,0.60,53.161182,8.642150,4.39,12
08/26/2021,10:54:09,0.60,53.161171,8.642160,4.65,12
08/26/2021,10:54:10,0.60,53.161167,8.642174,4.06,12
08/26/2021,10:54:11,0.60,53.161167,8.642189,3.54,12
08/26/2021,10:54:12,0.60,53.161167,8.642203,3.41,12
08/26/2021,10:54:14,0.80,53.161179,8.642221,3.69,12
08/26/2021,10:54:15,0.80,53.161190,8.642228,3.50,12
08/26/2021,10:54:16,0.80,53.161198,8.642233,4.26,12
08/26/2021,10:54:17,0.80,53.161209,8.642234,4.46,12
08/26/2021,10:54:18,0.80,53.161217,8.642235,4.20,12
08/26/2021,10:54:20,0.70,53.161240,8.642238,4.82,12
08/26/2021,10:54:21,0.70,53.161251,8.642240,4.74,12
08/26/2021,10:54:22,0.70,53.161263,8.642242,5.13,12
08/26/2021,10:54:23,0.70,53.161274,8.642245,5.02,12
08/26/2021,10:54:24,0.70,53.161289,8.642248,5.22,12
08/26/2021,10:54:26,0.80,53.161312,8.642257,4.85,12
08/26/2021,10:54:27,0.80,53.161324,8.642262,4.48,12
08/26/2021,10:54:28,0.80,53.161335,8.642269,4.76,12
08/26/2021,10:54:29,0.80,53.161346,8.642278,4.54,12
08/26/2021,10:54:30,0.80,53.161358,8.642291,5.85,12
08/26/2021,10:54:31,0.80,53.161369,8.642306,6.02,12
08/26/2021,10:54:33,0.80,53.161392,8.642341,6.02,12
08/26/2021,10:54:34,0.90,53.161404,8.642356,5.63,12
08/26/2021,10:54:35,1.00,53.161415,8.642369,5.00,12
08/26/2021,10:54:37,1.00,53.161434,8.642388,5.07,12
08/26/2021,10:54:38,0.80,53.161446,8.642394,4.82,12
08/26/2021,10:54:39,0.80,53.161461,8.642398,4.98,12
08/26/2021,10:54:40,0.80,53.161472,8.642400,4.98,12
08/26/2021,10:54:41,0.80,53.161484,8.642402,5.02,12
08/26/2021,10:54:43,0.80,53.161510,8.642402,5.46,12
08/26/2021,10:54:44,0.80,53.161526,8.642400,5.96,12
08/26/2021,10:54:45,0.80,53.161541,8.642390,5.69,12
08/26/2021,10:54:46,0.80,53.161549,8.642377,4.70,12
08/26/2021,10:54:47,0.80,53.161552,8.642360,4.46,12
08/26/2021,10:54:49,0.80,53.161545,8.642331,3.93,12
08/26/2021,10:54:50,0.80,53.161537,8.642322,4.44,12
08/26/2021,10:54:51,0.80,53.161526,8.642313,5.24,12
08/26/2021,10:54:52,0.80,53.161514,8.642306,5.39,12
08/26/2021,10:54:53,0.80,53.161499,8.642301,5.52,12
08/26/2021,10:54:55,0.80,53.161476,8.642289,5.56,12
08/26/2021,10:54:56,0.80,53.161461,8.642282,6.04,12
08/26/2021,10:54:57,0.80,53.161446,8.642275,5.74,12
08/26/2021,10:54:58,0.80,53.161434,8.642269,5.65,12
08/26/2021,10:54:59,0.80,53.161419,8.642264,5.78,12
08/26/2021,10:55:01,0.80,53.161388,8.642257,5.78,12
08/26/2021,10:55:02,0.80,53.161377,8.642253,5.72,12
08/26/2021,10:55:03,0.80,53.161362,8.642249,5.57,12
08/26/2021,10:55:04,0.80,53.161346,8.642245,5.65,12
08/26/2021,10:55:05,1.00,53.161331,8.642241,6.07,12
08/26/2021,10:55:06,1.00,53.161320,8.642238,5.56,12
08/26/2021,10:55:08,1.00,53.161293,8.642231,5.06,12
08/26/2021,10:55:09,1.00,53.161282,8.642227,4.61,12
08/26/2021,10:55:10,0.80,53.161270,8.642223,4.09,12
08/26/2021,10:55:11,0.80,53.161263,8.642220,3.85,12
08/26/2021,10:55:12,0.80,53.161251,8.642218,3.87,12
08/26/2021,10:55:14,0.80,53.161232,8.642209,4.24,12
08/26/2021,10:55:15,0.80,53.161221,8.642203,4.44,12
08/26/2021,10:55:16,0.80,53.161209,8.642200,3.98,12
08/26/2021,10:55:17,0.80,53.161201,8.642196,3.93,12
08/26/2021,10:55:18,0.80,53.161194,8.642191,4.00,12
08/26/2021,10:55:20,0.80,53.161175,8.642174,4.11,12
08/26/2021,10:55:21,0.80,53.161167,8.642157,5.28,12
08/26/2021,10:55:22,0.80,53.161163,8.642137,5.19,12
08/26/2021,10:55:23,0.80,53.161160,8.642113,5.78,12
08/26/2021,10:55:24,0.80,53.161160,8.642091,4.91,12
08/26/2021,10:55:26,0.80,53.161163,8.642045,5.72,12
08/26/2021,10:55:27,0.80,53.161163,8.642025,5.11,12
08/26/2021,10:55:28,0.80,53.161167,8.642005,4.96,12
08/26/2021,10:55:29,0.80,53.161171,8.641985,4.87,12
08/26/2021,10:55:30,0.80,53.161175,8.641966,4.61,12
08/26/2021,10:55:31,0.80,53.161175,8.641949,4.28,12
08/26/2021,10:55:33,0.80,53.161179,8.641912,4.48,12
08/26/2021,10:55:34,0.80,53.161179,8.641892,4.48,12
08/26/2021,10:55:35,0.80,53.161179,8.641872,4.61,12
08/26/2021,10:55:36,0.80,53.161182,8.641854,4.56,12
08/26/2021,10:55:37,0.80,53.161182,8.641834,4.46,12
08/26/2021,10:55:39,0.80,53.161182,8.641797,4.32,12
08/26/2021,10:55:40,0.80,53.161190,8.641781,4.32,12
08/26/2021,10:55:41,0.80,53.161194,8.641768,4.28,12
08/26/2021,10:55:42,0.70,53.161198,8.641753,4.44,12
08/26/2021,10:55:43,0.60,53.161209,8.641745,4.22,12
08/26/2021,10:55:45,0.60,53.161224,8.641738,4.15,12
08/26/2021,10:55:46,0.60,53.161232,8.641740,4.85,12
08/26/2021,10:55:47,0.60,53.161247,8.641745,5.33,12
08/26/2021,10:55:48,0.60,53.161259,8.641751,5.11,12
08/26/2021,10:55:49,0.60,53.161270,8.641757,5.26,12
08/26/2021,10:55:51,0.60,53.161289,8.641763,4.98,12
08/26/2021,10:55:52,0.70,53.161297,8.641766,4.98,12
08/26/2021,10:55:53,0.80,53.161308,8.641769,4.17,12
08/26/2021,10:55:54,0.80,53.161320,8.641772,5.00,12
08/26/2021,10:55:55,0.80,53.161331,8.641776,5.11,12
08/26/2021,10:55:57,0.80,53.161358,8.641783,5.09,12
08/26/2021,10:55:58,0.80,53.161373,8.641788,5.07,12
08/26/2021,10:55:59,0.80,53.161385,8.641791,5.09,12
08/26/2021,10:56:00,0.80,53.161396,8.641794,5.22,12
08/26/2021,10:56:01,0.80,53.161411,8.641797,5.24,12
08/26/2021,10:56:02,0.80,53.161423,8.641800,5.19,12
08/26/2021,10:56:04,0.80,53.161449,8.641805,5.17,12
08/26/2021,10:56:05,0.80,53.161465,8.641806,5.26,12
08/26/2021,10:56:06,0.80,53.161476,8.641807,5.24,12
08/26/2021,10:56:07,0.80,53.161491,8.641808,5.07,12
08/26/2021,10:56:08,0.80,53.161503,8.641808,5.32,12
08/26/2021,10:56:10,0.80,53.161526,8.641810,4.98,12
08/26/2021,10:56:11,0.80,53.161537,8.641813,5.24,12
08/26/2021,10:56:12,0.80,53.161552,8.641816,4.87,12
08/26/2021,10:56:13,0.80,53.161564,8.641819,4.93,12
08/26/2021,10:56:14,0.80,53.161575,8.641822,4.85,12
08/26/2021,10:56:15,0.80,53.161591,8.641826,4.91,12
08/26/2021,10:56:17,0.80,53.161613,8.641832,4.91,12
08/26/2021,10:56:18,0.80,53.161625,8.641836,4.80,12
08/26/2021,10:56:19,0.80,53.161636,8.641841,4.85,12
08/26/2021,10:56:20,0.80,53.161652,8.641845,5.22,12
08/26/2021,10:56:21,0.80,53.161663,8.641845,5.04,12
08/26/2021,10:56:23,0.80,53.161690,8.641832,4.11,12
08/26/2021,10:56:24,0.80,53.161697,8.641821,3.85,12
08/26/2021,10:56:25,0.80,53.161701,8.641805,4.20,12
08/26/2021,10:56:26,0.80,53.161709,8.641793,2.80,12
08/26/2021,10:56:27,0.80,53.161713,8.641779,4.52,12
08/26/2021,10:56:29,0.80,53.161720,8.641747,3.80,12
08/26/2021,10:56:30,0.80,53.161724,8.641735,3.48,12
08/26/2021,10:56:31,0.80,53.161732,8.641724,3.17,12
08/26/2021,10:56:32,0.80,53.161732,8.641716,2.11,12
08/26/2021,10:56:33,0.80,53.161739,8.641709,2.98,12
08/26/2021,10:56:35,0.80,53.161758,8.641702,4.04,12
08/26/2021,10:56:36,0.80,53.161766,8.641702,3.93,12
08/26/2021,10:56:37,0.80,53.161777,8.641704,3.91,12
08/26/2021,10:56:38,0.80,53.161789,8.641706,3.82,12
08/26/2021,10:56:39,0.60,53.161800,8.641711,4.43,12
08/26/2021,10:56:41,0.60,53.161819,8.641716,3.30,12
08/26/2021,10:56:42,0.40,53.161827,8.641718,2.61,12
08/26/2021,10:56:43,0.40,53.161831,8.641713,3.02,12
08/26/2021,10:56:44,0.40,53.161839,8.641706,2.83,12
08/26/2021,10:56:45,0.40,53.161842,8.641695,2.87,12
08/26/2021,10:56:47,0.40,53.161846,8.641669,3.09,12
08/26/2021,10:56:48,0.40,53.161846,8.641654,3.15,12
08/26/2021,10:56:49,0.40,53.161846,8.641639,3.04,12
08/26/2021,10:56:50,0.40,53.161846,8.641625,2.87,12
08/26/2021,10:56:51,0.40,53.161842,8.641614,2.89,12
08/26/2021,10:56:53,0.00,53.161831,8.641598,2.82,12
08/26/2021,10:56:54,0.00,53.161823,8.641592,3.24,12
08/26/2021,10:56:56,0.00,53.161804,8.641588,4.26,12
08/26/2021,10:56:57,0.00,53.161797,8.641589,4.35,12
08/26/2021,10:56:59,0.70,53.161777,8.641588,3.59,12
08/26/2021,10:57:00,0.80,53.161766,8.641588,4.02,12
08/26/2021,10:57:01,0.80,53.161755,8.641586,4.76,12
08/26/2021,10:57:02,0.80,53.161743,8.641582,4.82,12
08/26/2021,10:57:03,0.80,53.161736,8.641578,4.26,12
08/26/2021,10:57:05,0.80,53.161709,8.641568,4.76,12
08/26/2021,10:57:06,0.80,53.161697,8.641563,4.52,12
08/26/2021,10:57:07,0.80,53.161686,8.641560,5.09,12
08/26/2021,10:57:08,0.80,53.161674,8.641556,4.65,12
08/26/2021,10:57:09,0.80,53.161663,8.641553,4.52,12
08/26/2021,10:57:11,0.80,53.161640,8.641546,4.02,12
08/26/2021,10:57:12,0.80,53.161633,8.641541,4.30,12
08/26/2021,10:57:13,0.80,53.161621,8.641536,3.39,12
08/26/2021,10:57:14,0.80,53.161613,8.641530,3.56,12
08/26/2021,10:57:15,0.80,53.161602,8.641520,5.32,12
08/26/2021,10:57:17,0.80,53.161583,8.641501,4.02,12
08/26/2021,10:57:18,0.80,53.161572,8.641497,4.37,12
08/26/2021,10:57:19,0.80,53.161560,8.641493,4.24,12
08/26/2021,10:57:20,0.80,53.161552,8.641492,4.69,12
08/26/2021,10:57:21,0.80,53.161541,8.641491,3.96,12
08/26/2021,10:57:23,0.80,53.161518,8.641490,4.41,12
08/26/2021,10:57:24,0.80,53.161510,8.641489,3.91,12
08/26/2021,10:57:25,0.80,53.161499,8.641488,4.69,12
08/26/2021,10:57:26,0.70,53.161484,8.641484,4.82,12
08/26/2021,10:57:27,0.70,53.161472,8.641479,5.09,12
08/26/2021,10:57:28,0.70,53.161461,8.641475,5.04,12
08/26/2021,10:57:30,0.80,53.161438,8.641463,4.61,12
08/26/2021,10:57:31,0.80,53.161427,8.641458,4.57,12
08/26/2021,10:57:32,0.80,53.161415,8.641452,4.76,12
08/26/2021,10:57:33,0.80,53.161404,8.641446,4.56,12
08/26/2021,10:57:34,0.80,53.161392,8.641441,4.59,12
08/26/2021,10:57:36,0.80,53.161366,8.641432,5.02,12
08/26/2021,10:57:37,0.80,53.161354,8.641426,5.20,12
08/26/2021,10:57:38,0.80,53.161343,8.641421,5.04,12
08/26/2021,10:57:39,0.80,53.161327,8.641417,4.93,12
08/26/2021,10:57:40,0.80,53.161316,8.641413,4.85,12
08/26/2021,10:57:42,0.80,53.161293,8.641406,4.83,12
08/26/2021,10:57:43,0.80,53.161282,8.641402,4.80,12
08/26/2021,10:57:44,0.80,53.161270,8.641399,4.85,12
08/26/2021,10:57:45,0.80,53.161259,8.641397,4.13,12
08/26/2021,10:57:46,0.80,53.161243,8.641397,5.33,12
08/26/2021,10:57:47,0.80,53.161236,8.641402,4.43,12
08/26/2021,10:57:49,0.80,53.161217,8.641421,3.52,12
08/26/2021,10:57:50,0.80,53.161217,8.641436,3.41,12
08/26/2021,10:57:51,0.60,53.161217,8.641451,3.46,12
08/26/2021,10:57:52,0.60,53.161221,8.641464,3.46,12
08/26/2021,10:57:53,0.60,53.161228,8.641474,3.85,12
08/26/2021,10:57:55,0.60,53.161247,8.641488,4.80,12
08/26/2021,10:57:56,0.60,53.161259,8.641493,5.00,12
08/26/2021,10:57:57,0.60,53.161270,8.641497,4.72,12
08/26/2021,10:57:58,0.60,53.161282,8.641500,5.17,12
08/26/2021,10:57:59,0.60,53.161293,8.641504,4.87,12
08/26/2021,10:58:00,0.80,53.161304,8.641508,5.20,12
08/26/2021,10:58:02,0.80,53.161331,8.641520,5.17,12
08/26/2021,10:58:03,0.80,53.161343,8.641526,5.17,12
08/26/2021,10:58:04,0.80,53.161354,8.641532,5.20,12
08/26/2021,10:58:06,0.80,53.161381,8.641544,5.19,12
08/26/2021,10:58:07,0.80,53.161392,8.641550,5.11,12
08/26/2021,10:58:08,0.80,53.161404,8.641556,5.24,12
08/26/2021,10:58:09,0.80,53.161415,8.641562,4.98,12
08/26/2021,10:58:10,0.80,53.161430,8.641565,5.09,12
08/26/2021,10:58:12,0.80,53.161453,8.641573,5.17,12
08/26/2021,10:58:13,0.80,53.161469,8.641578,5.15,12
08/26/2021,10:58:14,0.80,53.161480,8.641581,5.13,12
08/26/2021,10:58:15,0.80,53.161491,8.641584,5.00,12
08/26/2021,10:58:16,0.80,53.161507,8.641588,5.06,12
08/26/2021,10:58:17,0.80,53.161518,8.641593,5.04,12
08/26/2021,10:58:19,0.80,53.161541,8.641603,5.11,12
08/26/2021,10:58:20,0.80,53.161552,8.641607,5.06,12
08/26/2021,10:58:21,0.80,53.161568,8.641614,5.07,12
08/26/2021,10:58:22,0.80,53.161579,8.641620,5.09,12
08/26/2021,10:58:23,0.80,53.161591,8.641625,5.13,12
08/26/2021,10:58:25,0.80,53.161617,8.641634,4.80,12
08/26/2021,10:58:26,0.80,53.161629,8.641639,4.56,12
08/26/2021,10:58:27,0.80,53.161636,8.641644,4.28,12
08/26/2021,10:58:28,0.80,53.161644,8.641649,3.61,12
08/26/2021,10:58:29,0.80,53.161655,8.641657,3.69,12
08/26/2021,10:58:30,0.80,53.161663,8.641666,3.65,12
08/26/2021,10:58:32,0.80,53.161667,8.641696,3.80,12
08/26/2021,10:58:33,0.80,53.161667,8.641712,3.80,12
08/26/2021,10:58:34,0.80,53.161663,8.641726,3.82,12
08/26/2021,10:58:35,0.80,53.161659,8.641739,3.85,12
08/26/2021,10:58:36,0.80,53.161652,8.641748,4.43,12
08/26/2021,10:58:38,0.80,53.161629,8.641757,4.24,12
08/26/2021,10:58:39,0.80,53.161617,8.641757,5.13,12
08/26/2021,10:58:40,0.80,53.161606,8.641754,5.37,12
08/26/2021,10:58:41,0.80,53.161594,8.641751,4.91,12
08/26/2021,10:58:42,0.80,53.161579,8.641747,5.35,12
08/26/2021,10:58:44,0.80,53.161556,8.641738,5.11,12
08/26/2021,10:58:45,0.80,53.161545,8.641733,5.41,12
08/26/2021,10:58:46,0.80,53.161530,8.641728,5.22,12
08/26/2021,10:58:47,0.80,53.161518,8.641724,5.22,12
08/26/2021,10:58:48,0.80,53.161507,8.641720,5.22,12
08/26/2021,10:58:49,0.80,53.161491,8.641715,5.24,12
08/26/2021,10:58:51,0.80,53.161469,8.641706,5.13,12
08/26/2021,10:58:52,0.80,53.161453,8.641701,5.30,12
08/26/2021,10:58:53,0.80,53.161442,8.641696,5.11,12
08/26/2021,10:58:54,0.80,53.161430,8.641691,5.26,12
08/26/2021,10:58:55,0.80,53.161415,8.641687,5.24,12
08/26/2021,10:58:56,0.80,53.161404,8.641683,5.20,12
08/26/2021,10:58:58,0.80,53.161377,8.641674,5.11,12
08/26/2021,10:58:59,0.80,53.161362,8.641670,5.09,12
08/26/2021,10:59:00,0.80,53.161350,8.641665,5.09,12
08/26/2021,10:59:01,0.80,53.161339,8.641660,5.13,12
08/26/2021,10:59:02,0.80,53.161324,8.641654,5.19,12
08/26/2021,10:59:04,0.80,53.161301,8.641641,5.24,12
08/26/2021,10:59:05,0.80,53.161285,8.641633,5.15,12
08/26/2021,10:59:06,0.80,53.161274,8.641625,5.11,12
08/26/2021,10:59:07,0.80,53.161263,8.641617,5.33,12
08/26/2021,10:59:08,0.80,53.161251,8.641608,5.72,12
08/26/2021,10:59:09,0.80,53.161240,8.641601,5.00,12
08/26/2021,10:59:11,0.80,53.161213,8.641587,5.26,12
08/26/2021,10:59:12,0.80,53.161205,8.641582,3.46,12
08/26/2021,10:59:13,0.80,53.161198,8.641575,3.15,12
08/26/2021,10:59:14,0.70,53.161190,8.641562,4.20,12
08/26/2021,10:59:15,0.60,53.161186,8.641544,5.00,12
08/26/2021,10:59:17,0.00,53.161179,8.641500,5.56,12
08/26/2021,10:59:18,0.60,53.161179,8.641478,5.35,12
08/26/2021,10:59:19,0.60,53.161175,8.641456,5.32,12
08/26/2021,10:59:20,0.60,53.161175,8.641435,5.13,12
08/26/2021,10:59:21,0.00,53.161175,8.641414,5.15,12
08/26/2021,10:59:23,0.60,53.161171,8.641374,4.46,12
08/26/2021,10:59:24,0.70,53.161171,8.641355,4.35,12
08/26/2021,10:59:25,0.80,53.161171,8.641334,5.00,12
08/26/2021,10:59:26,0.80,53.161171,8.641313,5.06,12
08/26/2021,10:59:27,0.80,53.161175,8.641291,5.32,12
08/26/2021,10:59:29,0.80,53.161179,8.641248,5.13,12
08/26/2021,10:59:30,0.80,53.161179,8.641228,5.06,12
08/26/2021,10:59:31,0.80,53.161182,8.641207,5.35,12
08/26/2021,10:59:32,0.80,53.161186,8.641187,5.02,12
08/26/2021,10:59:33,0.80,53.161186,8.641168,4.74,12
08/26/2021,10:59:35,0.80,53.161194,8.641128,5.15,12
08/26/2021,10:59:36,0.80,53.161198,8.641107,5.00,12
08/26/2021,10:59:37,0.80,53.161198,8.641086,4.89,12
08/26/2021,10:59:38,0.70,53.161201,8.641065,5.13,12
08/26/2021,10:59:39,0.60,53.161201,8.641043,4.70,12
08/26/2021,10:59:41,0.60,53.161205,8.641003,4.89,12
08/26/2021,10:59:42,0.60,53.161205,8.640982,4.70,12
08/26/2021,10:59:43,0.60,53.161205,8.640962,5.13,12
08/26/2021,10:59:44,0.00,53.161205,8.640940,5.02,12
08/26/2021,10:59:45,0.60,53.161205,8.640919,4.91,12
08/26/2021,10:59:47,0.60,53.161201,8.640876,4.89,12
08/26/2021,10:59:48,0.60,53.161201,8.640854,5.15,12
08/26/2021,10:59:50,0.60,53.161201,8.640813,5.07,12
08/26/2021,10:59:51,0.60,53.161198,8.640791,5.11,12
08/26/2021,10:59:52,0.70,53.161198,8.640771,4.93,12
08/26/2021,10:59:53,0.80,53.161201,8.640751,5.02,12
08/26/2021,10:59:54,0.80,53.161201,8.640730,4.89,12
08/26/2021,10:59:55,0.80,53.161201,8.640709,4.94,12
08/26/2021,10:59:57,0.80,53.161205,8.640667,5.15,12
08/26/2021,10:59:58,0.80,53.161209,8.640647,5.02,12
08/26/2021,10:59:59,0.80,53.161213,8.640627,5.13,12
08/26/2021,11:00:00,0.80,53.161217,8.640606,5.35,12
08/26/2021,11:00:02,0.80,53.161224,8.640565,5.28,12
08/26/2021,11:00:03,0.80,53.161228,8.640544,5.26,12
08/26/2021,11:00:04,0.80,53.161228,8.640524,5.32,12
08/26/2021,11:00:05,0.80,53.161232,8.640503,5.46,12
08/26/2021,11:00:06,0.80,53.161236,8.640483,4.76,12
08/26/2021,11:00:07,0.80,53.161240,8.640463,5.04,12
08/26/2021,11:00:09,0.80,53.161240,8.640419,5.28,12
08/26/2021,11:00:10,0.80,53.161240,8.640397,5.04,12
08/26/2021,11:00:11,0.80,53.161240,8.640374,5.28,12
08/26/2021,11:00:12,0.80,53.161240,8.640352,5.13,12
08/26/2021,11:00:13,0.80,53.161243,8.640329,5.41,12
08/26/2021,11:00:15,0.80,53.161243,8.640285,5.28,12
08/26/2021,11:00:16,0.80,53.161243,8.640263,5.39,12
08/26/2021,11:00:17,0.80,53.161243,8.640241,5.33,12
08/26/2021,11:00:18,0.80,53.161247,8.640218,5.35,12
08/26/2021,11:00:19,0.80,53.161247,8.640195,5.35,12
08/26/2021,11:00:20,0.80,53.161247,8.640173,5.33,12
08/26/2021,11:00:22,0.80,53.161247,8.640128,5.26,12
08/26/2021,11:00:23,0.80,53.161247,8.640106,5.43,12
08/26/2021,11:00:24,0.80,53.161247,8.640084,5.33,12
08/26/2021,11:00:25,0.80,53.161247,8.640061,5.35,12
08/26/2021,11:00:26,0.80,53.161243,8.640039,5.48,12
08/26/2021,11:00:28,0.80,53.161240,8.639994,5.46,12
08/26/2021,11:00:29,0.80,53.161240,8.639972,5.44,12
08/26/2021,11:00:30,0.80,53.161236,8.639949,5.33,12
08/26/2021,11:00:31,0.80,53.161232,8.639926,5.37,12
08/26/2021,11:00:32,0.80,53.161228,8.639904,5.30,12
08/26/2021,11:00:33,0.80,53.161228,8.639882,5.11,12
08/26/2021,11:00:35,0.80,53.161228,8.639837,5.74,12
08/26/2021,11:00:36,0.80,53.161228,8.639813,5.44,12
08/26/2021,11:00:37,0.80,53.161228,8.639791,5.56,12
08/26/2021,11:00:38,0.80,53.161228,8.639768,5.56,12
08/26/2021,11:00:39,0.80,53.161228,8.639746,5.20,12
08/26/2021,11:00:41,0.80,53.161228,8.639700,5.50,12
08/26/2021,11:00:42,0.80,53.161228,8.639676,5.52,12
08/26/2021,11:00:43,0.80,53.161228,8.639653,5.59,12
08/26/2021,11:00:44,0.80,53.161224,8.639630,5.46,12
08/26/2021,11:00:45,0.80,53.161224,8.639608,5.41,12
08/26/2021,11:00:47,0.80,53.161224,8.639563,5.48,12
08/26/2021,11:00:48,1.00,53.161221,8.639540,5.44,12
08/26/2021,11:00:49,1.00,53.161221,8.639518,5.39,12
08/26/2021,11:00:50,1.00,53.161221,8.639496,5.15,12
08/26/2021,11:00:51,1.00,53.161221,8.639475,4.94,12
08/26/2021,11:00:52,1.00,53.161221,8.639455,4.76,12
08/26/2021,11:00:54,1.00,53.161217,8.639415,5.19,12
08/26/2021,11:00:55,1.00,53.161217,8.639393,5.44,12
08/26/2021,11:00:56,1.00,53.161217,8.639370,5.52,12
08/26/2021,11:00:58,0.90,53.161213,8.639324,5.43,12
08/26/2021,11:00:59,1.00,53.161213,8.639301,5.46,12
08/26/2021,11:01:00,1.00,53.161209,8.639278,5.82,12
08/26/2021,11:01:01,1.00,53.161205,8.639256,5.56,12
08/26/2021,11:01:02,1.00,53.161201,8.639235,5.43,12
08/26/2021,11:01:04,1.00,53.161186,8.639197,5.39,12
08/26/2021,11:01:05,1.00,53.161179,8.639179,5.52,12
08/26/2021,11:01:06,1.00,53.161171,8.639161,5.57,12
08/26/2021,11:01:07,1.00,53.161163,8.639142,5.61,12
08/26/2021,11:01:08,1.00,53.161156,8.639124,5.69,12
08/26/2021,11:01:09,1.00,53.161148,8.639105,5.67,12
08/26/2021,11:01:11,1.10,53.161133,8.639071,5.00,12
08/26/2021,11:01:12,1.00,53.161125,8.639054,4.83,12
08/26/2021,11:01:13,1.00,53.161118,8.639039,4.67,12
08/26/2021,11:01:15,1.20,53.161102,8.639005,5.04,12
08/26/2021,11:01:16,1.00,53.161098,8.638988,5.11,12
08/26/2021,11:01:18,1.20,53.161083,8.638953,5.04,12
08/26/2021,11:01:19,1.20,53.161076,8.638937,5.04,12
08/26/2021,11:01:20,1.20,53.161068,8.638920,5.17,12
08/26/2021,11:01:21,1.10,53.161060,8.638904,5.19,12
08/26/2021,11:01:22,1.20,53.161053,8.638886,5.43,12
08/26/2021,11:01:24,1.20,53.161034,8.638851,5.57,12
08/26/2021,11:01:25,1.20,53.161026,8.638833,5.61,12
08/26/2021,11:01:26,1.20,53.161018,8.638814,5.61,12
08/26/2021,11:01:27,1.20,53.161011,8.638796,5.80,12
08/26/2021,11:01:28,1.20,53.160999,8.638777,5.78,12
08/26/2021,11:01:30,1.20,53.160980,8.638741,5.78,12
08/26/2021,11:01:32,1.80,53.160957,8.638710,5.54,12
08/26/2021,11:01:33,1.90,53.160950,8.638695,5.59,12
08/26/2021,11:01:34,3.10,53.160938,8.638680,5.82,12
08/26/2021,11:01:35,3.10,53.160927,8.638665,6.00,12
08/26/2021,11:01:37,3.30,53.160900,8.638638,6.15,12
08/26/2021,11:01:38,2.90,53.160885,8.638625,6.04,12
08/26/2021,11:01:39,2.70,53.160873,8.638609,6.61,12
08/26/2021,11:01:40,5.10,53.160862,8.638591,6.26,12
08/26/2021,11:01:41,2.30,53.160847,8.638573,6.63,12
08/26/2021,11:01:42,2.30,53.160839,8.638554,6.20,12
08/26/2021,11:01:44,2.10,53.160812,8.638512,6.59,12
08/26/2021,11:01:45,2.30,53.160805,8.638492,6.19,12
08/26/2021,11:01:46,0.20,53.160793,8.638473,5.76,12
08/26/2021,11:01:47,0.20,53.160786,8.638453,5.61,12
08/26/2021,11:01:48,0.20,53.160778,8.638433,5.52,12
08/26/2021,11:01:50,0.20,53.160763,8.638391,6.06,12
08/26/2021,11:01:51,2.70,53.160751,8.638371,6.07,12
08/26/2021,11:01:52,2.70,53.160744,8.638350,5.96,12
08/26/2021,11:01:53,2.80,53.160732,8.638331,5.91,12
08/26/2021,11:01:54,2.90,53.160725,8.638315,5.80,12
08/26/2021,11:01:55,3.00,53.160713,8.638302,5.20,12
08/26/2021,11:01:57,3.00,53.160690,8.638285,4.72,12
08/26/2021,11:01:58,3.00,53.160679,8.638284,4.72,12
08/26/2021,11:01:59,2.90,53.160667,8.638288,4.00,12
08/26/2021,11:02:00,2.90,53.160660,8.638300,4.35,12
08/26/2021,11:02:01,2.90,53.160656,8.638316,4.04,12
08/26/2021,11:02:03,5.90,53.160660,8.638352,5.06,12
08/26/2021,11:02:04,5.70,53.160667,8.638371,5.22,12
08/26/2021,11:02:05,2.90,53.160675,8.638391,5.09,12
08/26/2021,11:02:06,2.80,53.160679,8.638409,4.87,12
08/26/2021,11:02:07,2.80,53.160686,8.638429,5.30,12
08/26/2021,11:02:09,3.10,53.160694,8.638467,4.59,12
08/26/2021,11:02:10,3.20,53.160702,8.638488,5.72,12
08/26/2021,11:02:11,6.60,53.160706,8.638508,5.30,12
08/26/2021,11:02:13,3.20,53.160725,8.638546,5.69,12
08/26/2021,11:02:14,3.20,53.160732,8.638565,5.48,12
08/26/2021,11:02:15,3.00,53.160740,8.638584,5.09,12
08/26/2021,11:02:16,6.00,53.160744,8.638602,4.80,12
08/26/2021,11:02:17,2.90,53.160748,8.638619,4.52,12
08/26/2021,11:02:18,2.90,53.160755,8.638640,5.85,12
08/26/2021,11:02:20,5.90,53.160770,8.638679,6.02,12
08/26/2021,11:02:21,5.70,53.160782,8.638697,6.35,12
08/26/2021,11:02:22,5.70,53.160793,8.638715,6.54,12
08/26/2021,11:02:23,2.60,53.160809,8.638734,6.67,12
08/26/2021,11:02:24,2.60,53.160820,8.638753,6.59,12
08/26/2021,11:02:26,2.20,53.160843,8.638788,5.70,12
08/26/2021,11:02:27,2.10,53.160851,8.638808,6.09,12
08/26/2021,11:02:28,2.00,53.160858,8.638832,6.82,12
08/26/2021,11:02:29,1.80,53.160866,8.638854,5.59,12
08/26/2021,11:02:30,1.80,53.160870,8.638874,4.67,12
08/26/2021,11:02:32,1.40,53.160873,8.638910,4.06,12
08/26/2021,11:02:33,1.30,53.160870,8.638930,5.07,12
08/26/2021,11:02:34,1.20,53.160866,8.638950,5.09,12
08/26/2021,11:02:35,1.00,53.160862,8.638970,4.78,12
08/26/2021,11:02:36,1.00,53.160862,8.638986,3.33,12
08/26/2021,11:02:38,2.30,53.160862,8.639012,3.00,12
08/26/2021,11:02:39,2.70,53.160862,8.639024,3.20,12
08/26/2021,11:02:40,2.70,53.160862,8.639036,2.91,12
08/26/2021,11:02:41,2.50,53.160862,8.639050,2.76,12
08/26/2021,11:02:42,2.50,53.160866,8.639062,2.98,12
08/26/2021,11:02:43,1.60,53.160870,8.639074,3.24,12
08/26/2021,11:02:45,1.50,53.160885,8.639090,3.94,12
08/26/2021,11:02:46,1.40,53.160889,8.639096,2.87,12
08/26/2021,11:02:47,1.30,53.160896,8.639101,2.43,12
08/26/2021,11:02:48,1.30,53.160900,8.639105,2.20,12
08/26/2021,11:02:49,0.80,53.160908,8.639109,1.91,12
08/26/2021,11:02:51,0.80,53.160915,8.639113,1.63,12
08/26/2021,11:02:52,0.60,53.160919,8.639114,1.72,12
08/26/2021,11:02:53,0.40,53.160923,8.639114,1.15,12
08/26/2021,11:02:54,0.40,53.160927,8.639118,1.26,12
08/26/2021,11:02:55,0.40,53.160927,8.639121,0.96,12
08/26/2021,11:02:57,0.30,53.160931,8.639122,1.22,12
08/26/2021,11:02:58,0.20,53.160934,8.639125,1.20,12
08/26/2021,11:02:59,0.20,53.160938,8.639126,1.09,12
08/26/2021,11:03:00,0.20,53.160942,8.639124,2.00,12
08/26/2021,11:03:01,0.20,53.160946,8.639122,1.09,12
08/26/2021,11:03:02,0.20,53.160946,8.639122,1.35,12
08/26/2021,11:03:04,0.20,53.160950,8.639124,0.74,12
08/26/2021,11:03:05,0.20,53.160950,8.639126,0.33,12
08/26/2021,11:03:06,0.20,53.160950,8.639125,0.31,12
08/26/2021,11:03:07,0.20,53.160950,8.639125,0.09,12
08/26/2021,11:03:08,0.00,53.160950,8.639125,0.24,12
08/26/2021,11:03:09,0.00,53.160950,8.639125,0.28,12
08/26/2021,11:03:11,0.00,53.160950,8.639126,0.13,12
08/26/2021,11:03:12,0.00,53.160950,8.639124,0.33,12
08/26/2021,11:03:13,0.00,53.160950,8.639124,0.11,12
08/26/2021,11:03:14,0.00,53.160950,8.639122,0.67,12
08/26/2021,11:03:15,0.00,53.160950,8.639120,0.56,12
08/26/2021,11:03:17,0.00,53.160954,8.639117,0.37,12
08/26/2021,11:03:18,0.00,53.160950,8.639115,0.70,12
08/26/2021,11:03:20,0.00,53.160950,8.639112,1.19,12
08/26/2021,11:03:21,0.00,53.160950,8.639119,0.57,12
08/26/2021,11:03:22,0.00,53.160950,8.639124,1.83,12
08/26/2021,11:03:23,0.00,53.160946,8.639126,1.30,12
08/26/2021,11:03:24,0.00,53.160942,8.639123,1.78,12
08/26/2021,11:03:26,0.00,53.160934,8.639110,2.28,12
08/26/2021,11:03:27,0.00,53.160931,8.639103,2.30,12
08/26/2021,11:03:28,0.00,53.160927,8.639094,2.80,12
08/26/2021,11:03:29,0.00,53.160927,8.639084,2.56,12
08/26/2021,11:03:30,0.00,53.160927,8.639071,3.00,12
08/26/2021,11:03:32,11.10,53.160927,8.639046,2.65,12
08/26/2021,11:03:33,1.00,53.160931,8.639034,2.59,12
08/26/2021,11:03:34,32.50,53.160931,8.639023,2.63,12
08/26/2021,11:03:35,32.60,53.160934,8.639011,2.74,12
08/26/2021,11:03:36,0.00,53.160934,8.639000,3.07,12
08/26/2021,11:03:37,0.00,53.160938,8.638987,3.76,12
08/26/2021,11:03:39,0.80,53.160950,8.638965,2.96,12
08/26/2021,11:03:40,0.80,53.160954,8.638957,2.41,12
08/26/2021,11:03:41,0.90,53.160957,8.638951,2.74,12
08/26/2021,11:03:42,1.00,53.160965,8.638947,2.11,12
08/26/2021,11:03:43,1.00,53.160969,8.638947,2.50,12
08/26/2021,11:03:45,1.00,53.160984,8.638952,2.94,12
08/26/2021,11:03:46,1.00,53.160992,8.638960,3.33,12
08/26/2021,11:03:47,1.10,53.160995,8.638970,3.67,12
08/26/2021,11:03:48,1.10,53.161003,8.638983,3.74,12
08/26/2021,11:03:49,1.10,53.161007,8.638995,3.67,12
08/26/2021,11:03:51,1.00,53.161018,8.639026,4.37,12
08/26/2021,11:03:52,1.00,53.161026,8.639041,4.22,12
08/26/2021,11:03:53,1.00,53.161030,8.639056,3.70,12
08/26/2021,11:03:54,0.90,53.161034,8.639070,3.61,12
08/26/2021,11:03:55,0.90,53.161041,8.639084,4.33,12
08/26/2021,11:03:57,0.70,53.161053,8.639112,3.96,12
08/26/2021,11:03:58,0.60,53.161057,8.639124,3.69,12
08/26/2021,11:03:59,0.60,53.161064,8.639135,3.61,12
08/26/2021,11:04:00,0.80,53.161072,8.639147,3.67,12
08/26/2021,11:04:01,0.80,53.161079,8.639156,3.65,12
08/26/2021,11:04:03,1.00,53.161091,8.639170,3.32,12
08/26/2021,11:04:04,1.00,53.161098,8.639176,3.91,12
08/26/2021,11:04:05,1.00,53.161110,8.639181,4.24,12
08/26/2021,11:04:06,0.80,53.161118,8.639186,3.30,12
08/26/2021,11:04:07,0.80,53.161125,8.639193,4.11,12
08/26/2021,11:04:09,1.00,53.161144,8.639215,4.54,12
08/26/2021,11:04:10,1.00,53.161152,8.639230,4.63,12
08/26/2021,11:04:11,1.00,53.161160,8.639248,5.22,12
08/26/2021,11:04:12,1.00,53.161167,8.639267,5.09,12
08/26/2021,11:04:13,1.00,53.161171,8.639288,5.80,12
08/26/2021,11:04:15,1.00,53.161186,8.639328,6.02,12
08/26/2021,11:04:16,1.00,53.161194,8.639341,4.67,12
08/26/2021,11:04:17,1.00,53.161201,8.639350,4.02,12
08/26/2021,11:04:18,1.00,53.161213,8.639348,4.37,12
08/26/2021,11:04:19,1.00,53.161221,8.639338,4.78,12
08/26/2021,11:04:21,1.00,53.161228,8.639293,5.70,12
08/26/2021,11:04:22,1.00,53.161224,8.639269,6.20,12
08/26/2021,11:04:23,1.00,53.161217,8.639247,5.83,12
08/26/2021,11:04:24,1.00,53.161209,8.639222,7.09,12
08/26/2021,11:04:25,1.10,53.161198,8.639197,6.91,12
08/26/2021,11:04:27,1.20,53.161182,8.639149,7.00,12
08/26/2021,11:04:28,1.10,53.161175,8.639125,6.80,12
08/26/2021,11:04:30,1.10,53.161156,8.639079,6.33,12
08/26/2021,11:04:31,1.10,53.161148,8.639057,6.07,12
08/26/2021,11:04:32,1.20,53.161140,8.639036,6.04,12
08/26/2021,11:04:34,1.00,53.161129,8.638989,6.35,12
08/26/2021,11:04:35,1.20,53.161125,8.638965,6.67,12
08/26/2021,11:04:36,1.20,53.161118,8.638939,6.87,12
08/26/2021,11:04:37,1.20,53.161110,8.638915,6.85,12
08/26/2021,11:04:38,1.20,53.161098,8.638893,6.57,12
08/26/2021,11:04:40,1.20,53.161072,8.638859,5.93,12
08/26/2021,11:04:41,1.20,53.161060,8.638844,5.87,12
08/26/2021,11:04:42,1.20,53.161045,8.638830,6.15,12
08/26/2021,11:04:43,1.20,53.161034,8.638817,6.20,12
08/26/2021,11:04:44,1.20,53.161018,8.638803,6.44,12
08/26/2021,11:04:46,1.20,53.160992,8.638772,6.89,12
08/26/2021,11:04:47,1.20,53.160976,8.638759,5.02,12
08/26/2021,11:04:48,1.20,53.160965,8.638745,5.72,12
08/26/2021,11:04:49,1.20,53.160950,8.638730,7.74,12
08/26/2021,11:04:50,2.00,53.160934,8.638723,5.83,12
08/26/2021,11:04:52,2.50,53.160912,8.638741,5.46,12
08/26/2021,11:04:53,3.00,53.160904,8.638759,5.82,12
08/26/2021,11:04:54,3.20,53.160900,8.638783,6.15,12
08/26/2021,11:04:55,3.20,53.160896,8.638804,5.13,12
08/26/2021,11:04:56,2.50,53.160892,8.638826,5.83,12
08/26/2021,11:04:58,2.20,53.160889,8.638866,5.15,12
08/26/2021,11:04:59,1.90,53.160881,8.638885,4.93,12
08/26/2021,11:05:00,1.60,53.160877,8.638902,4.26,12
08/26/2021,11:05:01,1.60,53.160873,8.638922,5.67,12
08/26/2021,11:05:02,1.00,53.160870,8.638941,4.17,12
08/26/2021,11:05:04,1.10,53.160877,8.638970,3.41,12
08/26/2021,11:05:05,1.50,53.160881,8.638984,3.09,12
08/26/2021,11:05:06,1.90,53.160885,8.638986,3.17,12
08/26/2021,11:05:07,1.90,53.160896,8.638981,4.00,12
08/26/2021,11:05:08,1.40,53.160904,8.638967,4.82,12
08/26/2021,11:05:09,0.90,53.160912,8.638948,5.48,12
08/26/2021,11:05:11,0.70,53.160923,8.638904,5.94,12
08/26/2021,11:05:12,0.60,53.160931,8.638880,6.07,12
08/26/2021,11:05:13,0.60,53.160934,8.638855,6.11,12
08/26/2021,11:05:14,0.00,53.160938,8.638829,6.44,12
08/26/2021,11:05:15,0.80,53.160946,8.638805,5.82,12
08/26/2021,11:05:17,1.00,53.160961,8.638761,6.09,12
08/26/2021,11:05:18,1.40,53.160969,8.638739,6.48,12
08/26/2021,11:05:19,0.00,53.160980,8.638718,6.33,12
08/26/2021,11:05:20,2.00,53.160988,8.638698,6.30,12
08/26/2021,11:05:21,1.90,53.160995,8.638680,5.57,12
08/26/2021,11:05:23,1.90,53.161015,8.638642,5.50,12
08/26/2021,11:05:24,1.70,53.161022,8.638626,5.22,12
08/26/2021,11:05:25,1.70,53.161030,8.638611,5.00,12
08/26/2021,11:05:26,1.50,53.161041,8.638595,5.56,12
08/26/2021,11:05:27,1.50,53.161049,8.638577,5.57,12
08/26/2021,11:05:29,1.00,53.161068,8.638545,5.32,12
08/26/2021,11:05:30,1.00,53.161079,8.638530,5.20,12
08/26/2021,11:05:31,1.00,53.161087,8.638515,5.00,12
08/26/2021,11:05:32,0.80,53.161098,8.638503,5.07,12
08/26/2021,11:05:33,0.80,53.161106,8.638491,4.82,12
08/26/2021,11:05:35,0.80,53.161129,8.638471,4.87,12
08/26/2021,11:05:36,0.80,53.161137,8.638458,4.89,12
08/26/2021,11:05:37,0.80,53.161144,8.638450,3.30,12
08/26/2021,11:05:39,0.80,53.161152,8.638443,1.31,12
08/26/2021,11:05:40,0.80,53.161156,8.638443,1.61,12
08/26/2021,11:05:41,0.80,53.161160,8.638451,2.19,12
08/26/2021,11:05:42,0.80,53.161163,8.638469,3.70,12
08/26/2021,11:05:43,0.80,53.161160,8.638487,5.22,12
08/26/2021,11:05:45,0.80,53.161137,8.638522,5.93,12
08/26/2021,11:05:46,1.00,53.161125,8.638536,6.57,12
08/26/2021,11:05:47,1.00,53.161114,8.638551,5.72,12
08/26/2021,11:05:48,1.00,53.161102,8.638568,6.50,12
08/26/2021,11:05:49,1.00,53.161095,8.638586,5.83,12
08/26/2021,11:05:51,1.00,53.161079,8.638628,6.09,12
08/26/2021,11:05:52,1.20,53.161072,8.638651,5.98,12
08/26/2021,11:05:53,1.20,53.161068,8.638673,5.82,12
08/26/2021,11:05:54,1.20,53.161060,8.638695,6.06,12
08/26/2021,11:05:55,1.20,53.161053,8.638717,5.89,12
08/26/2021,11:05:57,1.20,53.161037,8.638758,5.26,12
08/26/2021,11:05:58,1.20,53.161030,8.638777,5.83,12
08/26/2021,11:05:59,1.20,53.161018,8.638797,5.89,12
08/26/2021,11:06:00,1.20,53.161011,8.638814,5.17,12
08/26/2021,11:06:01,1.20,53.160999,8.638833,6.26,12
08/26/2021,11:06:03,1.20,53.160984,8.638874,6.11,12
08/26/2021,11:06:04,1.20,53.160976,8.638895,5.78,12
08/26/2021,11:06:05,1.20,53.160973,8.638913,4.59,12
08/26/2021,11:06:06,1.20,53.160969,8.638931,4.46,12
08/26/2021,11:06:07,1.20,53.160965,8.638950,4.82,12
08/26/2021,11:06:09,1.00,53.160954,8.638980,4.09,12
08/26/2021,11:06:10,1.00,53.160954,8.638995,3.69,12
08/26/2021,11:06:11,1.00,53.160950,8.639009,3.56,12
08/26/2021,11:06:12,0.80,53.160954,8.639022,3.44,12
08/26/2021,11:06:13,0.80,53.160954,8.639036,3.44,12
08/26/2021,11:06:15,0.40,53.160961,8.639056,2.93,12
08/26/2021,11:06:16,0.40,53.160961,8.639066,2.41,12
08/26/2021,11:06:17,0.40,53.160961,8.639072,1.91,12
08/26/2021,11:06:18,0.40,53.160965,8.639078,1.39,12
08/26/2021,11:06:19,0.40,53.160965,8.639082,1.37,12
08/26/2021,11:06:21,0.40,53.160976,8.639078,3.09,12
08/26/2021,11:06:22,0.40,53.160980,8.639067,3.54,12
08/26/2021,11:06:23,0.40,53.160984,8.639058,2.28,12
08/26/2021,11:06:24,0.40,53.160988,8.639050,1.91,12
08/26/2021,11:06:25,0.00,53.160988,8.639044,1.96,12
08/26/2021,11:06:27,0.00,53.160995,8.639021,4.56,12
08/26/2021,11:06:28,0.60,53.161003,8.639006,4.52,12
08/26/2021,11:06:29,0.60,53.161011,8.638990,5.00,12
08/26/2021,11:06:30,0.00,53.161018,8.638973,5.74,12
08/26/2021,11:06:31,0.00,53.161026,8.638956,5.37,12
08/26/2021,11:06:33,1.10,53.161041,8.638921,5.46,12
08/26/2021,11:06:34,1.10,53.161049,8.638905,4.94,12
08/26/2021,11:06:35,1.20,53.161057,8.638889,5.20,12
08/26/2021,11:06:36,1.20,53.161068,8.638876,4.85,12
08/26/2021,11:06:37,1.20,53.161079,8.638868,5.02,12
08/26/2021,11:06:39,1.20,53.161098,8.638872,5.32,12
08/26/2021,11:06:40,1.20,53.161114,8.638884,6.00,12
08/26/2021,11:06:41,1.20,53.161129,8.638899,7.43,12
08/26/2021,11:06:42,1.20,53.161144,8.638907,6.37,12
08/26/2021,11:06:43,1.20,53.161156,8.638907,6.06,12
08/26/2021,11:06:45,1.20,53.161186,8.638897,6.30,12
08/26/2021,11:06:46,1.20,53.161201,8.638888,6.48,12
08/26/2021,11:06:47,1.20,53.161217,8.638880,6.52,12
08/26/2021,11:06:48,1.10,53.161232,8.638872,6.61,12
08/26/2021,11:06:50,1.10,53.161263,8.638863,6.22,12
08/26/2021,11:06:51,1.00,53.161278,8.638861,6.82,12
08/26/2021,11:06:52,1.00,53.161297,8.638859,6.37,12
08/26/2021,11:06:53,1.00,53.161308,8.638860,4.20,12
08/26/2021,11:06:54,0.80,53.161320,8.638863,4.26,12
08/26/2021,11:06:56,0.80,53.161339,8.638875,4.20,12
08/26/2021,11:06:57,0.80,53.161350,8.638887,4.83,12
08/26/2021,11:06:58,0.80,53.161362,8.638903,5.94,12
08/26/2021,11:06:59,0.80,53.161373,8.638918,4.82,12
08/26/2021,11:07:01,0.80,53.161392,8.638947,5.07,12
08/26/2021,11:07:02,0.80,53.161404,8.638963,5.46,12
08/26/2021,11:07:03,0.80,53.161411,8.638978,5.32,12
08/26/2021,11:07:04,0.80,53.161423,8.638992,5.39,12
08/26/2021,11:07:05,0.80,53.161434,8.639007,5.28,12
08/26/2021,11:07:06,0.80,53.161446,8.639020,4.98,12
08/26/2021,11:07:08,0.80,53.161465,8.639049,5.19,12
08/26/2021,11:07:09,0.80,53.161476,8.639064,5.09,12
08/26/2021,11:07:10,0.80,53.161488,8.639079,5.13,12
08/26/2021,11:07:11,0.80,53.161495,8.639093,5.17,12
08/26/2021,11:07:12,0.80,53.161507,8.639109,5.57,12
08/26/2021,11:07:14,0.80,53.161526,8.639137,5.13,12
08/26/2021,11:07:15,0.80,53.161533,8.639153,5.44,12
08/26/2021,11:07:16,0.80,53.161545,8.639167,5.33,12
08/26/2021,11:07:17,0.80,53.161556,8.639181,5.09,12
08/26/2021,11:07:18,0.80,53.161564,8.639195,4.82,12
08/26/2021,11:07:20,0.80,53.161579,8.639222,4.30,12
08/26/2021,11:07:21,0.80,53.161591,8.639237,5.20,12
08/26/2021,11:07:22,0.80,53.161598,8.639253,4.78,12
08/26/2021,11:07:23,0.80,53.161606,8.639269,5.13,12
08/26/2021,11:07:24,0.80,53.161613,8.639285,4.98,12
08/26/2021,11:07:26,0.80,53.161629,8.639318,5.69,12
08/26/2021,11:07:27,0.80,53.161636,8.639335,4.69,12
08/26/2021,11:07:28,0.80,53.161644,8.639350,5.00,12
08/26/2021,11:07:29,0.80,53.161655,8.639364,5.00,12
08/26/2021,11:07:30,0.80,53.161663,8.639375,4.72,12
08/26/2021,11:07:31,0.80,53.161674,8.639384,4.32,12
08/26/2021,11:07:33,0.80,53.161694,8.639399,4.76,12
08/26/2021,11:07:34,0.80,53.161705,8.639404,4.24,12
08/26/2021,11:07:35,0.80,53.161713,8.639408,4.22,12
08/26/2021,11:07:36,0.80,53.161724,8.639411,4.61,12
08/26/2021,11:07:37,0.80,53.161736,8.639413,4.11,12
08/26/2021,11:07:39,0.60,53.161755,8.639416,4.13,12
08/26/2021,11:07:40,0.60,53.161762,8.639416,4.02,12
08/26/2021,11:07:41,0.60,53.161770,8.639416,3.17,12
08/26/2021,11:07:42,0.60,53.161777,8.639416,2.94,12
08/26/2021,11:07:43,0.60,53.161781,8.639414,2.96,12
08/26/2021,11:07:44,0.60,53.161789,8.639411,3.57,12
08/26/2021,11:07:46,0.60,53.161800,8.639385,4.17,12
08/26/2021,11:07:47,0.60,53.161804,8.639372,3.32,12
08/26/2021,11:07:48,0.40,53.161808,8.639362,2.91,12
08/26/2021,11:07:49,0.40,53.161808,8.639353,2.20,12
08/26/2021,11:07:50,0.40,53.161808,8.639346,1.48,12
08/26/2021,11:07:52,0.40,53.161808,8.639343,0.02,12
08/26/2021,11:07:53,0.40,53.161808,8.639343,0.30,12
08/26/2021,11:07:54,0.40,53.161808,8.639343,0.28,12
08/26/2021,11:07:55,0.40,53.161808,8.639345,0.02,12
08/26/2021,11:07:56,0.40,53.161808,8.639345,0.13,12
